2015-02-24 15:52:01,116 [DEBUG] 	/afs/cern.ch/cms/ccs/wm/scripts/Crab/CRAB_2_11_1_patch1/python/crab.py -create

2015-02-24 15:52:01,116 [INFO] 	Version 2.11.1_patch1 running on Tue Feb 24 15:52:01 2015 CET (14:52:01 UTC)

crab. Working options:
	scheduler           remoteGlidein
	job type            CMSSW
	server              OFF
	working directory   /afs/cern.ch/user/k/ksung/public/Production/phys14test/CMSSW_7_2_2_patch1/src/BaconProd/crab/ggH125/crab_0_150224_155200/

2015-02-24 15:52:01,117 [DEBUG] 	Downloading file [http://cmsdoc.cern.ch/cms/LCG/crab/config/] to [/afs/cern.ch/user/k/ksung/.cms_crab/allowed_releases.conf].
2015-02-24 15:52:01,141 [DEBUG] 	/afs/cern.ch/user/k/ksung/.cms_crab/0_GET_allowed_releases.conf expired, refreshing cache
2015-02-24 15:52:01,141 [DEBUG] 	getData: 
	url: /cms/LCG/crab/config/allowed_releases.conf
	data: {}
2015-02-24 15:52:01,448 [DEBUG] 	Input whitelist: 
2015-02-24 15:52:01,448 [DEBUG] 	Input blacklist: T0, T1
2015-02-24 15:52:01,497 [DEBUG] 	/afs/cern.ch/user/k/ksung/.cms_sitedbcache/0_GET_site-names.json expired, refreshing cache
2015-02-24 15:52:01,497 [DEBUG] 	getData: 
	url: /sitedb/data/prod/site-names
	data: {}
2015-02-24 15:52:04,294 [DEBUG] 	/afs/cern.ch/user/k/ksung/.cms_sitedbcache/0_GET_site-resources.json expired, refreshing cache
2015-02-24 15:52:04,295 [DEBUG] 	getData: 
	url: /sitedb/data/prod/site-resources
	data: {}
2015-02-24 15:52:06,912 [DEBUG] 	Converted whitelist: 
2015-02-24 15:52:06,913 [DEBUG] 	Converted blacklist: srm-cms.cern.ch, cmssrm.fnal.gov, srm-cms.gridpp.rl.ac.uk, srm-cms.jinr-t1.ru, cmssrm-kit.gridka.de, storm-fe-cms.cr.cnaf.infn.it, cmssrmdisk.fnal.gov, srmcms.pic.es, srm-cms-disk.gridpp.rl.ac.uk, ccsrm.in2p3.fr, srm-eoscms.cern.ch
2015-02-24 15:52:12,145 [INFO] 	Your proxy will expire in:
	0 hours 00 minutes 00 seconds

2015-02-24 15:52:15,330 [DEBUG] 	MyProxy delegation:
eval `scram unsetenv -sh`; export GT_PROXY_MODE=rfc; myproxy-init -d -n -s myproxy.cern.ch
2015-02-24 15:52:15,331 [DEBUG] 	Downloading file [http://cmsdoc.cern.ch/cms/LCG/crab/config/] to [/afs/cern.ch/user/k/ksung/.cms_crab/site_black_list.conf].
2015-02-24 15:52:15,332 [DEBUG] 	/afs/cern.ch/user/k/ksung/.cms_crab/0_GET_site_black_list.conf expired, refreshing cache
2015-02-24 15:52:15,332 [DEBUG] 	getData: 
	url: /cms/LCG/crab/config/site_black_list.conf
	data: {}
2015-02-24 15:52:15,382 [DEBUG] 	Enforced black list: TAPE,srm-cms.cern.ch,cmssrm.fnal.gov,T1_RU,T1_TW,cmseos.fnal.gov,cmsdca2.fnal.gov,T2_PK_NCP,T3_US_Vanderbilt_EC2
 
2015-02-24 15:52:18,492 [DEBUG] 	/afs/cern.ch/user/k/ksung/.cms_sitedbcache/0_GET_people.json expired, refreshing cache
2015-02-24 15:52:18,493 [DEBUG] 	getData: 
	url: /sitedb/data/prod/people
	data: {}
2015-02-24 15:52:19,328 [DEBUG] 	Linux lxplus0159.cern.ch 2.6.32-504.8.1.el6.x86_64 #1 SMP Wed Jan 28 08:50:46 CET 2015 x86_64 x86_64 x86_64 GNU/Linux
 
Used properties:
Linux lxplus0159.cern.ch 2.6.32-504.8.1.el6.x86_64 #1 SMP Wed Jan 28 08:50:46 CET 2015 x86_64 x86_64 x86_64 GNU/Linux
 
Used properties:
   CMSSW.datasetpath : /GluGluToHToGG_M-125_13TeV-powheg-pythia6/Phys14DR-PU20bx25_tsg_PHYS14_25_V1-v1/AODSIM
   CMSSW.events_per_job : 10000
   CMSSW.output_file : Output.root
   CMSSW.pset : makingBacon_MC.py
   CMSSW.total_number_of_events : -1
   CRAB.create : 
   CRAB.jobtype : cmssw
   CRAB.scheduler : remoteGlidein
   CRAB.use_server : 0
   GRID.rb : CERN
   GRID.se_black_list : T0,T1
   USER.copy_data : 1
   USER.return_data : 0
   USER.storage_element : srm-eoscms.cern.ch
   USER.storage_path : /srm/v2/server?SFN=/eos/cms/store
   USER.user_remote_dir : /user/ksung/production/phys14test/Phys14-PU20bx25_GluGluToHToGG_M-125/
End of used properties.

2015-02-24 15:52:19,329 [DEBUG] 	Downloading file [http://cmsdoc.cern.ch/cms/LCG/crab/config/] to [/afs/cern.ch/user/k/ksung/.cms_crab/site_black_list.conf].
2015-02-24 15:52:19,329 [DEBUG] 	Enforced black list: TAPE,srm-cms.cern.ch,cmssrm.fnal.gov,T1_RU,T1_TW,cmseos.fnal.gov,cmsdca2.fnal.gov,T2_PK_NCP,T3_US_Vanderbilt_EC2 
2015-02-24 15:52:19,329 [INFO] 	PSN black list: T0,T1,TAPE,srm-cms.cern.ch,cmssrm.fnal.gov,T1_RU,T1_TW,cmseos.fnal.gov,cmsdca2.fnal.gov,T2_PK_NCP,T3_US_Vanderbilt_EC2
2015-02-24 15:52:20,133 [DEBUG] 	CMSSW::__init__
2015-02-24 15:52:20,133 [DEBUG] 	Scram::Scram() version is 2
2015-02-24 15:52:20,133 [DEBUG] 	Scram::Scram() arch is slc6_amd64_gcc481
2015-02-24 15:52:20,133 [DEBUG] 	Downloading file [https://cmssdt.cern.ch/SDT/cgi-bin] to [/afs/cern.ch/user/k/ksung/.cms_crab/ReleasesXML?anytype=1].
2015-02-24 15:52:20,144 [DEBUG] 	/afs/cern.ch/user/k/ksung/.cms_crab/0_GET_ReleasesXML?anytype=1 expired, refreshing cache
2015-02-24 15:52:20,144 [DEBUG] 	getData: 
	url: /SDT/cgi-bin/ReleasesXML?anytype=1
	data: {}
2015-02-24 15:52:20,725 [INFO] 	Contacting Data Discovery Services ...
2015-02-24 15:52:20,725 [INFO] 	Accessing DBS at: https://cmsweb.cern.ch/dbs/prod/global/DBSReader
2015-02-24 15:52:21,321 [INFO] 	DBS3 lookup took  0.41 sec
2015-02-24 15:52:21,330 [INFO] 	Datatype is mc
2015-02-24 15:52:21,332 [DEBUG] 	Retrieve block locations with
curl -ks --cert $X509_USER_PROXY --key $X509_USER_PROXY "https://cmsweb.cern.ch/phedex/datasvc/json/prod/BlockReplicaSummary?dataset=/GluGluToHToGG_M-125_13TeV-powheg-pythia6/Phys14DR-PU20bx25_tsg_PHYS14_25_V1-v1/AODSIM&complete=y"
2015-02-24 15:52:21,708 [DEBUG] 	Retrieve PNNs type with
curl -ks --cert $X509_USER_PROXY --key $X509_USER_PROXY "https://cmsweb.cern.ch/phedex/datasvc/cjson/prod/nodes"
2015-02-24 15:52:22,049 [INFO] 	Requested dataset: /GluGluToHToGG_M-125_13TeV-powheg-pythia6/Phys14DR-PU20bx25_tsg_PHYS14_25_V1-v1/AODSIM has 99196 events in 2 blocks.

2015-02-24 15:52:22,426 [DEBUG] 	Job splitting method: EventBased
2015-02-24 15:52:22,427 [DEBUG] 	Events in Block File 70198
2015-02-24 15:52:22,427 [DEBUG] 	Events in Block File 28998
2015-02-24 15:52:22,428 [DEBUG] 	
Job 9 can run over 10000 events.
Job 9 Destination: ['T1_FR_CCIN2P3', 'T2_US_Nebraska']
Job 10 can run over 10000 events.
Job 10 Destination: ['T1_FR_CCIN2P3', 'T2_US_Nebraska']
Job 11 can run over 8998 events.
Job 11 Destination: ['T1_FR_CCIN2P3', 'T2_US_Nebraska']

2015-02-24 15:52:22,428 [INFO] 	11 job(s) can run on 99196 events.

2015-02-24 15:52:22,464 [INFO] 	List of jobs and available destination sites:

Block     1: jobs                  1-8: sites: T1_FR_CCIN2P3, T2_US_Nebraska
Block     2: jobs                 9-11: sites: T1_FR_CCIN2P3, T2_US_Nebraska

2015-02-24 15:52:22,548 [DEBUG] 	PsetManipulator::__init__: PSet file = makingBacon_MC.py
2015-02-24 15:52:26,218 [DEBUG] 	Exe /cvmfs/cms.cern.ch/slc6_amd64_gcc481/cms/cmssw/CMSSW_7_2_2/bin/slc6_amd64_gcc481/cmsRun to be tarred
2015-02-24 15:52:26,539 [DEBUG] 	lib /afs/cern.ch/user/k/ksung/public/Production/phys14test/CMSSW_7_2_2_patch1/lib to be tarred
2015-02-24 15:52:29,360 [DEBUG] 	data BaconProd/Utils/data to be tarred
2015-02-24 15:52:29,605 [DEBUG] 	data BaconAna/DataFormats/data to be tarred
2015-02-24 15:52:30,196 [DEBUG] 	Creator: JobType CMSSW created
2015-02-24 15:52:30,196 [DEBUG] 	Creator: total # of jobs = 11
2015-02-24 15:52:30,196 [DEBUG] 	Creator constructor finished
2015-02-24 15:52:30,706 [DEBUG] 	Creator::run() called
2015-02-24 15:52:30,708 [DEBUG] 	Scram::Scram() version is 2
2015-02-24 15:52:30,708 [DEBUG] 	Scram::Scram() arch is slc6_amd64_gcc481
2015-02-24 15:52:31,475 [INFO] 	output files will be staged at srm-eoscms.cern.ch
       with LFN's starting with = /user/ksung/production/phys14test/Phys14-PU20bx25_GluGluToHToGG_M-125/
2015-02-24 15:52:31,560 [INFO] 	Checking remote location
2015-02-24 15:52:31,560 [DEBUG] 	protocol = srm-lcg
endpoint = srm://srm-eoscms.cern.ch:8443/srm/v2/server?SFN=/eos/cms/store//user/ksung/production/phys14test/Phys14-PU20bx25_GluGluToHToGG_M-125/

2015-02-24 15:52:32,026 [DEBUG] 	Command:	eval `scram unsetenv -sh` ; lcg-ls -d -b -D srmv2 srm://srm-eoscms.cern.ch:8443/srm/v2/server?SFN=/eos/cms/store//user/ksung/production/phys14test/Phys14-PU20bx25_GluGluToHToGG_M-125/
2015-02-24 15:52:32,026 [DEBUG] 	ExitCode:	1
2015-02-24 15:52:32,026 [DEBUG] 	Output:	/eos/cms/store//user/ksung/production/phys14test/Phys14-PU20bx25_GluGluToHToGG_M-125/: [SE][Ls][SRM_INVALID_PATH] No such file or directory.

2015-02-24 15:52:32,188 [INFO] 	Creating 11 jobs, please wait...
2015-02-24 15:52:32,188 [DEBUG] 	Creation Time: 1.48134016991
2015-02-24 15:52:32,188 [INFO] 	Total of 11 jobs created.

2015-02-24 15:52:44,446 [DEBUG] 	/afs/cern.ch/cms/ccs/wm/scripts/Crab/CRAB_2_11_1_patch1/python/crab.py -submit

2015-02-24 15:52:44,446 [INFO] 	Version 2.11.1_patch1 running on Tue Feb 24 15:52:44 2015 CET (14:52:44 UTC)

crab. Working options:
	scheduler           remoteGlidein
	job type            CMSSW
	server              OFF
	working directory   /afs/cern.ch/user/k/ksung/public/Production/phys14test/CMSSW_7_2_2_patch1/src/BaconProd/crab/ggH125/crab_0_150224_155200/

2015-02-24 15:52:44,446 [DEBUG] 	Downloading file [http://cmsdoc.cern.ch/cms/LCG/crab/config/] to [/afs/cern.ch/user/k/ksung/.cms_crab/allowed_releases.conf].
2015-02-24 15:52:44,474 [DEBUG] 	Input whitelist: 
2015-02-24 15:52:44,474 [DEBUG] 	Input blacklist: T0, T1
2015-02-24 15:52:44,480 [DEBUG] 	Converted whitelist: 
2015-02-24 15:52:44,481 [DEBUG] 	Converted blacklist: srm-cms.cern.ch, cmssrm.fnal.gov, srm-cms.gridpp.rl.ac.uk, srm-cms.jinr-t1.ru, cmssrm-kit.gridka.de, storm-fe-cms.cr.cnaf.infn.it, cmssrmdisk.fnal.gov, srmcms.pic.es, srm-cms-disk.gridpp.rl.ac.uk, ccsrm.in2p3.fr, srm-eoscms.cern.ch
2015-02-24 15:52:46,254 [DEBUG] 	Downloading file [http://cmsdoc.cern.ch/cms/LCG/crab/config/] to [/afs/cern.ch/user/k/ksung/.cms_crab/site_black_list.conf].
2015-02-24 15:52:46,254 [DEBUG] 	Enforced black list: TAPE,srm-cms.cern.ch,cmssrm.fnal.gov,T1_RU,T1_TW,cmseos.fnal.gov,cmsdca2.fnal.gov,T2_PK_NCP,T3_US_Vanderbilt_EC2
 
2015-02-24 15:52:48,569 [DEBUG] 	Downloading file [http://cmsdoc.cern.ch/cms/LCG/crab/config/] to [/afs/cern.ch/user/k/ksung/.cms_crab/site_black_list.conf].
2015-02-24 15:52:48,570 [DEBUG] 	Enforced black list: TAPE,srm-cms.cern.ch,cmssrm.fnal.gov,T1_RU,T1_TW,cmseos.fnal.gov,cmsdca2.fnal.gov,T2_PK_NCP,T3_US_Vanderbilt_EC2 
2015-02-24 15:52:48,570 [INFO] 	PSN black list: T0,T1,TAPE,srm-cms.cern.ch,cmssrm.fnal.gov,T1_RU,T1_TW,cmseos.fnal.gov,cmsdca2.fnal.gov,T2_PK_NCP,T3_US_Vanderbilt_EC2
2015-02-24 15:52:48,586 [DEBUG] 	parseRange_ None
2015-02-24 15:52:48,595 [DEBUG] 	Scram::Scram() version is 2
2015-02-24 15:52:48,595 [DEBUG] 	Scram::Scram() arch is slc6_amd64_gcc481
2015-02-24 15:52:48,600 [DEBUG] 	Submitter::run() called
2015-02-24 15:52:48,605 [DEBUG] 	nsjobs -1
2015-02-24 15:52:48,605 [DEBUG] 	Total jobs 11
2015-02-24 15:52:48,610 [DEBUG] 	nj_list [1, 2, 3, 4, 5, 6, 7, 8, 9, 10, 11]
2015-02-24 15:52:49,276 [DEBUG] 	GRIDNAME: /DC=ch/DC=cern/OU=Organic Units/OU=Users/CN=ksung/CN=671305/CN=Kevin Kai Hong Sung 
2015-02-24 15:52:50,423 [DEBUG] 	Submission DashBoard Pre-Submission report: {'ApplicationVersion': 'CMSSW_7_2_2_patch1', 'taskId': 'ksung_crab_0_150224_155200_27i5ao', 'resubmitter': 'user', 'tool': 'crab2', 'vo': 'cms', 'tool_ui': 'lxplus0159.cern.ch', 'JSToolVersion': '2.11.1_patch1', 'user': 'ksung', 'scheduler': 'GLIDEIN', 'taskType': 'analysis', 'CMSUser': 'ksung', 'jobId': 'TaskMeta', 'datasetFull': '/GluGluToHToGG_M-125_13TeV-powheg-pythia6/Phys14DR-PU20bx25_tsg_PHYS14_25_V1-v1/AODSIM', 'exe': 'cmsRun', 'GridName': '/DC=ch/DC=cern/OU=Organic Units/OU=Users/CN=ksung/CN=671305/CN=Kevin Kai Hong Sung', 'SubmissionType': 'direct'}
2015-02-24 15:52:50,424 [INFO] 	Checking available resources...
2015-02-24 15:52:50,430 [INFO] 	Found  compatible site(s) for job 1
2015-02-24 15:52:50,431 [INFO] 	1 blocks of jobs will be submitted
2015-02-24 15:52:50,431 [DEBUG] 	Delegating proxy 
2015-02-24 15:52:50,431 [DEBUG] 	Submitting jobs [1, 2, 3, 4, 5, 6, 7, 8, 9, 10, 11]
2015-02-24 15:52:50,543 [DEBUG] 	Calling ServerConfig default
2015-02-24 15:52:50,543 [DEBUG] 	getting serverlist from web
2015-02-24 15:52:50,543 [DEBUG] 	Downloading file [http://cmsdoc.cern.ch/cms/LCG/crab/config/] to [/afs/cern.ch/user/k/ksung/.cms_crab/AvailableServerList].
2015-02-24 15:52:50,544 [DEBUG] 	/afs/cern.ch/user/k/ksung/.cms_crab/0_GET_AvailableServerList expired, refreshing cache
2015-02-24 15:52:50,544 [DEBUG] 	getData: 
	url: /cms/LCG/crab/config/AvailableServerList
	data: {}
2015-02-24 15:52:50,585 [DEBUG] 	All avaialble servers: [['cern_vocms20', '2.8.4-', 'remoteGlidein'], ['unl_hcc-crabserver', '2.8.4-', 'remoteGlidein']]
2015-02-24 15:52:50,585 [DEBUG] 	All avaialble servers compatible with 2.11.1_patch1: ['cern_vocms20', 'unl_hcc-crabserver']
2015-02-24 15:52:50,585 [DEBUG] 	Avaialble servers: ['cern_vocms20', 'unl_hcc-crabserver'] choosen: cern_vocms20
2015-02-24 15:52:50,586 [DEBUG] 	Downloading file [http://cmsdoc.cern.ch/cms/LCG/crab/config/] to [/afs/cern.ch/user/k/ksung/.cms_crab/server_cern_vocms20.conf].
2015-02-24 15:52:50,586 [DEBUG] 	/afs/cern.ch/user/k/ksung/.cms_crab/0_GET_server_cern_vocms20.conf expired, refreshing cache
2015-02-24 15:52:50,586 [DEBUG] 	getData: 
	url: /cms/LCG/crab/config/server_cern_vocms20.conf
	data: {}
2015-02-24 15:52:50,659 [INFO] 	remotehost from Avail.List = vocms20.cern.ch
2015-02-24 15:52:50,730 [INFO] 	list of PSN's for submission: T2_US_Nebraska
2015-02-24 15:52:50,730 [DEBUG] 	Scram::Scram() version is 2
2015-02-24 15:52:50,732 [DEBUG] 	Scram::Scram() arch is slc6_amd64_gcc481
2015-02-24 15:52:51,500 [INFO] 	contacting remote host vocms20.cern.ch
2015-02-24 15:52:52,570 [DEBUG] 	Execute command :
eval `scram unsetenv -sh`;  gsissh  -o ControlMaster=auto -o ControlPath=/tmp/ksung/.ssh/ssh-link--2939706-vocms20.cern.ch -o BatchMode=yes -o StrictHostKeyChecking=no -o ForwardX11=no vocms20.cern.ch  "sleep 3600"
2015-02-24 15:52:52,573 [INFO] 	Establishing gsissh ControlPath. Wait 2 sec ...
2015-02-24 15:52:54,576 [INFO] 	Establishing gsissh ControlPath. Wait 2 sec ...
2015-02-24 15:52:56,578 [INFO] 	Establishing gsissh ControlPath. Wait 2 sec ...
2015-02-24 15:52:58,582 [INFO] 	COPY FILES TO REMOTE HOST
2015-02-24 15:52:58,583 [DEBUG] 	Execute command :
eval `scram unsetenv -sh`;  gsissh -o ControlMaster=auto -o ControlPath=/tmp/ksung/.ssh/ssh-link--2939706-vocms20.cern.ch -o BatchMode=yes -o StrictHostKeyChecking=no -o ForwardX11=no vocms20.cern.ch  mkdir -p ksung_crab_0_150224_155200_27i5ao
2015-02-24 15:52:58,913 [DEBUG] 	Status,output= 0,
2015-02-24 15:52:58,913 [DEBUG] 	Execute command :
gsiscp -o ControlMaster=auto -o ControlPath=/tmp/ksung/.ssh/ssh-link--2939706-vocms20.cern.ch -o BatchMode=yes -o StrictHostKeyChecking=no -o ForwardX11=no /afs/cern.ch/user/k/ksung/public/Production/phys14test/CMSSW_7_2_2_patch1/src/BaconProd/crab/ggH125/crab_0_150224_155200/share/default.tgz /afs/cern.ch/user/k/ksung/public/Production/phys14test/CMSSW_7_2_2_patch1/src/BaconProd/crab/ggH125/crab_0_150224_155200/share/arguments.xml /afs/cern.ch/user/k/ksung/public/Production/phys14test/CMSSW_7_2_2_patch1/src/BaconProd/crab/ggH125/crab_0_150224_155200/job/CMSSW.sh /afs/cern.ch/user/k/ksung/public/Production/phys14test/CMSSW_7_2_2_patch1/src/BaconProd/crab/ggH125/crab_0_150224_155200/share//ksung_crab_0_150224_155200_27i5ao_job11.jdl /tmp/x509up_u25312 vocms20.cern.ch:ksung_crab_0_150224_155200_27i5ao
2015-02-24 15:52:59,310 [DEBUG] 	Status,output= 0,
2015-02-24 15:52:59,310 [INFO] 	SUBMIT TO REMOTE GLIDEIN FRONTEND
2015-02-24 15:52:59,310 [DEBUG] 	Execute command :
eval `scram unsetenv -sh`;  gsissh -o ControlMaster=auto -o ControlPath=/tmp/ksung/.ssh/ssh-link--2939706-vocms20.cern.ch -o BatchMode=yes -o StrictHostKeyChecking=no -o ForwardX11=no vocms20.cern.ch "cd ksung_crab_0_150224_155200_27i5ao;  condor_submit  ksung_crab_0_150224_155200_27i5ao_job11.jdl; echo 'CONDOR_SUBMIT-EXIT-STATUS IS' \$?"
2015-02-24 15:52:59,920 [DEBUG] 	Status,output= 0,Submitting job(s)...........
11 job(s) submitted to cluster 1939922.
CONDOR_SUBMIT-EXIT-STATUS IS 0
2015-02-24 15:52:59,921 [DEBUG] 	Returning {u'ksung_crab_0_150224_155200_27i5ao_job3': 'vocms20.cern.ch//150224//1939922.2', u'ksung_crab_0_150224_155200_27i5ao_job2': 'vocms20.cern.ch//150224//1939922.1', u'ksung_crab_0_150224_155200_27i5ao_job1': 'vocms20.cern.ch//150224//1939922.0', u'ksung_crab_0_150224_155200_27i5ao_job7': 'vocms20.cern.ch//150224//1939922.6', u'ksung_crab_0_150224_155200_27i5ao_job6': 'vocms20.cern.ch//150224//1939922.5', u'ksung_crab_0_150224_155200_27i5ao_job5': 'vocms20.cern.ch//150224//1939922.4', u'ksung_crab_0_150224_155200_27i5ao_job4': 'vocms20.cern.ch//150224//1939922.3', u'ksung_crab_0_150224_155200_27i5ao_job9': 'vocms20.cern.ch//150224//1939922.8', u'ksung_crab_0_150224_155200_27i5ao_job8': 'vocms20.cern.ch//150224//1939922.7', u'ksung_crab_0_150224_155200_27i5ao_job11': 'vocms20.cern.ch//150224//1939922.10', u'ksung_crab_0_150224_155200_27i5ao_job10': 'vocms20.cern.ch//150224//1939922.9'}
ksung_crab_0_150224_155200_27i5ao
lxplus0159.cern.ch
2015-02-24 15:53:00,010 [DEBUG] 	WMS : lxplus0159.cern.ch
Collection ID : ksung_crab_0_150224_155200_27i5ao
2015-02-24 15:53:00,014 [DEBUG] 	Submitted job # 1
2015-02-24 15:53:00,014 [DEBUG] 	Submitted job # 2
2015-02-24 15:53:00,014 [DEBUG] 	Submitted job # 3
2015-02-24 15:53:00,014 [DEBUG] 	Submitted job # 4
2015-02-24 15:53:00,014 [DEBUG] 	Submitted job # 5
2015-02-24 15:53:00,014 [DEBUG] 	Submitted job # 6
2015-02-24 15:53:00,014 [DEBUG] 	Submitted job # 7
2015-02-24 15:53:00,014 [DEBUG] 	Submitted job # 8
2015-02-24 15:53:00,014 [DEBUG] 	Submitted job # 9
2015-02-24 15:53:00,014 [DEBUG] 	Submitted job # 10
2015-02-24 15:53:00,014 [DEBUG] 	Submitted job # 11
2015-02-24 15:53:00,085 [DEBUG] 	Updating [[1, 2, 3, 4, 5, 6, 7, 8, 9, 10, 11]] state SubSuccess
2015-02-24 15:53:00,742 [DEBUG] 	GRIDNAME: /DC=ch/DC=cern/OU=Organic Units/OU=Users/CN=ksung/CN=671305/CN=Kevin Kai Hong Sung 
2015-02-24 15:53:01,831 [DEBUG] 	Submission Time: 13.230661869
2015-02-24 15:53:01,831 [INFO] 	Total of 11 jobs submitted.
2015-02-24 16:10:21,886 [DEBUG] 	/afs/cern.ch/cms/ccs/wm/scripts/Crab/CRAB_2_11_1_patch1/python/crab.py -status

2015-02-24 16:10:21,886 [INFO] 	Version 2.11.1_patch1 running on Tue Feb 24 16:10:21 2015 CET (15:10:21 UTC)

crab. Working options:
	scheduler           remoteGlidein
	job type            CMSSW
	server              OFF
	working directory   /afs/cern.ch/user/k/ksung/public/Production/phys14test/CMSSW_7_2_2_patch1/src/BaconProd/crab/ggH125/crab_0_150224_155200/

2015-02-24 16:10:21,887 [DEBUG] 	Downloading file [http://cmsdoc.cern.ch/cms/LCG/crab/config/] to [/afs/cern.ch/user/k/ksung/.cms_crab/allowed_releases.conf].
2015-02-24 16:10:22,157 [DEBUG] 	Input whitelist: 
2015-02-24 16:10:22,157 [DEBUG] 	Input blacklist: T0, T1
2015-02-24 16:10:22,184 [DEBUG] 	Converted whitelist: 
2015-02-24 16:10:22,184 [DEBUG] 	Converted blacklist: srm-cms.cern.ch, cmssrm.fnal.gov, srm-cms.gridpp.rl.ac.uk, srm-cms.jinr-t1.ru, cmssrm-kit.gridka.de, storm-fe-cms.cr.cnaf.infn.it, cmssrmdisk.fnal.gov, srmcms.pic.es, srm-cms-disk.gridpp.rl.ac.uk, ccsrm.in2p3.fr, srm-eoscms.cern.ch
2015-02-24 16:10:25,271 [DEBUG] 	Downloading file [http://cmsdoc.cern.ch/cms/LCG/crab/config/] to [/afs/cern.ch/user/k/ksung/.cms_crab/site_black_list.conf].
2015-02-24 16:10:25,279 [DEBUG] 	Enforced black list: TAPE,srm-cms.cern.ch,cmssrm.fnal.gov,T1_RU,T1_TW,cmseos.fnal.gov,cmsdca2.fnal.gov,T2_PK_NCP,T3_US_Vanderbilt_EC2
 
2015-02-24 16:10:28,647 [DEBUG] 	Downloading file [http://cmsdoc.cern.ch/cms/LCG/crab/config/] to [/afs/cern.ch/user/k/ksung/.cms_crab/site_black_list.conf].
2015-02-24 16:10:28,647 [DEBUG] 	Enforced black list: TAPE,srm-cms.cern.ch,cmssrm.fnal.gov,T1_RU,T1_TW,cmseos.fnal.gov,cmsdca2.fnal.gov,T2_PK_NCP,T3_US_Vanderbilt_EC2 
2015-02-24 16:10:28,647 [INFO] 	PSN black list: T0,T1,TAPE,srm-cms.cern.ch,cmssrm.fnal.gov,T1_RU,T1_TW,cmseos.fnal.gov,cmsdca2.fnal.gov,T2_PK_NCP,T3_US_Vanderbilt_EC2
2015-02-24 16:10:28,654 [DEBUG] 	Status::run() called
2015-02-24 16:10:28,654 [INFO] 	Checking the status of all jobs: please wait
2015-02-24 16:10:28,726 [INFO] 	contacting remote host vocms20.cern.ch
2015-02-24 16:10:30,401 [DEBUG] 	Execute command :
gsiscp -o ControlMaster=auto -o ControlPath=/tmp/ksung/.ssh/ssh-link--2939706-vocms20.cern.ch -o BatchMode=yes -o StrictHostKeyChecking=no -o ForwardX11=no /tmp/x509up_u25312 vocms20.cern.ch:ksung_crab_0_150224_155200_27i5ao
2015-02-24 16:10:30,677 [DEBUG] 	Status,output= 0,
2015-02-24 16:10:30,678 [DEBUG] 	Execute command :
eval `scram unsetenv -sh`;  gsissh -o ControlMaster=auto -o ControlPath=/tmp/ksung/.ssh/ssh-link--2939706-vocms20.cern.ch -o BatchMode=yes -o StrictHostKeyChecking=no -o ForwardX11=no vocms20.cern.ch  "condor_history -userlog ksung_crab_0_150224_155200_27i5ao/condor.log -xml"
2015-02-24 16:10:31,252 [DEBUG] 	Execute command :
eval `scram unsetenv -sh`;  gsissh -o ControlMaster=auto -o ControlPath=/tmp/ksung/.ssh/ssh-link--2939706-vocms20.cern.ch -o BatchMode=yes -o StrictHostKeyChecking=no -o ForwardX11=no vocms20.cern.ch "cd ksung_crab_0_150224_155200_27i5ao; egrep -H WrapperExitCode\|ExeExitCode crab_fjr_*xml|tr '_.\t\"' ' '|awk '{print \$3\" \"\$7\" \"\$9}'"
2015-02-24 16:10:31,698 [DEBUG] 	Status,output= 0
2 0 WrapperExitCode
2 0 ExeExitCode
3 0 WrapperExitCode
3 0 ExeExitCode
2015-02-24 16:10:32,017 [INFO] 	
ID    END STATUS            ACTION       ExeExitCode JobExitCode E_HOST
----- --- ----------------- ------------  ---------- ----------- ---------
1     N   Running           SubSuccess                           red.unl.edu red.unl.edu
2     N   Done              Terminated    0          0           red.unl.edu red.unl.edu
3     N   Done              Terminated    0          0           red.unl.edu red.unl.edu
4     N   Running           SubSuccess                           red-gw2.unl.edu red-gw2.unl.edu
5     N   Running           SubSuccess                           red-gw2.unl.edu red-gw2.unl.edu
6     N   Running           SubSuccess                           red-gw1.unl.edu red-gw1.unl.edu
7     N   Running           SubSuccess                           red-gw2.unl.edu red-gw2.unl.edu
8     N   Running           SubSuccess                           red-gw2.unl.edu red-gw2.unl.edu
9     N   Running           SubSuccess                           red.unl.edu red.unl.edu
10    N   Running           SubSuccess                           red-gw2.unl.edu red-gw2.unl.edu
--------------------------------------------------------------------------------
11    N   Running           SubSuccess                           red-gw2.unl.edu red-gw2.unl.edu

2015-02-24 16:10:32,031 [INFO] 	ExitCodes Summary
 >>>>>>>>> 2 Jobs with Wrapper Exit Code : 0 
	 List of jobs: 2-3 
	See https://twiki.cern.ch/twiki/bin/view/CMSPublic/JobExitCodes for Exit Code meaning

2015-02-24 16:10:32,042 [INFO] 	 11 Total Jobs 
 >>>>>>>>> 9 Jobs Running 
	List of jobs Running: 1,4-11 
 >>>>>>>>> 2 Jobs Done
	Jobs terminated: retrieve them with: crab -getoutput <List of jobs>
	List of jobs: 2-3 

2015-02-24 16:10:32,051 [INFO] 	You can also follow the status of this task on :
	CMS Dashboard: http://dashb-cms-job-task.cern.ch/taskmon.html#task=ksung_crab_0_150224_155200_27i5ao
	Your task name is: ksung_crab_0_150224_155200_27i5ao 

2015-02-24 16:10:32,052 [DEBUG] 	Status Time: 3.39780592918
2015-02-24 17:23:51,517 [DEBUG] 	/afs/cern.ch/cms/ccs/wm/scripts/Crab/CRAB_2_11_1_patch1/python/crab.py -status

2015-02-24 17:23:51,519 [INFO] 	Version 2.11.1_patch1 running on Tue Feb 24 17:23:51 2015 CET (16:23:51 UTC)

crab. Working options:
	scheduler           remoteGlidein
	job type            CMSSW
	server              OFF
	working directory   /afs/cern.ch/user/k/ksung/public/Production/phys14test/CMSSW_7_2_2_patch1/src/BaconProd/crab/ggH125/crab_0_150224_155200/

2015-02-24 17:23:51,520 [DEBUG] 	Downloading file [http://cmsdoc.cern.ch/cms/LCG/crab/config/] to [/afs/cern.ch/user/k/ksung/.cms_crab/allowed_releases.conf].
2015-02-24 17:23:51,521 [DEBUG] 	/afs/cern.ch/user/k/ksung/.cms_crab/0_GET_allowed_releases.conf expired, refreshing cache
2015-02-24 17:23:51,521 [DEBUG] 	getData: 
	url: /cms/LCG/crab/config/allowed_releases.conf
	data: {}
2015-02-24 17:23:51,641 [DEBUG] 	Input whitelist: 
2015-02-24 17:23:51,641 [DEBUG] 	Input blacklist: T0, T1
2015-02-24 17:23:51,643 [DEBUG] 	/afs/cern.ch/user/k/ksung/.cms_sitedbcache/0_GET_site-names.json expired, refreshing cache
2015-02-24 17:23:51,643 [DEBUG] 	getData: 
	url: /sitedb/data/prod/site-names
	data: {}
2015-02-24 17:23:52,126 [DEBUG] 	/afs/cern.ch/user/k/ksung/.cms_sitedbcache/0_GET_site-resources.json expired, refreshing cache
2015-02-24 17:23:52,126 [DEBUG] 	getData: 
	url: /sitedb/data/prod/site-resources
	data: {}
2015-02-24 17:23:52,550 [DEBUG] 	Converted whitelist: 
2015-02-24 17:23:52,550 [DEBUG] 	Converted blacklist: srm-cms.cern.ch, cmssrm.fnal.gov, srm-cms.gridpp.rl.ac.uk, srm-cms.jinr-t1.ru, cmssrm-kit.gridka.de, storm-fe-cms.cr.cnaf.infn.it, cmssrmdisk.fnal.gov, srmcms.pic.es, srm-cms-disk.gridpp.rl.ac.uk, ccsrm.in2p3.fr, srm-eoscms.cern.ch
2015-02-24 17:23:54,572 [DEBUG] 	Downloading file [http://cmsdoc.cern.ch/cms/LCG/crab/config/] to [/afs/cern.ch/user/k/ksung/.cms_crab/site_black_list.conf].
2015-02-24 17:23:54,573 [DEBUG] 	/afs/cern.ch/user/k/ksung/.cms_crab/0_GET_site_black_list.conf expired, refreshing cache
2015-02-24 17:23:54,573 [DEBUG] 	getData: 
	url: /cms/LCG/crab/config/site_black_list.conf
	data: {}
2015-02-24 17:23:54,577 [DEBUG] 	Enforced black list: TAPE,srm-cms.cern.ch,cmssrm.fnal.gov,T1_RU,T1_TW,cmseos.fnal.gov,cmsdca2.fnal.gov,T2_PK_NCP,T3_US_Vanderbilt_EC2
 
2015-02-24 17:23:56,896 [DEBUG] 	Downloading file [http://cmsdoc.cern.ch/cms/LCG/crab/config/] to [/afs/cern.ch/user/k/ksung/.cms_crab/site_black_list.conf].
2015-02-24 17:23:56,897 [DEBUG] 	Enforced black list: TAPE,srm-cms.cern.ch,cmssrm.fnal.gov,T1_RU,T1_TW,cmseos.fnal.gov,cmsdca2.fnal.gov,T2_PK_NCP,T3_US_Vanderbilt_EC2 
2015-02-24 17:23:56,897 [INFO] 	PSN black list: T0,T1,TAPE,srm-cms.cern.ch,cmssrm.fnal.gov,T1_RU,T1_TW,cmseos.fnal.gov,cmsdca2.fnal.gov,T2_PK_NCP,T3_US_Vanderbilt_EC2
2015-02-24 17:23:56,902 [DEBUG] 	Status::run() called
2015-02-24 17:23:56,902 [INFO] 	Checking the status of all jobs: please wait
2015-02-24 17:23:56,964 [INFO] 	contacting remote host vocms20.cern.ch
2015-02-24 17:23:57,990 [DEBUG] 	Execute command :
eval `scram unsetenv -sh`;  gsissh  -o ControlMaster=auto -o ControlPath=/tmp/ksung/.ssh/ssh-link--2939706-vocms20.cern.ch -o BatchMode=yes -o StrictHostKeyChecking=no -o ForwardX11=no vocms20.cern.ch  "sleep 3600"
2015-02-24 17:23:57,992 [INFO] 	Establishing gsissh ControlPath. Wait 2 sec ...
2015-02-24 17:23:59,997 [INFO] 	Establishing gsissh ControlPath. Wait 2 sec ...
2015-02-24 17:24:01,999 [INFO] 	Establishing gsissh ControlPath. Wait 2 sec ...
2015-02-24 17:24:04,001 [DEBUG] 	Execute command :
gsiscp -o ControlMaster=auto -o ControlPath=/tmp/ksung/.ssh/ssh-link--2939706-vocms20.cern.ch -o BatchMode=yes -o StrictHostKeyChecking=no -o ForwardX11=no /tmp/x509up_u25312 vocms20.cern.ch:ksung_crab_0_150224_155200_27i5ao
2015-02-24 17:24:04,201 [DEBUG] 	Status,output= 0,
2015-02-24 17:24:04,201 [DEBUG] 	Execute command :
eval `scram unsetenv -sh`;  gsissh -o ControlMaster=auto -o ControlPath=/tmp/ksung/.ssh/ssh-link--2939706-vocms20.cern.ch -o BatchMode=yes -o StrictHostKeyChecking=no -o ForwardX11=no vocms20.cern.ch  "condor_history -userlog ksung_crab_0_150224_155200_27i5ao/condor.log -xml"
2015-02-24 17:24:04,627 [DEBUG] 	Execute command :
eval `scram unsetenv -sh`;  gsissh -o ControlMaster=auto -o ControlPath=/tmp/ksung/.ssh/ssh-link--2939706-vocms20.cern.ch -o BatchMode=yes -o StrictHostKeyChecking=no -o ForwardX11=no vocms20.cern.ch "cd ksung_crab_0_150224_155200_27i5ao; egrep -H WrapperExitCode\|ExeExitCode crab_fjr_*xml|tr '_.\t\"' ' '|awk '{print \$3\" \"\$7\" \"\$9}'"
2015-02-24 17:24:04,933 [DEBUG] 	Status,output= 0
10 0 WrapperExitCode
10 0 ExeExitCode
11 0 WrapperExitCode
11 0 ExeExitCode
1 0 WrapperExitCode
1 0 ExeExitCode
2 0 WrapperExitCode
2 0 ExeExitCode
3 0 WrapperExitCode
3 0 ExeExitCode
4 0 WrapperExitCode
4 0 ExeExitCode
5 0 WrapperExitCode
5 0 ExeExitCode
6 0 WrapperExitCode
6 0 ExeExitCode
7 0 WrapperExitCode
7 0 ExeExitCode
8 0 WrapperExitCode
8 0 ExeExitCode
9 0 WrapperExitCode
9 0 ExeExitCode
2015-02-24 17:24:05,189 [INFO] 	
ID    END STATUS            ACTION       ExeExitCode JobExitCode E_HOST
----- --- ----------------- ------------  ---------- ----------- ---------
1     N   Done              Terminated    0          0           red.unl.edu red.unl.edu
2     Y   Done              Terminated    0          0           red.unl.edu red.unl.edu
3     Y   Done              Terminated    0          0           red.unl.edu red.unl.edu
4     N   Done              Terminated    0          0           red-gw2.unl.edu red-gw2.unl.edu
5     N   Done              Terminated    0          0           red-gw2.unl.edu red-gw2.unl.edu
6     N   Done              Terminated    0          0           red-gw1.unl.edu red-gw1.unl.edu
7     N   Done              Terminated    0          0           red-gw2.unl.edu red-gw2.unl.edu
8     N   Done              Terminated    0          0           red-gw2.unl.edu red-gw2.unl.edu
9     N   Done              Terminated    0          0           red.unl.edu red.unl.edu
10    N   Done              Terminated    0          0           red-gw2.unl.edu red-gw2.unl.edu
--------------------------------------------------------------------------------
11    N   Done              Terminated    0          0           red-gw2.unl.edu red-gw2.unl.edu

2015-02-24 17:24:05,197 [INFO] 	ExitCodes Summary
 >>>>>>>>> 11 Jobs with Wrapper Exit Code : 0 
	 List of jobs: 1-11 
	See https://twiki.cern.ch/twiki/bin/view/CMSPublic/JobExitCodes for Exit Code meaning

2015-02-24 17:24:05,197 [INFO] 	 11 Total Jobs 

2015-02-24 17:24:05,200 [INFO] 	You can also follow the status of this task on :
	CMS Dashboard: http://dashb-cms-job-task.cern.ch/taskmon.html#task=ksung_crab_0_150224_155200_27i5ao
	Your task name is: ksung_crab_0_150224_155200_27i5ao 

2015-02-24 17:24:05,200 [DEBUG] 	Status Time: 8.29815506935
2015-02-24 17:24:11,025 [DEBUG] 	/afs/cern.ch/cms/ccs/wm/scripts/Crab/CRAB_2_11_1_patch1/python/crab.py -getoutput

2015-02-24 17:24:11,025 [INFO] 	Version 2.11.1_patch1 running on Tue Feb 24 17:24:11 2015 CET (16:24:11 UTC)

crab. Working options:
	scheduler           remoteGlidein
	job type            CMSSW
	server              OFF
	working directory   /afs/cern.ch/user/k/ksung/public/Production/phys14test/CMSSW_7_2_2_patch1/src/BaconProd/crab/ggH125/crab_0_150224_155200/

2015-02-24 17:24:11,025 [DEBUG] 	Downloading file [http://cmsdoc.cern.ch/cms/LCG/crab/config/] to [/afs/cern.ch/user/k/ksung/.cms_crab/allowed_releases.conf].
2015-02-24 17:24:11,052 [DEBUG] 	Input whitelist: 
2015-02-24 17:24:11,052 [DEBUG] 	Input blacklist: T0, T1
2015-02-24 17:24:11,059 [DEBUG] 	Converted whitelist: 
2015-02-24 17:24:11,059 [DEBUG] 	Converted blacklist: srm-cms.cern.ch, cmssrm.fnal.gov, srm-cms.gridpp.rl.ac.uk, srm-cms.jinr-t1.ru, cmssrm-kit.gridka.de, storm-fe-cms.cr.cnaf.infn.it, cmssrmdisk.fnal.gov, srmcms.pic.es, srm-cms-disk.gridpp.rl.ac.uk, ccsrm.in2p3.fr, srm-eoscms.cern.ch
2015-02-24 17:24:12,831 [DEBUG] 	Downloading file [http://cmsdoc.cern.ch/cms/LCG/crab/config/] to [/afs/cern.ch/user/k/ksung/.cms_crab/site_black_list.conf].
2015-02-24 17:24:12,832 [DEBUG] 	Enforced black list: TAPE,srm-cms.cern.ch,cmssrm.fnal.gov,T1_RU,T1_TW,cmseos.fnal.gov,cmsdca2.fnal.gov,T2_PK_NCP,T3_US_Vanderbilt_EC2
 
2015-02-24 17:24:15,175 [DEBUG] 	Downloading file [http://cmsdoc.cern.ch/cms/LCG/crab/config/] to [/afs/cern.ch/user/k/ksung/.cms_crab/site_black_list.conf].
2015-02-24 17:24:15,176 [DEBUG] 	Enforced black list: TAPE,srm-cms.cern.ch,cmssrm.fnal.gov,T1_RU,T1_TW,cmseos.fnal.gov,cmsdca2.fnal.gov,T2_PK_NCP,T3_US_Vanderbilt_EC2 
2015-02-24 17:24:15,176 [INFO] 	PSN black list: T0,T1,TAPE,srm-cms.cern.ch,cmssrm.fnal.gov,T1_RU,T1_TW,cmseos.fnal.gov,cmsdca2.fnal.gov,T2_PK_NCP,T3_US_Vanderbilt_EC2
2015-02-24 17:24:15,181 [DEBUG] 	GetOutput::run() called
2015-02-24 17:24:15,208 [DEBUG] 	Unable to parse AFS output. while checking partition. Treat as check OK
2015-02-24 17:24:15,244 [INFO] 	contacting remote host vocms20.cern.ch
2015-02-24 17:24:16,359 [INFO] 	Preparing to rsync 2 files
2015-02-24 17:24:17,013 [INFO] 	Results of Jobs # 1 are in /afs/cern.ch/user/k/ksung/public/Production/phys14test/CMSSW_7_2_2_patch1/src/BaconProd/crab/ggH125/crab_0_150224_155200/res/
2015-02-24 17:24:17,218 [DEBUG] 	Unable to parse AFS output. while checking partition. Treat as check OK
2015-02-24 17:24:17,242 [INFO] 	contacting remote host vocms20.cern.ch
2015-02-24 17:24:18,259 [INFO] 	Preparing to rsync 20 files
2015-02-24 17:24:19,013 [INFO] 	Results of Jobs # 2 are in /afs/cern.ch/user/k/ksung/public/Production/phys14test/CMSSW_7_2_2_patch1/src/BaconProd/crab/ggH125/crab_0_150224_155200/res/
2015-02-24 17:24:19,206 [INFO] 	Results of Jobs # 3 are in /afs/cern.ch/user/k/ksung/public/Production/phys14test/CMSSW_7_2_2_patch1/src/BaconProd/crab/ggH125/crab_0_150224_155200/res/
2015-02-24 17:24:19,398 [INFO] 	Results of Jobs # 4 are in /afs/cern.ch/user/k/ksung/public/Production/phys14test/CMSSW_7_2_2_patch1/src/BaconProd/crab/ggH125/crab_0_150224_155200/res/
2015-02-24 17:24:19,605 [INFO] 	Results of Jobs # 5 are in /afs/cern.ch/user/k/ksung/public/Production/phys14test/CMSSW_7_2_2_patch1/src/BaconProd/crab/ggH125/crab_0_150224_155200/res/
2015-02-24 17:24:19,788 [INFO] 	Results of Jobs # 6 are in /afs/cern.ch/user/k/ksung/public/Production/phys14test/CMSSW_7_2_2_patch1/src/BaconProd/crab/ggH125/crab_0_150224_155200/res/
2015-02-24 17:24:19,969 [INFO] 	Results of Jobs # 7 are in /afs/cern.ch/user/k/ksung/public/Production/phys14test/CMSSW_7_2_2_patch1/src/BaconProd/crab/ggH125/crab_0_150224_155200/res/
2015-02-24 17:24:20,178 [INFO] 	Results of Jobs # 8 are in /afs/cern.ch/user/k/ksung/public/Production/phys14test/CMSSW_7_2_2_patch1/src/BaconProd/crab/ggH125/crab_0_150224_155200/res/
2015-02-24 17:24:20,380 [INFO] 	Results of Jobs # 9 are in /afs/cern.ch/user/k/ksung/public/Production/phys14test/CMSSW_7_2_2_patch1/src/BaconProd/crab/ggH125/crab_0_150224_155200/res/
2015-02-24 17:24:20,573 [INFO] 	Results of Jobs # 10 are in /afs/cern.ch/user/k/ksung/public/Production/phys14test/CMSSW_7_2_2_patch1/src/BaconProd/crab/ggH125/crab_0_150224_155200/res/
2015-02-24 17:24:20,774 [INFO] 	Results of Jobs # 11 are in /afs/cern.ch/user/k/ksung/public/Production/phys14test/CMSSW_7_2_2_patch1/src/BaconProd/crab/ggH125/crab_0_150224_155200/res/
2015-02-24 17:24:20,900 [DEBUG] 	GetOutput Time: 5.71912097931
