This script was generated by crab (version 2.11.1_patch1).
Running /var/lib/condor/execute/dir_87555/glide_ZBAbde/execute/dir_102646/condor_exec.exe with 2 positional parameters: 2 1
Today is Tue Feb 24 08:57:01 CST 2015 - Tue Feb 24 14:57:01 UTC 2015
Job submitted on host red-d17n2.unl.edu
Linux red-d17n2.unl.edu 2.6.32-504.8.1.el6.x86_64 #1 SMP Tue Jan 27 13:39:10 CST 2015 x86_64 x86_64 x86_64 GNU/Linux
Distributor ID:	Scientific
Description:	Scientific Linux release 6.6 (Carbon)
>>> current directory (RUNTIME_AREA): /var/lib/condor/execute/dir_87555/glide_ZBAbde/execute/dir_102646
>>> current user: uid=3267(uscmsPool3803) gid=11265(cmsuser) groups=11265(cmsuser),4001(grid) context=unconfined_u:system_r:condor_startd_t:s0
>>> directory permission set to 0700
>>> umask set to:  u=rwx,g=,o=
>>> stdout stderr permission set to 0704
>>> voms proxy information:
subject   : /DC=ch/DC=cern/OU=Organic Units/OU=Users/CN=ksung/CN=671305/CN=Kevin Kai Hong Sung/CN=1033111566/CN=758968530
issuer    : /DC=ch/DC=cern/OU=Organic Units/OU=Users/CN=ksung/CN=671305/CN=Kevin Kai Hong Sung/CN=1033111566
identity  : /DC=ch/DC=cern/OU=Organic Units/OU=Users/CN=ksung/CN=671305/CN=Kevin Kai Hong Sung/CN=1033111566
type      : RFC compliant proxy
strength  : 1024 bits
path      : /var/lib/condor/execute/dir_87555/glide_ZBAbde/execute/dir_102646/x509up_u25312
timeleft  : 191:55:10
key usage : Digital Signature, Key Encipherment
=== VO cms extension information ===
VO        : cms
subject   : /DC=ch/DC=cern/OU=Organic Units/OU=Users/CN=ksung/CN=671305/CN=Kevin Kai Hong Sung
issuer    : /DC=ch/DC=cern/OU=computers/CN=lcg-voms2.cern.ch
attribute : /cms/Role=NULL/Capability=NULL
attribute : /cms/uscms/Role=NULL/Capability=NULL
timeleft  : 191:55:10
uri       : lcg-voms2.cern.ch:15002
WNHostName=red-d17n2.unl.edu
$_CONDOR_JOB_AD =/var/lib/condor/execute/dir_87555/glide_ZBAbde/execute/dir_102646/.job.ad
OverflowFlag=0
>>> tar --no-same-permissions -xf /var/lib/condor/execute/dir_87555/glide_ZBAbde/execute/dir_102646/default.tgz :
Successful untar
>>> Include /var/lib/condor/execute/dir_87555/glide_ZBAbde/execute/dir_102646 in PYTHONPATH:
strip arguments
env var CRAB_UNIQUE_JOB_ID set to: ksung_crab_0_150224_155200_27i5ao_2_1_gLB
out_files_2
>>> list of expected files on output sandbox
output files: crab_fjr_2.xml CMSSW_2.stdout CMSSW_2.stderr Watchdog_2.log.gz
>>> GridFlavour discovery: 
source OSG GRID setup script
GridFlavour=OSG
>>> SyncSite discovery: 
SyncSite=T2_US_Nebraska
>>> SyncCE discovery: 
getting SyncCE from GLIDEIN_Gaekeeper
SyncCE=red.unl.edu red.unl.edu
>>> info for dashboard:
***** Cat /var/lib/condor/execute/dir_87555/glide_ZBAbde/execute/dir_102646/jobreport.txt *****
WNHostName=red-d17n2.unl.edu
OverflowFlag=0
MonitorJobID=2_https://vocms20.cern.ch//150224//1939922.1
SyncGridJobId=https://vocms20.cern.ch//150224//1939922.1
MonitorID=ksung_crab_0_150224_155200_27i5ao
GridFlavour=OSG
SyncSite=T2_US_Nebraska
SyncCE=red.unl.edu red.unl.edu
***** End Cat jobreport *****
Parameters sent to Dashboard.
>>> setup environment
set SCRAM ARCH to slc6_amd64_gcc481
SCRAM_ARCH = slc6_amd64_gcc481
>>> Created working directory: /var/lib/condor/execute/dir_87555/glide_ZBAbde/execute/dir_102646/cms_tPjnwB3fEayH
Change to working directory: /var/lib/condor/execute/dir_87555/glide_ZBAbde/execute/dir_102646/cms_tPjnwB3fEayH
>>> current directory (WORKING_DIR): /var/lib/condor/execute/dir_87555/glide_ZBAbde/execute/dir_102646/cms_tPjnwB3fEayH
>>> setup CMS OSG environment:
set SCRAM ARCH to slc6_amd64_gcc481
SCRAM_ARCH = slc6_amd64_gcc481
OSG_APP is /cvmfs/oasis.opensciencegrid.org
sourcing /cvmfs/oasis.opensciencegrid.org/cmssoft/cms/cmsset_default.sh ...
==> setup cms environment ok
SCRAM_ARCH = slc6_amd64_gcc481
>>> specific cmssw setup environment:
CMSSW_VERSION =  CMSSW_7_2_2_patch1
WARNING: In non-interactive mode release checks e.g. deprecated releases, production architectures are disabled.
>>> current directory (SOFTWARE_DIR): /var/lib/condor/execute/dir_87555/glide_ZBAbde/execute/dir_102646/cms_tPjnwB3fEayH/CMSSW_7_2_2_patch1
PreserveSeeds: <>
IncrementSeeds:<>
>>> info for dashboard:
***** Cat /var/lib/condor/execute/dir_87555/glide_ZBAbde/execute/dir_102646/jobreport.txt *****
MonitorJobID=2_https://vocms20.cern.ch//150224//1939922.1
MonitorID=ksung_crab_0_150224_155200_27i5ao
***** End Cat jobreport *****
Parameters sent to Dashboard.
crabWatchdog started as process 102888
>>> moving CMSSW software directories in /var/lib/condor/execute/dir_87555/glide_ZBAbde/execute/dir_102646/cms_tPjnwB3fEayH/CMSSW_7_2_2_patch1
mv: cannot stat `/var/lib/condor/execute/dir_87555/glide_ZBAbde/execute/dir_102646/module/': No such file or directory
>>> Include /var/lib/condor/execute/dir_87555/glide_ZBAbde/execute/dir_102646 in PYTHONPATH:
PYTHONPATH=/var/lib/condor/execute/dir_87555/glide_ZBAbde/execute/dir_102646/:/var/lib/condor/execute/dir_87555/glide_ZBAbde/execute/dir_102646/cms_tPjnwB3fEayH/CMSSW_7_2_2_patch1/python:/var/lib/condor/execute/dir_87555/glide_ZBAbde/execute/dir_102646/cms_tPjnwB3fEayH/CMSSW_7_2_2_patch1/lib/slc6_amd64_gcc481:/cvmfs/cms.cern.ch/slc6_amd64_gcc481/cms/cmssw-patch/CMSSW_7_2_2_patch1/python:/cvmfs/cms.cern.ch/slc6_amd64_gcc481/cms/cmssw-patch/CMSSW_7_2_2_patch1/lib/slc6_amd64_gcc481:/cvmfs/cms.cern.ch/slc6_amd64_gcc481/cms/cmssw/CMSSW_7_2_2/bin/slc6_amd64_gcc481:/cvmfs/cms.cern.ch/slc6_amd64_gcc481/cms/cmssw/CMSSW_7_2_2/lib/slc6_amd64_gcc481:/cvmfs/cms.cern.ch/slc6_amd64_gcc481/cms/coral/CORAL_2_3_21-cms34/slc6_amd64_gcc481/python:/cvmfs/cms.cern.ch/slc6_amd64_gcc481/cms/coral/CORAL_2_3_21-cms34/slc6_amd64_gcc481/lib:/cvmfs/cms.cern.ch/slc6_amd64_gcc481/external/pyqt/4.8.1-cms2/lib/python2.7/site-packages:/cvmfs/cms.cern.ch/slc6_amd64_gcc481/external/py2-scipy/0.8.0-cms2/lib/python2.7/site-packages:/cvmfs/cms.cern.ch/slc6_amd64_gcc481/external/py2-matplotlib/1.2.1-cms2/lib/python2.7/site-packages:/cvmfs/cms.cern.ch/slc6_amd64_gcc481/external/yoda/1.1.0-cms/lib/python2.7/site-packages:/cvmfs/cms.cern.ch/slc6_amd64_gcc481/external/python-ldap/2.4.10-cms2/lib/python2.7/site-packages:/cvmfs/cms.cern.ch/slc6_amd64_gcc481/external/sip/4.11.2-cms2/lib/python2.7/site-packages:/cvmfs/cms.cern.ch/slc6_amd64_gcc481/external/llvm/3.5/lib/python2.7/site-packages:/cvmfs/cms.cern.ch/slc6_amd64_gcc481/external/py2-sqlalchemy/0.8.2-cms3/lib/python2.7/site-packages:/cvmfs/cms.cern.ch/slc6_amd64_gcc481/external/py2-pycurl/7.19.0-cms2/lib/python2.7/site-packages:/cvmfs/cms.cern.ch/slc6_amd64_gcc481/external/py2-python-dateutil/1.1-cms2/lib/python2.7/site-packages:/cvmfs/cms.cern.ch/slc6_amd64_gcc481/external/py2-numpy/1.6.1-cms2/lib/python2.7/site-packages:/cvmfs/cms.cern.ch/slc6_amd64_gcc481/external/py2-lint/0.25.1-cms2/lib/python2.7/site-packages:/cvmfs/cms.cern.ch/slc6_amd64_gcc481/external/py2-ipython/0.10-cms2/lib/python2.7/site-packages:/cvmfs/cms.cern.ch/slc6_amd64_gcc481/external/py2-cx-oracle/5.1-cms3/lib/python2.7/site-packages:/cvmfs/cms.cern.ch/slc6_amd64_gcc481/external/py2-cjson/1.0.5-cms2/lib/python2.7/site-packages:/cvmfs/cms.cern.ch/slc6_amd64_gcc481/external/frontier_client/2.8.10-cms/python/lib:/cvmfs/cms.cern.ch/slc6_amd64_gcc481/cms/das-client/2.5.0-cms/bin:/cvmfs/cms.cern.ch/slc6_amd64_gcc481/external/cython/0.19.1-cms2/lib/python2.7/site-packages:/cvmfs/cms.cern.ch/slc6_amd64_gcc481/external/rivet/2.1.2-cms3/lib/python2.7/site-packages:/cvmfs/cms.cern.ch/slc6_amd64_gcc481/external/pyminuit2/0.0.1-cms26/lib/python2.7/site-packages:/cvmfs/cms.cern.ch/slc6_amd64_gcc481/external/py2-pygithub/1.23.0-cms/lib/python2.7/site-packages:/cvmfs/cms.cern.ch/slc6_amd64_gcc481/external/py2-networkx/1.8.1-cms/lib/python2.7/site-packages:/cvmfs/cms.cern.ch/slc6_amd64_gcc481/external/professor/1.0.0-cms26/lib/python2.7/site-packages:/cvmfs/cms.cern.ch/slc6_amd64_gcc481/lcg/root/5.34.18-cms12/lib:/cvmfs/cms.cern.ch/slc6_amd64_gcc481/cms/dbs-client/DBS_2_1_9-cms2/lib:/cvmfs/cms.cern.ch/slc6_amd64_gcc481/cms/dbs-client/DBS_2_1_9-cms2/lib/DBSAPI:/cvmfs/cms.cern.ch/slc6_amd64_gcc481/external/cvs2git/5419-cms2/lib:/var/lib/condor/execute/dir_87555/glide_ZBAbde/execute/dir_102646/
 
# LIMITS USED BY CRAB WATCHDOG:
# RSS  (KBytes)   : 2300000
# VSZ  (KBytes)   : 100000000
# DISK (MBytes)   : 19000
# CPU TIME        : 720h:0m:0s
# WALL CLOCK TIME : 21h:50m:0s
 
ec23393b42b69e4f7dd15845da1dabca
PSETHASH = ec23393b42b69e4f7dd15845da1dabca
/var/lib/condor/execute/dir_87555/glide_ZBAbde/execute/dir_102646/writeCfg.py pset.py pset.py
Importing .py file
Setting parameters
RandomNumberGeneratorService found, will attempt to change seeds
inputBlocks=/GluGluToHToGG_M-125_13TeV-powheg-pythia6/Phys14DR-PU20bx25_tsg_PHYS14_25_V1-v1/AODSIM#91eb697c-6ffb-11e4-9da5-003048f02d38
inputFiles=/store/mc/Phys14DR/GluGluToHToGG_M-125_13TeV-powheg-pythia6/AODSIM/PU20bx25_tsg_PHYS14_25_V1-v1/00000/62584F80-3870-E411-9260-7845C4FC3B57.root;/store/mc/Phys14DR/GluGluToHToGG_M-125_13TeV-powheg-pythia6/AODSIM/PU20bx25_tsg_PHYS14_25_V1-v1/00000/78DE0269-3770-E411-91C2-00266CFAE790.root
parentFiles=
lumisRange=
>>> Executable cmsRun
/cvmfs/cms.cern.ch/slc6_amd64_gcc481/cms/cmssw/CMSSW_7_2_2/bin/slc6_amd64_gcc481/cmsRun
ok executable found
>>> info for dashboard:
***** Cat /var/lib/condor/execute/dir_87555/glide_ZBAbde/execute/dir_102646/jobreport.txt *****
MonitorJobID=2_https://vocms20.cern.ch//150224//1939922.1
MonitorID=ksung_crab_0_150224_155200_27i5ao
ExeStart=cmsRun
***** End Cat jobreport *****
Parameters sent to Dashboard.
>>> cmsRun started at Tue Feb 24 14:57:17 UTC 2015
>>> cmsRun ended at Tue Feb 24 15:06:31 UTC 2015
>>> crab_fjr_*.xml  permission set to 0704
>>> info for dashboard:
***** Cat /var/lib/condor/execute/dir_87555/glide_ZBAbde/execute/dir_102646/jobreport.txt *****
MonitorJobID=2_https://vocms20.cern.ch//150224//1939922.1
MonitorID=ksung_crab_0_150224_155200_27i5ao
ExeEnd=cmsRun
***** End Cat jobreport *****
Parameters sent to Dashboard.
TIME_EXE = 554 sec
>>> cmsRun wrote 39 lines of stdout+stderr
>>> START OF printout of 39 lines from stdout+stderr
24-Feb-2015 08:57:55 CST  Initiating request to open file /mnt/hadoop/user/uscms01/pnfs/unl.edu/data4/cms/store/mc/Phys14DR/GluGluToHToGG_M-125_13TeV-powheg-pythia6/AODSIM/PU20bx25_tsg_PHYS14_25_V1-v1/00000/62584F80-3870-E411-9260-7845C4FC3B57.root
24-Feb-2015 08:58:01 CST  Successfully opened file /mnt/hadoop/user/uscms01/pnfs/unl.edu/data4/cms/store/mc/Phys14DR/GluGluToHToGG_M-125_13TeV-powheg-pythia6/AODSIM/PU20bx25_tsg_PHYS14_25_V1-v1/00000/62584F80-3870-E411-9260-7845C4FC3B57.root

Watch modules:     
Ignore modules:    PhotonConversionTrajectorySeedProducerFromSingleLeg:photonConvTrajSeedFromSingleLeg, SeedGeneratorFromRegionHitsEDProducer:regionalCosmicTrackerSeeds, 
Ignore categories: 
Watch categories:  TooManyClusters, 
Begin processing the 1st record. Run 1, Event 70301, LumiSection 704 at 24-Feb-2015 08:58:20.007 CST
Begin processing the 1001st record. Run 1, Event 63401, LumiSection 635 at 24-Feb-2015 08:59:20.490 CST
Begin processing the 2001st record. Run 1, Event 86602, LumiSection 867 at 24-Feb-2015 09:00:10.904 CST
24-Feb-2015 09:00:47 CST  Closed file /mnt/hadoop/user/uscms01/pnfs/unl.edu/data4/cms/store/mc/Phys14DR/GluGluToHToGG_M-125_13TeV-powheg-pythia6/AODSIM/PU20bx25_tsg_PHYS14_25_V1-v1/00000/62584F80-3870-E411-9260-7845C4FC3B57.root
24-Feb-2015 09:00:47 CST  Initiating request to open file /mnt/hadoop/user/uscms01/pnfs/unl.edu/data4/cms/store/mc/Phys14DR/GluGluToHToGG_M-125_13TeV-powheg-pythia6/AODSIM/PU20bx25_tsg_PHYS14_25_V1-v1/00000/78DE0269-3770-E411-91C2-00266CFAE790.root
24-Feb-2015 09:00:48 CST  Successfully opened file /mnt/hadoop/user/uscms01/pnfs/unl.edu/data4/cms/store/mc/Phys14DR/GluGluToHToGG_M-125_13TeV-powheg-pythia6/AODSIM/PU20bx25_tsg_PHYS14_25_V1-v1/00000/78DE0269-3770-E411-91C2-00266CFAE790.root
Begin processing the 3001st record. Run 1, Event 802, LumiSection 9 at 24-Feb-2015 09:01:01.615 CST
Begin processing the 4001st record. Run 1, Event 7002, LumiSection 71 at 24-Feb-2015 09:01:48.427 CST
Begin processing the 5001st record. Run 1, Event 8702, LumiSection 88 at 24-Feb-2015 09:02:34.239 CST
Begin processing the 6001st record. Run 1, Event 5002, LumiSection 51 at 24-Feb-2015 09:03:21.781 CST
Begin processing the 7001st record. Run 1, Event 13602, LumiSection 137 at 24-Feb-2015 09:04:10.192 CST
Begin processing the 8001st record. Run 1, Event 15902, LumiSection 160 at 24-Feb-2015 09:04:58.566 CST
Begin processing the 9001st record. Run 1, Event 20402, LumiSection 205 at 24-Feb-2015 09:05:45.562 CST
24-Feb-2015 09:06:28 CST  Closed file /mnt/hadoop/user/uscms01/pnfs/unl.edu/data4/cms/store/mc/Phys14DR/GluGluToHToGG_M-125_13TeV-powheg-pythia6/AODSIM/PU20bx25_tsg_PHYS14_25_V1-v1/00000/78DE0269-3770-E411-91C2-00266CFAE790.root

=============================================

MessageLogger Summary

 type     category        sev    module        subroutine        count    total
 ---- -------------------- -- ---------------- ----------------  -----    -----
    1 fileAction           -s file_close                             2        2
    2 fileAction           -s file_open                              4        4

 type    category    Examples: run/evt        run/evt          run/evt
 ---- -------------------- ---------------- ---------------- ----------------
    1 fileAction           PostEndRun       PostEndRun       
    2 fileAction           pre-events       pre-events       PostEndRun

Severity    # Occurrences   Total Occurrences
--------    -------------   -----------------
System                  6                   6
>>> END OF printout of 39 lines from stdout+stderr
>>> Parse FrameworkJobReport crab_fjr.xml
Result of parsing the FrameworkJobReport crab_fjr.xml: Popularity start
lumisRange : 1::592-594,635-637,679-681,700-702,704,850,867,871-873,892-897,940-942,961::1;1::7-9,24-26,31-33,37-45,49-51,58-60,70-72,82-84,88-89,97-99,118-120,124-125,136-137,142-144,155-156,160-165,178-180,205-206,234,244-245,261,274-276,283-284,320-321,340,586-588::2;
lumisParentRange : 
Basename : /store/mc/Phys14DR/GluGluToHToGG_M-125_13TeV-powheg-pythia6/AODSIM/PU20bx25_tsg_PHYS14_25_V1-v1/00000/
BasenameParent : 
parentFiles : 
inputBlocks : /GluGluToHToGG_M-125_13TeV-powheg-pythia6/Phys14DR-PU20bx25_tsg_PHYS14_25_V1-v1/AODSIM#91eb697c-6ffb-11e4-9da5-003048f02d38
inputFiles : 62584F80-3870-E411-9260-7845C4FC3B57.root::1::EDM::Local::1;78DE0269-3770-E411-91C2-00266CFAE790.root::1::EDM::Local::2;
Popularity stop
Extracted ExitStatus from FrameworkJobReport parsing output: 0
>>> Executable succeded  0
ExeExitCode=0
EXECUTABLE_EXIT_STATUS = 0
>>> current directory /var/lib/condor/execute/dir_87555/glide_ZBAbde/execute/dir_102646/cms_tPjnwB3fEayH/CMSSW_7_2_2_patch1
>>>  (SOFTWARE_DIR): /var/lib/condor/execute/dir_87555/glide_ZBAbde/execute/dir_102646/cms_tPjnwB3fEayH/CMSSW_7_2_2_patch1
>>> (WORKING_DIR): /var/lib/condor/execute/dir_87555/glide_ZBAbde/execute/dir_102646/cms_tPjnwB3fEayH
>>> current directory content:
total 7100
drwxr-xr-x. 3 uscmsPool3803 cmsuser    4096 Feb 24 08:57 .SCRAM
-rw-------. 1 uscmsPool3803 cmsuser  325359 Feb 24 08:57 CMSSW.py.pkl
-rw-------. 1 uscmsPool3803 cmsuser 6528085 Feb 24 09:06 Output.root
drwxr-xr-x. 3 uscmsPool3803 cmsuser    4096 Feb 24 08:57 biglib
drwxr-xr-x. 3 uscmsPool3803 cmsuser    4096 Feb 24 08:57 bin
drwxr-xr-x. 3 uscmsPool3803 cmsuser    4096 Feb 24 08:57 cfipython
drwxr-xr-x. 4 uscmsPool3803 cmsuser    4096 Nov 20 08:37 config
-rw-------. 1 uscmsPool3803 cmsuser      17 Feb 24 09:06 cpu_timing.txt
drwxr-xr-x. 2 uscmsPool3803 cmsuser    4096 Feb 24 08:57 doc
-rw-------. 1 uscmsPool3803 cmsuser    3530 Feb 24 09:06 executable.out
drwxr-xr-x. 2 uscmsPool3803 cmsuser    4096 Feb 24 08:57 include
drwx------. 3 uscmsPool3803 cmsuser    4096 Jan 23 06:33 lib
drwxr-xr-x. 3 uscmsPool3803 cmsuser    4096 Feb 24 08:57 logs
drwxr-xr-x. 3 uscmsPool3803 cmsuser    4096 Feb 24 08:57 objs
-rw-------. 1 uscmsPool3803 cmsuser     104 Feb 24 08:57 pset.py
-rw-------. 1 uscmsPool3803 cmsuser  333182 Feb 24 08:57 pset.py.pkl
-rw-------. 1 uscmsPool3803 cmsuser     289 Feb 24 08:57 pset.pyc
drwxr-xr-x. 2 uscmsPool3803 cmsuser    4096 Feb 24 08:57 python
-rw-------. 1 uscmsPool3803 cmsuser     377 Feb 24 09:06 report.log
drwx------. 4 uscmsPool3803 cmsuser    4096 Feb 24 08:57 src
drwxr-xr-x. 3 uscmsPool3803 cmsuser    4096 Feb 24 08:57 test
drwxr-xr-x. 3 uscmsPool3803 cmsuser    4096 Feb 24 08:57 tmp
>>> current directory /var/lib/condor/execute/dir_87555/glide_ZBAbde/execute/dir_102646/cms_tPjnwB3fEayH/CMSSW_7_2_2_patch1
>>> (SOFTWARE_DIR): /var/lib/condor/execute/dir_87555/glide_ZBAbde/execute/dir_102646/cms_tPjnwB3fEayH/CMSSW_7_2_2_patch1
>>> (WORKING_DIR): /var/lib/condor/execute/dir_87555/glide_ZBAbde/execute/dir_102646/cms_tPjnwB3fEayH
>>> current directory content:
total 7100
drwxr-xr-x. 3 uscmsPool3803 cmsuser    4096 Feb 24 08:57 .SCRAM
-rw-------. 1 uscmsPool3803 cmsuser  325359 Feb 24 08:57 CMSSW.py.pkl
-rw-------. 1 uscmsPool3803 cmsuser 6528085 Feb 24 09:06 Output_2_1_gLB.root
drwxr-xr-x. 3 uscmsPool3803 cmsuser    4096 Feb 24 08:57 biglib
drwxr-xr-x. 3 uscmsPool3803 cmsuser    4096 Feb 24 08:57 bin
drwxr-xr-x. 3 uscmsPool3803 cmsuser    4096 Feb 24 08:57 cfipython
drwxr-xr-x. 4 uscmsPool3803 cmsuser    4096 Nov 20 08:37 config
-rw-------. 1 uscmsPool3803 cmsuser      17 Feb 24 09:06 cpu_timing.txt
drwxr-xr-x. 2 uscmsPool3803 cmsuser    4096 Feb 24 08:57 doc
-rw-------. 1 uscmsPool3803 cmsuser    3530 Feb 24 09:06 executable.out
drwxr-xr-x. 2 uscmsPool3803 cmsuser    4096 Feb 24 08:57 include
drwx------. 3 uscmsPool3803 cmsuser    4096 Jan 23 06:33 lib
drwxr-xr-x. 3 uscmsPool3803 cmsuser    4096 Feb 24 08:57 logs
drwxr-xr-x. 3 uscmsPool3803 cmsuser    4096 Feb 24 08:57 objs
-rw-------. 1 uscmsPool3803 cmsuser     104 Feb 24 08:57 pset.py
-rw-------. 1 uscmsPool3803 cmsuser  333182 Feb 24 08:57 pset.py.pkl
-rw-------. 1 uscmsPool3803 cmsuser     289 Feb 24 08:57 pset.pyc
drwxr-xr-x. 2 uscmsPool3803 cmsuser    4096 Feb 24 08:57 python
-rw-------. 1 uscmsPool3803 cmsuser     377 Feb 24 09:06 report.log
drwx------. 4 uscmsPool3803 cmsuser    4096 Feb 24 08:57 src
drwxr-xr-x. 3 uscmsPool3803 cmsuser    4096 Feb 24 08:57 test
drwxr-xr-x. 3 uscmsPool3803 cmsuser    4096 Feb 24 08:57 tmp
>>> current directory (RUNTIME_AREA):  /var/lib/condor/execute/dir_87555/glide_ZBAbde/execute/dir_102646
PNN = srm-eoscms.cern.ch
SE = srm-eoscms.cern.ch
SE_PATH = /srm/v2/server?SFN=/eos/cms/store//user/ksung/production/phys14test/Phys14-PU20bx25_GluGluToHToGG_M-125/
LFNBaseName = /user/ksung/production/phys14test/Phys14-PU20bx25_GluGluToHToGG_M-125/
USER = ksung
endpoint = srm://srm-eoscms.cern.ch:8443/srm/v2/server?SFN=/eos/cms/store//user/ksung/production/phys14test/Phys14-PU20bx25_GluGluToHToGG_M-125/
>>> Copy output files from WN = red-d17n2.unl.edu to /srm/v2/server?SFN=/eos/cms/store//user/ksung/production/phys14test/Phys14-PU20bx25_GluGluToHToGG_M-125/ :
python cmscp.py  --destination srm://srm-eoscms.cern.ch:8443/srm/v2/server?SFN=/eos/cms/store//user/ksung/production/phys14test/Phys14-PU20bx25_GluGluToHToGG_M-125/ --inputFileList /var/lib/condor/execute/dir_87555/glide_ZBAbde/execute/dir_102646/cms_tPjnwB3fEayH/CMSSW_7_2_2_patch1/Output_2_1_gLB.root --middleware OSG --PNN srm-eoscms.cern.ch --se_name srm-eoscms.cern.ch --for_lfn /user/ksung/production/phys14test/Phys14-PU20bx25_GluGluToHToGG_M-125/    
******************************************************
localSeName  =  srm.unl.edu
remoteSeName =  srm-eoscms.cern.ch
******************************************************
{"/var/lib/condor/execute/dir_87555/glide_ZBAbde/execute/dir_102646/cms_tPjnwB3fEayH/CMSSW_7_2_2_patch1/Output_2_1_gLB.root": {"endpoint": "srm://srm-eoscms.cern.ch:8443/srm/v2/server?SFN=/eos/cms/store//user/ksung/production/phys14test/Phys14-PU20bx25_GluGluToHToGG_M-125/", "surl_for_grid": "", "reason": "Copy succedeed with srm-lcg utils", "erCode": "0", "PNN": "srm-eoscms.cern.ch", "se_name": "srm-eoscms.cern.ch", "for_lfn": "/user/ksung/production/phys14test/Phys14-PU20bx25_GluGluToHToGG_M-125/"}}/var/lib/condor/execute/dir_87555/glide_ZBAbde/execute/dir_102646
-------- cat /var/lib/condor/execute/dir_87555/glide_ZBAbde/execute/dir_102646/cmscpReport.sh 
#!/bin/bash
echo "Report for File: /var/lib/condor/execute/dir_87555/glide_ZBAbde/execute/dir_102646/cms_tPjnwB3fEayH/CMSSW_7_2_2_patch1/Output_2_1_gLB.root"
echo "LFN: /user/ksung/production/phys14test/Phys14-PU20bx25_GluGluToHToGG_M-125/Output_2_1_gLB.root"
echo "StorageElement: srm-eoscms.cern.ch"
echo "StageOutExitStatusReason = 'Copy succedeed with srm-lcg utils'" | tee -a $RUNTIME_AREA/$repo
echo "StageOutSE = srm-eoscms.cern.ch" >> $RUNTIME_AREA/$repo

export StageOutExitStatus=0
echo "StageOutExitStatus = 0" | tee -a $RUNTIME_AREA/$repo
-------- end of /var/lib/condor/execute/dir_87555/glide_ZBAbde/execute/dir_102646/cmscpReport.sh 
Report for File: /var/lib/condor/execute/dir_87555/glide_ZBAbde/execute/dir_102646/cms_tPjnwB3fEayH/CMSSW_7_2_2_patch1/Output_2_1_gLB.root
LFN: /user/ksung/production/phys14test/Phys14-PU20bx25_GluGluToHToGG_M-125/Output_2_1_gLB.root
StorageElement: srm-eoscms.cern.ch
StageOutExitStatusReason = 'Copy succedeed with srm-lcg utils'
StageOutExitStatus = 0
>>> current dir: /var/lib/condor/execute/dir_87555/glide_ZBAbde/execute/dir_102646
>>> current dir content:
total 6120
-rw-------. 1 uscmsPool3803 cmsuser    2436 Feb 24 09:07 .SEinteraction.log
-rwx------. 1 uscmsPool3803 cmsuser      53 Feb 24 08:56 .chirp.config
-rwx------. 1 uscmsPool3803 cmsuser    8058 Feb 24 08:56 .job.ad
-rwx------. 1 uscmsPool3803 cmsuser    9664 Feb 24 08:56 .machine.ad
-rw-------. 1 uscmsPool3803 cmsuser     105 Feb 24 08:52 CMSSW.py
-rw-------. 1 uscmsPool3803 cmsuser  325359 Feb 24 08:52 CMSSW.py.pkl
-rwx------. 1 uscmsPool3803 cmsuser   29379 Feb 24 08:57 CMSSW.sh
-rw-------. 1 uscmsPool3803 cmsuser     214 Feb 24 08:57 CacheEnv.sh
-rw-------. 1 uscmsPool3803 cmsuser    7291 Nov 19 08:52 DashboardAPI.py
-rw-------. 1 uscmsPool3803 cmsuser    6605 Feb 24 08:57 DashboardAPI.pyc
drwx------. 2 uscmsPool3803 cmsuser    4096 Feb 24 09:06 IMProv
-rw-------. 1 uscmsPool3803 cmsuser    2748 Nov 19 08:52 Logger.py
-rw-------. 1 uscmsPool3803 cmsuser    3277 Feb 24 08:57 Logger.pyc
lrwxrwxrwx. 1 uscmsPool3803 cmsuser     121 Feb 24 09:06 Output.root -> /var/lib/condor/execute/dir_87555/glide_ZBAbde/execute/dir_102646/cms_tPjnwB3fEayH/CMSSW_7_2_2_patch1/Output_2_1_gLB.root
-rw-------. 1 uscmsPool3803 cmsuser   24524 Nov 19 08:52 ProcInfo.py
-rw-------. 1 uscmsPool3803 cmsuser   22861 Feb 24 08:57 ProcInfo.pyc
drwx------. 7 uscmsPool3803 cmsuser    4096 Feb 24 08:57 ProdCommon
drwx------. 3 uscmsPool3803 cmsuser    4096 Feb 24 08:57 WMCore
-rw-------. 1 uscmsPool3803 cmsuser    2831 Feb 24 09:06 Watchdog_2.log
-rwx------. 1 uscmsPool3803 cmsuser       0 Feb 24 08:57 _condor_stderr
-rwx---r--. 1 uscmsPool3803 cmsuser   21292 Feb 24 09:07 _condor_stdout
-rw-------. 1 uscmsPool3803 cmsuser   32895 Nov 19 08:52 apmon.py
-rw-------. 1 uscmsPool3803 cmsuser   28219 Feb 24 08:57 apmon.pyc
-rwx------. 1 uscmsPool3803 cmsuser    5161 Feb 24 08:57 arguments.xml
-rwx------. 1 uscmsPool3803 cmsuser  179474 Nov 20 04:11 cmsRun
drwx------. 3 uscmsPool3803 cmsuser    4096 Feb 24 08:57 cms_tPjnwB3fEayH
-rwx------. 1 uscmsPool3803 cmsuser   38581 Nov 19 08:52 cmscp.py
-rw-------. 1 uscmsPool3803 cmsuser     551 Feb 24 09:07 cmscpReport.sh
-rwx------. 1 uscmsPool3803 cmsuser   29379 Feb 24 08:57 condor_exec.exe
-rw-------. 1 uscmsPool3803 cmsuser     500 Feb 24 08:52 crab.cfg
-rwx------. 1 uscmsPool3803 cmsuser    8610 Nov 19 08:52 crabWatchdog.sh
-rwx---r--. 1 uscmsPool3803 cmsuser   77526 Feb 24 09:06 crab_fjr_2.xml
-rwx------. 1 uscmsPool3803 cmsuser 5246937 Feb 24 08:57 default.tgz
-rwx------. 1 uscmsPool3803 cmsuser    4488 Nov 19 08:52 fillCrabFjr.py
-rw-------. 1 uscmsPool3803 cmsuser     460 Feb 24 08:57 inputsReport.txt
-rw-------. 1 uscmsPool3803 cmsuser     246 Feb 24 09:07 jobreport.txt
-rw-------. 1 uscmsPool3803 cmsuser   17352 Nov 19 08:52 parseCrabFjr.py
-rw-------. 1 uscmsPool3803 cmsuser     319 Feb 24 08:57 report.log
-rwx--x--x. 1 uscmsPool3803 cmsuser    1497 Nov 19 08:52 report.py
-rw-------. 1 uscmsPool3803 cmsuser     506 Feb 24 09:07 resultCopyFile
-rwx------. 1 uscmsPool3803 cmsuser    8351 Nov 19 08:52 writeCfg.py
-rw-------. 1 uscmsPool3803 cmsuser   10423 Feb 24 08:56 x509up_u25312
>>> Modify Job Report:
CMSSW_VERSION = CMSSW_7_2_2_patch1
/var/lib/condor/execute/dir_87555/glide_ZBAbde/execute/dir_102646/ProdCommon/FwkJobRep/ModifyJobReport.py fjr /var/lib/condor/execute/dir_87555/glide_ZBAbde/execute/dir_102646/crab_fjr_2.xml json /var/lib/condor/execute/dir_87555/glide_ZBAbde/execute/dir_102646/resultCopyFile n_job 2_1_gLB PrimaryDataset GluGluToHToGG_M-125_13TeV-powheg-pythia6  ApplicationFamily cmsRun ApplicationName cmsRun cmssw_version CMSSW_7_2_2_patch1 psethash ec23393b42b69e4f7dd15845da1dabca
inputDict =  {u'/var/lib/condor/execute/dir_87555/glide_ZBAbde/execute/dir_102646/cms_tPjnwB3fEayH/CMSSW_7_2_2_patch1/Output_2_1_gLB.root': {u'endpoint': u'srm://srm-eoscms.cern.ch:8443/srm/v2/server?SFN=/eos/cms/store//user/ksung/production/phys14test/Phys14-PU20bx25_GluGluToHToGG_M-125/', u'surl_for_grid': u'', u'reason': u'Copy succedeed with srm-lcg utils', u'erCode': u'0', u'PNN': u'srm-eoscms.cern.ch', u'se_name': u'srm-eoscms.cern.ch', u'for_lfn': u'/user/ksung/production/phys14test/Phys14-PU20bx25_GluGluToHToGG_M-125/'}}
UserProcessedDataset =  
Warninig: no EDM_output file or NO_EDM_output to modify in the fjr
Adding a no EDM_output file
>>> crab_fjr_*.xml  permission set to 0704
CrabWrapper EXIT_FUNC entered at Tue Feb 24 09:07:28 CST 2015   -  Tue Feb 24 15:07:28 UTC 2015
Checking output files:  
will tar file crab_fjr_2.xml in  out_files_2
WARNING: output file CMSSW_2.stdout not found!
WARNING: output file CMSSW_2.stderr not found!
WARNING: output file Watchdog_2.log.gz not found!
>>> working dir = /var/lib/condor/execute/dir_87555/glide_ZBAbde/execute/dir_102646/cms_tPjnwB3fEayH
>>> current directory (RUNTIME_AREA): /var/lib/condor/execute/dir_87555/glide_ZBAbde/execute/dir_102646
>>> Remove working directory: /var/lib/condor/execute/dir_87555/glide_ZBAbde/execute/dir_102646/cms_tPjnwB3fEayH
/var/lib/condor/execute/dir_87555/glide_ZBAbde/execute/dir_102646/condor_exec.exe: line 156: symlinks: command not found
>>> padding time: Wrapper lasting more than 600 seconds. No sleep required.
STOPPING WATCHDOG. CrabWatchdog PID is 102888
********** LAST 50 LINES OF WATCHDOG LOG
# RESOURCE USAGE SUMMARY FOR PROCESS ID 102694
USER        PID %CPU %MEM    VSZ   RSS TTY      STAT START   TIME COMMAND
3267     102694  2.0  0.0  22480  1816 ?        SN   08:57   0:00 /bin/sh /var/lib/condor/execute/dir_87555/glide_ZBAbde/execute/dir_102646/condor_exec.exe 2 1
 
# LIMITS USED BY CRAB WATCHDOG:
# RSS  (KBytes)   : 2300000
# VSZ  (KBytes)   : 100000000
# DISK (MBytes)   : 19000
# CPU TIME        : 720h:0m:0s
# WALL CLOCK TIME : 21h:50m:0s
 
# FOLLOWING PRINTOUT TRACKS MAXIMUM VALUES OF RESOURCES USE
# ONE LINE IS PRINTED EACH TIME A MAXIMUM CHANGES
# IF CHANGE WAS IN RSS OR VSZ ALSO PROCID AND COMMAND ARE PRINTED
# THERE IS NO PRINTOUT FOR CPU/WALL TIME INCREASE
 
# TIME			PID	RSS(KB)	VSZ(KB)	Dsk(MB)	tCPU(s)	tWALL(s)	COMMAND
 Feb 24 08:57:09 CST	87560	1880	22624	0	1	1	/bin/bash /var/lib/condor/execute/dir_87555/condor_exec.exe -v std -name v1_3 -entry CMS_T2_US_Nebraska_Red -clientname cmsgwms-frontend-FNAL.main -schedd
 Feb 24 08:57:09 CST	94435	8540	104476	0	0	1	/var/lib/condor/execute/dir_87555/glide_ZBAbde/main/condor/sbin/condor_master -f -pidfile /var/lib/condor/execute/dir_87555/glide_ZBAbde/condor_master2.pid       
 Feb 24 08:57:09 CST	94447	9344	105148	0	0	2	condor_startd -f         
 Feb 24 08:57:09 CST	102900	23400	105148	0	0	2	edmConfigHash pset.py         
 Feb 24 08:57:09 CST	---	23400	105148	17	----	----	----
 Feb 24 08:58:12 CST	103193	452940	673784	17	25	65	cmsRun -j /var/lib/condor/execute/dir_87555/glide_ZBAbde/execute/dir_102646/crab_fjr_2.xml -p pset.py      
 Feb 24 08:59:14 CST	103193	649720	921228	17	70	128	cmsRun -j /var/lib/condor/execute/dir_87555/glide_ZBAbde/execute/dir_102646/crab_fjr_2.xml -p pset.py      
 Feb 24 09:00:17 CST	103193	655776	921228	17	122	191	cmsRun -j /var/lib/condor/execute/dir_87555/glide_ZBAbde/execute/dir_102646/crab_fjr_2.xml -p pset.py      
 Feb 24 09:00:17 CST	---	655776	921228	18	----	----	----
 Feb 24 09:01:20 CST	103193	655924	921228	18	175	253	cmsRun -j /var/lib/condor/execute/dir_87555/glide_ZBAbde/execute/dir_102646/crab_fjr_2.xml -p pset.py      
 Feb 24 09:01:20 CST	---	655924	921228	19	----	----	----
 Feb 24 09:02:22 CST	103193	658624	921228	19	226	315	cmsRun -j /var/lib/condor/execute/dir_87555/glide_ZBAbde/execute/dir_102646/crab_fjr_2.xml -p pset.py      
 Feb 24 09:02:22 CST	---	658624	921228	20	----	----	----
 Feb 24 09:03:24 CST	103193	659688	921228	20	279	377	cmsRun -j /var/lib/condor/execute/dir_87555/glide_ZBAbde/execute/dir_102646/crab_fjr_2.xml -p pset.py      
 Feb 24 09:04:27 CST	103193	661140	921228	20	331	441	cmsRun -j /var/lib/condor/execute/dir_87555/glide_ZBAbde/execute/dir_102646/crab_fjr_2.xml -p pset.py      
 Feb 24 09:04:27 CST	---	661140	921228	21	----	----	----
 Feb 24 09:05:30 CST	---	661140	921228	22	----	----	----
 Feb 24 09:06:32 CST	---	661140	921228	24	----	----	----
********** WATCHDOG LOG ENDED
ZIPPING WATCHDOG LOG
Disk space used:
du -sh /var/lib/condor/execute/dir_87555/glide_ZBAbde/execute/dir_102646
7.4M	/var/lib/condor/execute/dir_87555/glide_ZBAbde/execute/dir_102646
Found unusual stdout, rename for OSB
`/var/lib/condor/execute/dir_87555/glide_ZBAbde/execute/dir_102646/_condor_stdout' -> `CMSSW_2.stdout'
Found unusual stderr, rename for OSB
`/var/lib/condor/execute/dir_87555/glide_ZBAbde/execute/dir_102646/_condor_stdout' -> `CMSSW_2.stderr'
crab_fjr_2.xml
CMSSW_2.stdout
CMSSW_2.stderr
Watchdog_2.log.gz
Total Output dimension: 17655
WARNING: output files size limit is set to: 50000000
Total Output dimension 17655 is fine.
JOB_EXIT_STATUS = 0
>>> info for dashboard:
***** Cat /var/lib/condor/execute/dir_87555/glide_ZBAbde/execute/dir_102646/jobreport.txt *****
MonitorJobID=2_https://vocms20.cern.ch//150224//1939922.1
MonitorID=ksung_crab_0_150224_155200_27i5ao
ExeTime=554
ExeExitCode=0
StageOutExitStatusReason = 'Copy succedeed with srm-lcg utils'
StageOutSE = srm-eoscms.cern.ch
StageOutExitStatus = 0
CrabUserCpuTime=419.60
CrabSysCpuTime=14.07
CrabCpuPercentage=78%
CrabWrapperTime=626
CrabStageoutTime=49
JobExitCode=0
***** End Cat jobreport *****
Parameters sent to Dashboard.
EXITING at Tue Feb 24 09:07:31 CST 2015  -  Tue Feb 24 15:07:31 UTC 2015
