This script was generated by crab (version 2.11.1_patch1).
Running /var/lib/condor/execute/dir_102576/glide_cX8SWo/execute/dir_205276/condor_exec.exe with 2 positional parameters: 7 1
Today is Tue Feb 24 09:00:23 CST 2015 - Tue Feb 24 15:00:23 UTC 2015
Job submitted on host red-d18n28.unl.edu
Linux red-d18n28.unl.edu 2.6.32-504.8.1.el6.x86_64 #1 SMP Tue Jan 27 13:39:10 CST 2015 x86_64 x86_64 x86_64 GNU/Linux
Distributor ID:	Scientific
Description:	Scientific Linux release 6.6 (Carbon)
>>> current directory (RUNTIME_AREA): /var/lib/condor/execute/dir_102576/glide_cX8SWo/execute/dir_205276
>>> current user: uid=3267(uscmsPool3803) gid=11265(cmsuser) groups=11265(cmsuser),4001(grid) context=unconfined_u:system_r:condor_startd_t:s0
>>> directory permission set to 0700
>>> umask set to:  u=rwx,g=,o=
>>> stdout stderr permission set to 0704
>>> voms proxy information:
subject   : /DC=ch/DC=cern/OU=Organic Units/OU=Users/CN=ksung/CN=671305/CN=Kevin Kai Hong Sung/CN=1033111566/CN=1450644648
issuer    : /DC=ch/DC=cern/OU=Organic Units/OU=Users/CN=ksung/CN=671305/CN=Kevin Kai Hong Sung/CN=1033111566
identity  : /DC=ch/DC=cern/OU=Organic Units/OU=Users/CN=ksung/CN=671305/CN=Kevin Kai Hong Sung/CN=1033111566
type      : RFC compliant proxy
strength  : 1024 bits
path      : /var/lib/condor/execute/dir_102576/glide_cX8SWo/execute/dir_205276/x509up_u25312
timeleft  : 191:51:48
key usage : Digital Signature, Key Encipherment
=== VO cms extension information ===
VO        : cms
subject   : /DC=ch/DC=cern/OU=Organic Units/OU=Users/CN=ksung/CN=671305/CN=Kevin Kai Hong Sung
issuer    : /DC=ch/DC=cern/OU=computers/CN=lcg-voms2.cern.ch
attribute : /cms/Role=NULL/Capability=NULL
attribute : /cms/uscms/Role=NULL/Capability=NULL
timeleft  : 191:51:48
uri       : lcg-voms2.cern.ch:15002
WNHostName=red-d18n28.unl.edu
$_CONDOR_JOB_AD =/var/lib/condor/execute/dir_102576/glide_cX8SWo/execute/dir_205276/.job.ad
OverflowFlag=0
>>> tar --no-same-permissions -xf /var/lib/condor/execute/dir_102576/glide_cX8SWo/execute/dir_205276/default.tgz :
Successful untar
>>> Include /var/lib/condor/execute/dir_102576/glide_cX8SWo/execute/dir_205276 in PYTHONPATH:
strip arguments
env var CRAB_UNIQUE_JOB_ID set to: ksung_crab_0_150224_155200_27i5ao_7_1_g00
out_files_7
>>> list of expected files on output sandbox
output files: crab_fjr_7.xml CMSSW_7.stdout CMSSW_7.stderr Watchdog_7.log.gz
>>> GridFlavour discovery: 
source OSG GRID setup script
GridFlavour=OSG
>>> SyncSite discovery: 
SyncSite=T2_US_Nebraska
>>> SyncCE discovery: 
getting SyncCE from GLIDEIN_Gaekeeper
SyncCE=red-gw2.unl.edu red-gw2.unl.edu
>>> info for dashboard:
***** Cat /var/lib/condor/execute/dir_102576/glide_cX8SWo/execute/dir_205276/jobreport.txt *****
WNHostName=red-d18n28.unl.edu
OverflowFlag=0
MonitorJobID=7_https://vocms20.cern.ch//150224//1939922.6
SyncGridJobId=https://vocms20.cern.ch//150224//1939922.6
MonitorID=ksung_crab_0_150224_155200_27i5ao
GridFlavour=OSG
SyncSite=T2_US_Nebraska
SyncCE=red-gw2.unl.edu red-gw2.unl.edu
***** End Cat jobreport *****
Parameters sent to Dashboard.
>>> setup environment
set SCRAM ARCH to slc6_amd64_gcc481
SCRAM_ARCH = slc6_amd64_gcc481
>>> Created working directory: /var/lib/condor/execute/dir_102576/glide_cX8SWo/execute/dir_205276/cms_7Nds62o1uotM
Change to working directory: /var/lib/condor/execute/dir_102576/glide_cX8SWo/execute/dir_205276/cms_7Nds62o1uotM
>>> current directory (WORKING_DIR): /var/lib/condor/execute/dir_102576/glide_cX8SWo/execute/dir_205276/cms_7Nds62o1uotM
>>> setup CMS OSG environment:
set SCRAM ARCH to slc6_amd64_gcc481
SCRAM_ARCH = slc6_amd64_gcc481
OSG_APP is /cvmfs/oasis.opensciencegrid.org
sourcing /cvmfs/oasis.opensciencegrid.org/cmssoft/cms/cmsset_default.sh ...
==> setup cms environment ok
SCRAM_ARCH = slc6_amd64_gcc481
>>> specific cmssw setup environment:
CMSSW_VERSION =  CMSSW_7_2_2_patch1
WARNING: In non-interactive mode release checks e.g. deprecated releases, production architectures are disabled.
>>> current directory (SOFTWARE_DIR): /var/lib/condor/execute/dir_102576/glide_cX8SWo/execute/dir_205276/cms_7Nds62o1uotM/CMSSW_7_2_2_patch1
PreserveSeeds: <>
IncrementSeeds:<>
>>> info for dashboard:
***** Cat /var/lib/condor/execute/dir_102576/glide_cX8SWo/execute/dir_205276/jobreport.txt *****
MonitorJobID=7_https://vocms20.cern.ch//150224//1939922.6
MonitorID=ksung_crab_0_150224_155200_27i5ao
***** End Cat jobreport *****
Parameters sent to Dashboard.
crabWatchdog started as process 206417
>>> moving CMSSW software directories in /var/lib/condor/execute/dir_102576/glide_cX8SWo/execute/dir_205276/cms_7Nds62o1uotM/CMSSW_7_2_2_patch1
mv: cannot stat `/var/lib/condor/execute/dir_102576/glide_cX8SWo/execute/dir_205276/module/': No such file or directory
>>> Include /var/lib/condor/execute/dir_102576/glide_cX8SWo/execute/dir_205276 in PYTHONPATH:
PYTHONPATH=/var/lib/condor/execute/dir_102576/glide_cX8SWo/execute/dir_205276/:/var/lib/condor/execute/dir_102576/glide_cX8SWo/execute/dir_205276/cms_7Nds62o1uotM/CMSSW_7_2_2_patch1/python:/var/lib/condor/execute/dir_102576/glide_cX8SWo/execute/dir_205276/cms_7Nds62o1uotM/CMSSW_7_2_2_patch1/lib/slc6_amd64_gcc481:/cvmfs/cms.cern.ch/slc6_amd64_gcc481/cms/cmssw-patch/CMSSW_7_2_2_patch1/python:/cvmfs/cms.cern.ch/slc6_amd64_gcc481/cms/cmssw-patch/CMSSW_7_2_2_patch1/lib/slc6_amd64_gcc481:/cvmfs/cms.cern.ch/slc6_amd64_gcc481/cms/cmssw/CMSSW_7_2_2/bin/slc6_amd64_gcc481:/cvmfs/cms.cern.ch/slc6_amd64_gcc481/cms/cmssw/CMSSW_7_2_2/lib/slc6_amd64_gcc481:/cvmfs/cms.cern.ch/slc6_amd64_gcc481/cms/coral/CORAL_2_3_21-cms34/slc6_amd64_gcc481/python:/cvmfs/cms.cern.ch/slc6_amd64_gcc481/cms/coral/CORAL_2_3_21-cms34/slc6_amd64_gcc481/lib:/cvmfs/cms.cern.ch/slc6_amd64_gcc481/external/pyqt/4.8.1-cms2/lib/python2.7/site-packages:/cvmfs/cms.cern.ch/slc6_amd64_gcc481/external/py2-scipy/0.8.0-cms2/lib/python2.7/site-packages:/cvmfs/cms.cern.ch/slc6_amd64_gcc481/external/py2-matplotlib/1.2.1-cms2/lib/python2.7/site-packages:/cvmfs/cms.cern.ch/slc6_amd64_gcc481/external/yoda/1.1.0-cms/lib/python2.7/site-packages:/cvmfs/cms.cern.ch/slc6_amd64_gcc481/external/python-ldap/2.4.10-cms2/lib/python2.7/site-packages:/cvmfs/cms.cern.ch/slc6_amd64_gcc481/external/sip/4.11.2-cms2/lib/python2.7/site-packages:/cvmfs/cms.cern.ch/slc6_amd64_gcc481/external/llvm/3.5/lib/python2.7/site-packages:/cvmfs/cms.cern.ch/slc6_amd64_gcc481/external/py2-sqlalchemy/0.8.2-cms3/lib/python2.7/site-packages:/cvmfs/cms.cern.ch/slc6_amd64_gcc481/external/py2-pycurl/7.19.0-cms2/lib/python2.7/site-packages:/cvmfs/cms.cern.ch/slc6_amd64_gcc481/external/py2-python-dateutil/1.1-cms2/lib/python2.7/site-packages:/cvmfs/cms.cern.ch/slc6_amd64_gcc481/external/py2-numpy/1.6.1-cms2/lib/python2.7/site-packages:/cvmfs/cms.cern.ch/slc6_amd64_gcc481/external/py2-lint/0.25.1-cms2/lib/python2.7/site-packages:/cvmfs/cms.cern.ch/slc6_amd64_gcc481/external/py2-ipython/0.10-cms2/lib/python2.7/site-packages:/cvmfs/cms.cern.ch/slc6_amd64_gcc481/external/py2-cx-oracle/5.1-cms3/lib/python2.7/site-packages:/cvmfs/cms.cern.ch/slc6_amd64_gcc481/external/py2-cjson/1.0.5-cms2/lib/python2.7/site-packages:/cvmfs/cms.cern.ch/slc6_amd64_gcc481/external/frontier_client/2.8.10-cms/python/lib:/cvmfs/cms.cern.ch/slc6_amd64_gcc481/cms/das-client/2.5.0-cms/bin:/cvmfs/cms.cern.ch/slc6_amd64_gcc481/external/cython/0.19.1-cms2/lib/python2.7/site-packages:/cvmfs/cms.cern.ch/slc6_amd64_gcc481/external/rivet/2.1.2-cms3/lib/python2.7/site-packages:/cvmfs/cms.cern.ch/slc6_amd64_gcc481/external/pyminuit2/0.0.1-cms26/lib/python2.7/site-packages:/cvmfs/cms.cern.ch/slc6_amd64_gcc481/external/py2-pygithub/1.23.0-cms/lib/python2.7/site-packages:/cvmfs/cms.cern.ch/slc6_amd64_gcc481/external/py2-networkx/1.8.1-cms/lib/python2.7/site-packages:/cvmfs/cms.cern.ch/slc6_amd64_gcc481/external/professor/1.0.0-cms26/lib/python2.7/site-packages:/cvmfs/cms.cern.ch/slc6_amd64_gcc481/lcg/root/5.34.18-cms12/lib:/cvmfs/cms.cern.ch/slc6_amd64_gcc481/cms/dbs-client/DBS_2_1_9-cms2/lib:/cvmfs/cms.cern.ch/slc6_amd64_gcc481/cms/dbs-client/DBS_2_1_9-cms2/lib/DBSAPI:/cvmfs/cms.cern.ch/slc6_amd64_gcc481/external/cvs2git/5419-cms2/lib:/var/lib/condor/execute/dir_102576/glide_cX8SWo/execute/dir_205276/
 
# LIMITS USED BY CRAB WATCHDOG:
# RSS  (KBytes)   : 2300000
# VSZ  (KBytes)   : 100000000
# DISK (MBytes)   : 19000
# CPU TIME        : 720h:0m:0s
# WALL CLOCK TIME : 21h:50m:0s
 
ec23393b42b69e4f7dd15845da1dabca
PSETHASH = ec23393b42b69e4f7dd15845da1dabca
/var/lib/condor/execute/dir_102576/glide_cX8SWo/execute/dir_205276/writeCfg.py pset.py pset.py
Importing .py file
Setting parameters
RandomNumberGeneratorService found, will attempt to change seeds
inputBlocks=/GluGluToHToGG_M-125_13TeV-powheg-pythia6/Phys14DR-PU20bx25_tsg_PHYS14_25_V1-v1/AODSIM#91eb697c-6ffb-11e4-9da5-003048f02d38
inputFiles=/store/mc/Phys14DR/GluGluToHToGG_M-125_13TeV-powheg-pythia6/AODSIM/PU20bx25_tsg_PHYS14_25_V1-v1/00000/68B11C00-FB6F-E411-A3B2-00266CFAE790.root;/store/mc/Phys14DR/GluGluToHToGG_M-125_13TeV-powheg-pythia6/AODSIM/PU20bx25_tsg_PHYS14_25_V1-v1/00000/C26636B5-F46F-E411-8146-7845C4FC37B5.root
parentFiles=
lumisRange=
>>> Executable cmsRun
/cvmfs/cms.cern.ch/slc6_amd64_gcc481/cms/cmssw/CMSSW_7_2_2/bin/slc6_amd64_gcc481/cmsRun
ok executable found
>>> info for dashboard:
***** Cat /var/lib/condor/execute/dir_102576/glide_cX8SWo/execute/dir_205276/jobreport.txt *****
MonitorJobID=7_https://vocms20.cern.ch//150224//1939922.6
MonitorID=ksung_crab_0_150224_155200_27i5ao
ExeStart=cmsRun
***** End Cat jobreport *****
Parameters sent to Dashboard.
>>> cmsRun started at Tue Feb 24 15:00:35 UTC 2015
>>> cmsRun ended at Tue Feb 24 15:09:39 UTC 2015
>>> crab_fjr_*.xml  permission set to 0704
>>> info for dashboard:
***** Cat /var/lib/condor/execute/dir_102576/glide_cX8SWo/execute/dir_205276/jobreport.txt *****
MonitorJobID=7_https://vocms20.cern.ch//150224//1939922.6
MonitorID=ksung_crab_0_150224_155200_27i5ao
ExeEnd=cmsRun
***** End Cat jobreport *****
Parameters sent to Dashboard.
TIME_EXE = 544 sec
>>> cmsRun wrote 39 lines of stdout+stderr
>>> START OF printout of 39 lines from stdout+stderr
24-Feb-2015 09:00:57 CST  Initiating request to open file /mnt/hadoop/user/uscms01/pnfs/unl.edu/data4/cms/store/mc/Phys14DR/GluGluToHToGG_M-125_13TeV-powheg-pythia6/AODSIM/PU20bx25_tsg_PHYS14_25_V1-v1/00000/68B11C00-FB6F-E411-A3B2-00266CFAE790.root
24-Feb-2015 09:01:00 CST  Successfully opened file /mnt/hadoop/user/uscms01/pnfs/unl.edu/data4/cms/store/mc/Phys14DR/GluGluToHToGG_M-125_13TeV-powheg-pythia6/AODSIM/PU20bx25_tsg_PHYS14_25_V1-v1/00000/68B11C00-FB6F-E411-A3B2-00266CFAE790.root

Watch modules:     
Ignore modules:    PhotonConversionTrajectorySeedProducerFromSingleLeg:photonConvTrajSeedFromSingleLeg, SeedGeneratorFromRegionHitsEDProducer:regionalCosmicTrackerSeeds, 
Ignore categories: 
Watch categories:  TooManyClusters, 
Begin processing the 1st record. Run 1, Event 30103, LumiSection 302 at 24-Feb-2015 09:01:19.202 CST
Begin processing the 1001st record. Run 1, Event 36603, LumiSection 367 at 24-Feb-2015 09:02:12.968 CST
Begin processing the 2001st record. Run 1, Event 38003, LumiSection 381 at 24-Feb-2015 09:03:00.857 CST
Begin processing the 3001st record. Run 1, Event 22603, LumiSection 227 at 24-Feb-2015 09:03:52.843 CST
Begin processing the 4001st record. Run 1, Event 65503, LumiSection 656 at 24-Feb-2015 09:04:41.550 CST
Begin processing the 5001st record. Run 1, Event 46403, LumiSection 465 at 24-Feb-2015 09:05:29.556 CST
Begin processing the 6001st record. Run 1, Event 52403, LumiSection 525 at 24-Feb-2015 09:06:18.440 CST
Begin processing the 7001st record. Run 1, Event 85003, LumiSection 851 at 24-Feb-2015 09:07:08.821 CST
24-Feb-2015 09:07:48 CST  Closed file /mnt/hadoop/user/uscms01/pnfs/unl.edu/data4/cms/store/mc/Phys14DR/GluGluToHToGG_M-125_13TeV-powheg-pythia6/AODSIM/PU20bx25_tsg_PHYS14_25_V1-v1/00000/68B11C00-FB6F-E411-A3B2-00266CFAE790.root
24-Feb-2015 09:07:48 CST  Initiating request to open file /mnt/hadoop/user/uscms01/pnfs/unl.edu/data4/cms/store/mc/Phys14DR/GluGluToHToGG_M-125_13TeV-powheg-pythia6/AODSIM/PU20bx25_tsg_PHYS14_25_V1-v1/00000/C26636B5-F46F-E411-8146-7845C4FC37B5.root
24-Feb-2015 09:07:49 CST  Successfully opened file /mnt/hadoop/user/uscms01/pnfs/unl.edu/data4/cms/store/mc/Phys14DR/GluGluToHToGG_M-125_13TeV-powheg-pythia6/AODSIM/PU20bx25_tsg_PHYS14_25_V1-v1/00000/C26636B5-F46F-E411-8146-7845C4FC37B5.root
Begin processing the 8001st record. Run 1, Event 35803, LumiSection 359 at 24-Feb-2015 09:08:01.360 CST
Begin processing the 9001st record. Run 1, Event 25503, LumiSection 256 at 24-Feb-2015 09:08:51.848 CST
24-Feb-2015 09:09:37 CST  Closed file /mnt/hadoop/user/uscms01/pnfs/unl.edu/data4/cms/store/mc/Phys14DR/GluGluToHToGG_M-125_13TeV-powheg-pythia6/AODSIM/PU20bx25_tsg_PHYS14_25_V1-v1/00000/C26636B5-F46F-E411-8146-7845C4FC37B5.root

=============================================

MessageLogger Summary

 type     category        sev    module        subroutine        count    total
 ---- -------------------- -- ---------------- ----------------  -----    -----
    1 fileAction           -s file_close                             2        2
    2 fileAction           -s file_open                              4        4

 type    category    Examples: run/evt        run/evt          run/evt
 ---- -------------------- ---------------- ---------------- ----------------
    1 fileAction           PostEndRun       PostEndRun       
    2 fileAction           pre-events       pre-events       PostEndRun

Severity    # Occurrences   Total Occurrences
--------    -------------   -----------------
System                  6                   6
>>> END OF printout of 39 lines from stdout+stderr
>>> Parse FrameworkJobReport crab_fjr.xml
Result of parsing the FrameworkJobReport crab_fjr.xml: Popularity start
lumisRange : 1::81,90,115-117,130-131,169-170,203,207,211-213,226-228,259,294,302,304,367-369,379-381,397-399,415-417,436,453,457-462,464-465,469-470,472,523-528,538,547-549,628-630,634,646-648,656-657,688,712,802-804,851-852,862-864,874-876::1;1::132,177,189-192,229-231,256-258,286,358-360,631-633,826-828,886::2;
lumisParentRange : 
Basename : /store/mc/Phys14DR/GluGluToHToGG_M-125_13TeV-powheg-pythia6/AODSIM/PU20bx25_tsg_PHYS14_25_V1-v1/00000/
BasenameParent : 
parentFiles : 
inputBlocks : /GluGluToHToGG_M-125_13TeV-powheg-pythia6/Phys14DR-PU20bx25_tsg_PHYS14_25_V1-v1/AODSIM#91eb697c-6ffb-11e4-9da5-003048f02d38
inputFiles : 68B11C00-FB6F-E411-A3B2-00266CFAE790.root::1::EDM::Local::1;C26636B5-F46F-E411-8146-7845C4FC37B5.root::1::EDM::Local::2;
Popularity stop
Extracted ExitStatus from FrameworkJobReport parsing output: 0
>>> Executable succeded  0
ExeExitCode=0
EXECUTABLE_EXIT_STATUS = 0
>>> current directory /var/lib/condor/execute/dir_102576/glide_cX8SWo/execute/dir_205276/cms_7Nds62o1uotM/CMSSW_7_2_2_patch1
>>>  (SOFTWARE_DIR): /var/lib/condor/execute/dir_102576/glide_cX8SWo/execute/dir_205276/cms_7Nds62o1uotM/CMSSW_7_2_2_patch1
>>> (WORKING_DIR): /var/lib/condor/execute/dir_102576/glide_cX8SWo/execute/dir_205276/cms_7Nds62o1uotM
>>> current directory content:
total 7184
drwxr-xr-x. 3 uscmsPool3803 cmsuser    4096 Feb 24 09:00 .SCRAM
-rw-------. 1 uscmsPool3803 cmsuser  325359 Feb 24 09:00 CMSSW.py.pkl
-rw-------. 1 uscmsPool3803 cmsuser 6608595 Feb 24 09:09 Output.root
drwxr-xr-x. 3 uscmsPool3803 cmsuser    4096 Feb 24 09:00 biglib
drwxr-xr-x. 3 uscmsPool3803 cmsuser    4096 Feb 24 09:00 bin
drwxr-xr-x. 3 uscmsPool3803 cmsuser    4096 Feb 24 09:00 cfipython
drwxr-xr-x. 4 uscmsPool3803 cmsuser    4096 Nov 20 08:37 config
-rw-------. 1 uscmsPool3803 cmsuser      17 Feb 24 09:09 cpu_timing.txt
drwxr-xr-x. 2 uscmsPool3803 cmsuser    4096 Feb 24 09:00 doc
-rw-------. 1 uscmsPool3803 cmsuser    3540 Feb 24 09:09 executable.out
drwxr-xr-x. 2 uscmsPool3803 cmsuser    4096 Feb 24 09:00 include
drwx------. 3 uscmsPool3803 cmsuser    4096 Jan 23 06:33 lib
drwxr-xr-x. 3 uscmsPool3803 cmsuser    4096 Feb 24 09:00 logs
drwxr-xr-x. 3 uscmsPool3803 cmsuser    4096 Feb 24 09:00 objs
-rw-------. 1 uscmsPool3803 cmsuser     104 Feb 24 09:00 pset.py
-rw-------. 1 uscmsPool3803 cmsuser  333182 Feb 24 09:00 pset.py.pkl
-rw-------. 1 uscmsPool3803 cmsuser     289 Feb 24 09:00 pset.pyc
drwxr-xr-x. 2 uscmsPool3803 cmsuser    4096 Feb 24 09:00 python
-rw-------. 1 uscmsPool3803 cmsuser     377 Feb 24 09:09 report.log
drwx------. 4 uscmsPool3803 cmsuser    4096 Feb 24 09:00 src
drwxr-xr-x. 3 uscmsPool3803 cmsuser    4096 Feb 24 09:00 test
drwxr-xr-x. 3 uscmsPool3803 cmsuser    4096 Feb 24 09:00 tmp
>>> current directory /var/lib/condor/execute/dir_102576/glide_cX8SWo/execute/dir_205276/cms_7Nds62o1uotM/CMSSW_7_2_2_patch1
>>> (SOFTWARE_DIR): /var/lib/condor/execute/dir_102576/glide_cX8SWo/execute/dir_205276/cms_7Nds62o1uotM/CMSSW_7_2_2_patch1
>>> (WORKING_DIR): /var/lib/condor/execute/dir_102576/glide_cX8SWo/execute/dir_205276/cms_7Nds62o1uotM
>>> current directory content:
total 7184
drwxr-xr-x. 3 uscmsPool3803 cmsuser    4096 Feb 24 09:00 .SCRAM
-rw-------. 1 uscmsPool3803 cmsuser  325359 Feb 24 09:00 CMSSW.py.pkl
-rw-------. 1 uscmsPool3803 cmsuser 6608595 Feb 24 09:09 Output_7_1_g00.root
drwxr-xr-x. 3 uscmsPool3803 cmsuser    4096 Feb 24 09:00 biglib
drwxr-xr-x. 3 uscmsPool3803 cmsuser    4096 Feb 24 09:00 bin
drwxr-xr-x. 3 uscmsPool3803 cmsuser    4096 Feb 24 09:00 cfipython
drwxr-xr-x. 4 uscmsPool3803 cmsuser    4096 Nov 20 08:37 config
-rw-------. 1 uscmsPool3803 cmsuser      17 Feb 24 09:09 cpu_timing.txt
drwxr-xr-x. 2 uscmsPool3803 cmsuser    4096 Feb 24 09:00 doc
-rw-------. 1 uscmsPool3803 cmsuser    3540 Feb 24 09:09 executable.out
drwxr-xr-x. 2 uscmsPool3803 cmsuser    4096 Feb 24 09:00 include
drwx------. 3 uscmsPool3803 cmsuser    4096 Jan 23 06:33 lib
drwxr-xr-x. 3 uscmsPool3803 cmsuser    4096 Feb 24 09:00 logs
drwxr-xr-x. 3 uscmsPool3803 cmsuser    4096 Feb 24 09:00 objs
-rw-------. 1 uscmsPool3803 cmsuser     104 Feb 24 09:00 pset.py
-rw-------. 1 uscmsPool3803 cmsuser  333182 Feb 24 09:00 pset.py.pkl
-rw-------. 1 uscmsPool3803 cmsuser     289 Feb 24 09:00 pset.pyc
drwxr-xr-x. 2 uscmsPool3803 cmsuser    4096 Feb 24 09:00 python
-rw-------. 1 uscmsPool3803 cmsuser     377 Feb 24 09:09 report.log
drwx------. 4 uscmsPool3803 cmsuser    4096 Feb 24 09:00 src
drwxr-xr-x. 3 uscmsPool3803 cmsuser    4096 Feb 24 09:00 test
drwxr-xr-x. 3 uscmsPool3803 cmsuser    4096 Feb 24 09:00 tmp
>>> current directory (RUNTIME_AREA):  /var/lib/condor/execute/dir_102576/glide_cX8SWo/execute/dir_205276
PNN = srm-eoscms.cern.ch
SE = srm-eoscms.cern.ch
SE_PATH = /srm/v2/server?SFN=/eos/cms/store//user/ksung/production/phys14test/Phys14-PU20bx25_GluGluToHToGG_M-125/
LFNBaseName = /user/ksung/production/phys14test/Phys14-PU20bx25_GluGluToHToGG_M-125/
USER = ksung
endpoint = srm://srm-eoscms.cern.ch:8443/srm/v2/server?SFN=/eos/cms/store//user/ksung/production/phys14test/Phys14-PU20bx25_GluGluToHToGG_M-125/
>>> Copy output files from WN = red-d18n28.unl.edu to /srm/v2/server?SFN=/eos/cms/store//user/ksung/production/phys14test/Phys14-PU20bx25_GluGluToHToGG_M-125/ :
python cmscp.py  --destination srm://srm-eoscms.cern.ch:8443/srm/v2/server?SFN=/eos/cms/store//user/ksung/production/phys14test/Phys14-PU20bx25_GluGluToHToGG_M-125/ --inputFileList /var/lib/condor/execute/dir_102576/glide_cX8SWo/execute/dir_205276/cms_7Nds62o1uotM/CMSSW_7_2_2_patch1/Output_7_1_g00.root --middleware OSG --PNN srm-eoscms.cern.ch --se_name srm-eoscms.cern.ch --for_lfn /user/ksung/production/phys14test/Phys14-PU20bx25_GluGluToHToGG_M-125/    
******************************************************
localSeName  =  srm.unl.edu
remoteSeName =  srm-eoscms.cern.ch
******************************************************
{"/var/lib/condor/execute/dir_102576/glide_cX8SWo/execute/dir_205276/cms_7Nds62o1uotM/CMSSW_7_2_2_patch1/Output_7_1_g00.root": {"endpoint": "srm://srm-eoscms.cern.ch:8443/srm/v2/server?SFN=/eos/cms/store//user/ksung/production/phys14test/Phys14-PU20bx25_GluGluToHToGG_M-125/", "surl_for_grid": "", "reason": "Copy succedeed with srm-lcg utils", "erCode": "0", "PNN": "srm-eoscms.cern.ch", "se_name": "srm-eoscms.cern.ch", "for_lfn": "/user/ksung/production/phys14test/Phys14-PU20bx25_GluGluToHToGG_M-125/"}}/var/lib/condor/execute/dir_102576/glide_cX8SWo/execute/dir_205276
-------- cat /var/lib/condor/execute/dir_102576/glide_cX8SWo/execute/dir_205276/cmscpReport.sh 
#!/bin/bash
echo "Report for File: /var/lib/condor/execute/dir_102576/glide_cX8SWo/execute/dir_205276/cms_7Nds62o1uotM/CMSSW_7_2_2_patch1/Output_7_1_g00.root"
echo "LFN: /user/ksung/production/phys14test/Phys14-PU20bx25_GluGluToHToGG_M-125/Output_7_1_g00.root"
echo "StorageElement: srm-eoscms.cern.ch"
echo "StageOutExitStatusReason = 'Copy succedeed with srm-lcg utils'" | tee -a $RUNTIME_AREA/$repo
echo "StageOutSE = srm-eoscms.cern.ch" >> $RUNTIME_AREA/$repo

export StageOutExitStatus=0
echo "StageOutExitStatus = 0" | tee -a $RUNTIME_AREA/$repo
-------- end of /var/lib/condor/execute/dir_102576/glide_cX8SWo/execute/dir_205276/cmscpReport.sh 
Report for File: /var/lib/condor/execute/dir_102576/glide_cX8SWo/execute/dir_205276/cms_7Nds62o1uotM/CMSSW_7_2_2_patch1/Output_7_1_g00.root
LFN: /user/ksung/production/phys14test/Phys14-PU20bx25_GluGluToHToGG_M-125/Output_7_1_g00.root
StorageElement: srm-eoscms.cern.ch
StageOutExitStatusReason = 'Copy succedeed with srm-lcg utils'
StageOutExitStatus = 0
>>> current dir: /var/lib/condor/execute/dir_102576/glide_cX8SWo/execute/dir_205276
>>> current dir content:
total 6120
-rw-------. 1 uscmsPool3803 cmsuser    2441 Feb 24 09:10 .SEinteraction.log
-rwx------. 1 uscmsPool3803 cmsuser      53 Feb 24 09:00 .chirp.config
-rwx------. 1 uscmsPool3803 cmsuser    8084 Feb 24 09:00 .job.ad
-rwx------. 1 uscmsPool3803 cmsuser    9769 Feb 24 09:00 .machine.ad
-rw-------. 1 uscmsPool3803 cmsuser     105 Feb 24 08:52 CMSSW.py
-rw-------. 1 uscmsPool3803 cmsuser  325359 Feb 24 08:52 CMSSW.py.pkl
-rwx------. 1 uscmsPool3803 cmsuser   29379 Feb 24 09:00 CMSSW.sh
-rw-------. 1 uscmsPool3803 cmsuser     215 Feb 24 09:00 CacheEnv.sh
-rw-------. 1 uscmsPool3803 cmsuser    7291 Nov 19 08:52 DashboardAPI.py
-rw-------. 1 uscmsPool3803 cmsuser    6620 Feb 24 09:00 DashboardAPI.pyc
drwx------. 2 uscmsPool3803 cmsuser    4096 Feb 24 09:09 IMProv
-rw-------. 1 uscmsPool3803 cmsuser    2748 Nov 19 08:52 Logger.py
-rw-------. 1 uscmsPool3803 cmsuser    3282 Feb 24 09:00 Logger.pyc
lrwxrwxrwx. 1 uscmsPool3803 cmsuser     122 Feb 24 09:09 Output.root -> /var/lib/condor/execute/dir_102576/glide_cX8SWo/execute/dir_205276/cms_7Nds62o1uotM/CMSSW_7_2_2_patch1/Output_7_1_g00.root
-rw-------. 1 uscmsPool3803 cmsuser   24524 Nov 19 08:52 ProcInfo.py
-rw-------. 1 uscmsPool3803 cmsuser   22885 Feb 24 09:00 ProcInfo.pyc
drwx------. 7 uscmsPool3803 cmsuser    4096 Feb 24 09:00 ProdCommon
drwx------. 3 uscmsPool3803 cmsuser    4096 Feb 24 09:00 WMCore
-rw-------. 1 uscmsPool3803 cmsuser    2460 Feb 24 09:09 Watchdog_7.log
-rwx------. 1 uscmsPool3803 cmsuser       0 Feb 24 09:00 _condor_stderr
-rwx---r--. 1 uscmsPool3803 cmsuser   21405 Feb 24 09:10 _condor_stdout
-rw-------. 1 uscmsPool3803 cmsuser   32895 Nov 19 08:52 apmon.py
-rw-------. 1 uscmsPool3803 cmsuser   28248 Feb 24 09:00 apmon.pyc
-rwx------. 1 uscmsPool3803 cmsuser    5161 Feb 24 09:00 arguments.xml
-rwx------. 1 uscmsPool3803 cmsuser  179474 Nov 20 04:11 cmsRun
drwx------. 3 uscmsPool3803 cmsuser    4096 Feb 24 09:00 cms_7Nds62o1uotM
-rwx------. 1 uscmsPool3803 cmsuser   38581 Nov 19 08:52 cmscp.py
-rw-------. 1 uscmsPool3803 cmsuser     552 Feb 24 09:10 cmscpReport.sh
-rwx------. 1 uscmsPool3803 cmsuser   29379 Feb 24 09:00 condor_exec.exe
-rw-------. 1 uscmsPool3803 cmsuser     500 Feb 24 08:52 crab.cfg
-rwx------. 1 uscmsPool3803 cmsuser    8610 Nov 19 08:52 crabWatchdog.sh
-rwx---r--. 1 uscmsPool3803 cmsuser   77569 Feb 24 09:09 crab_fjr_7.xml
-rwx------. 1 uscmsPool3803 cmsuser 5246937 Feb 24 09:00 default.tgz
-rwx------. 1 uscmsPool3803 cmsuser    4488 Nov 19 08:52 fillCrabFjr.py
-rw-------. 1 uscmsPool3803 cmsuser     460 Feb 24 09:00 inputsReport.txt
-rw-------. 1 uscmsPool3803 cmsuser     246 Feb 24 09:10 jobreport.txt
-rw-------. 1 uscmsPool3803 cmsuser   17352 Nov 19 08:52 parseCrabFjr.py
-rw-------. 1 uscmsPool3803 cmsuser     328 Feb 24 09:00 report.log
-rwx--x--x. 1 uscmsPool3803 cmsuser    1497 Nov 19 08:52 report.py
-rw-------. 1 uscmsPool3803 cmsuser     507 Feb 24 09:10 resultCopyFile
-rwx------. 1 uscmsPool3803 cmsuser    8351 Nov 19 08:52 writeCfg.py
-rw-------. 1 uscmsPool3803 cmsuser   10423 Feb 24 09:00 x509up_u25312
>>> Modify Job Report:
CMSSW_VERSION = CMSSW_7_2_2_patch1
/var/lib/condor/execute/dir_102576/glide_cX8SWo/execute/dir_205276/ProdCommon/FwkJobRep/ModifyJobReport.py fjr /var/lib/condor/execute/dir_102576/glide_cX8SWo/execute/dir_205276/crab_fjr_7.xml json /var/lib/condor/execute/dir_102576/glide_cX8SWo/execute/dir_205276/resultCopyFile n_job 7_1_g00 PrimaryDataset GluGluToHToGG_M-125_13TeV-powheg-pythia6  ApplicationFamily cmsRun ApplicationName cmsRun cmssw_version CMSSW_7_2_2_patch1 psethash ec23393b42b69e4f7dd15845da1dabca
inputDict =  {u'/var/lib/condor/execute/dir_102576/glide_cX8SWo/execute/dir_205276/cms_7Nds62o1uotM/CMSSW_7_2_2_patch1/Output_7_1_g00.root': {u'endpoint': u'srm://srm-eoscms.cern.ch:8443/srm/v2/server?SFN=/eos/cms/store//user/ksung/production/phys14test/Phys14-PU20bx25_GluGluToHToGG_M-125/', u'surl_for_grid': u'', u'reason': u'Copy succedeed with srm-lcg utils', u'erCode': u'0', u'PNN': u'srm-eoscms.cern.ch', u'se_name': u'srm-eoscms.cern.ch', u'for_lfn': u'/user/ksung/production/phys14test/Phys14-PU20bx25_GluGluToHToGG_M-125/'}}
UserProcessedDataset =  
Warninig: no EDM_output file or NO_EDM_output to modify in the fjr
Adding a no EDM_output file
>>> crab_fjr_*.xml  permission set to 0704
CrabWrapper EXIT_FUNC entered at Tue Feb 24 09:10:35 CST 2015   -  Tue Feb 24 15:10:35 UTC 2015
Checking output files:  
will tar file crab_fjr_7.xml in  out_files_7
WARNING: output file CMSSW_7.stdout not found!
WARNING: output file CMSSW_7.stderr not found!
WARNING: output file Watchdog_7.log.gz not found!
>>> working dir = /var/lib/condor/execute/dir_102576/glide_cX8SWo/execute/dir_205276/cms_7Nds62o1uotM
>>> current directory (RUNTIME_AREA): /var/lib/condor/execute/dir_102576/glide_cX8SWo/execute/dir_205276
>>> Remove working directory: /var/lib/condor/execute/dir_102576/glide_cX8SWo/execute/dir_205276/cms_7Nds62o1uotM
/var/lib/condor/execute/dir_102576/glide_cX8SWo/execute/dir_205276/condor_exec.exe: line 156: symlinks: command not found
>>> padding time: Wrapper lasting more than 600 seconds. No sleep required.
STOPPING WATCHDOG. CrabWatchdog PID is 206417
********** LAST 50 LINES OF WATCHDOG LOG
# RESOURCE USAGE SUMMARY FOR PROCESS ID 205657
USER        PID %CPU %MEM    VSZ   RSS TTY      STAT START   TIME COMMAND
3267     205657  1.7  0.0  22480  1808 ?        SN   09:00   0:00 /bin/sh /var/lib/condor/execute/dir_102576/glide_cX8SWo/execute/dir_205276/condor_exec.exe 7 1
 
# LIMITS USED BY CRAB WATCHDOG:
# RSS  (KBytes)   : 2300000
# VSZ  (KBytes)   : 100000000
# DISK (MBytes)   : 19000
# CPU TIME        : 720h:0m:0s
# WALL CLOCK TIME : 21h:50m:0s
 
# FOLLOWING PRINTOUT TRACKS MAXIMUM VALUES OF RESOURCES USE
# ONE LINE IS PRINTED EACH TIME A MAXIMUM CHANGES
# IF CHANGE WAS IN RSS OR VSZ ALSO PROCID AND COMMAND ARE PRINTED
# THERE IS NO PRINTOUT FOR CPU/WALL TIME INCREASE
 
# TIME			PID	RSS(KB)	VSZ(KB)	Dsk(MB)	tCPU(s)	tWALL(s)	COMMAND
 Feb 24 09:00:30 CST	102581	1884	22624	0	0	0	/bin/bash /var/lib/condor/execute/dir_102576/condor_exec.exe -v std -name gfactory_instance -entry CMS_T2_US_Nebraska_Red_gw2 -clientname cmsgwms-frontend-FNAL.main -schedd
 Feb 24 09:00:30 CST	107943	8272	104464	0	1	0	/var/lib/condor/execute/dir_102576/glide_cX8SWo/main/condor/sbin/condor_master -f -pidfile /var/lib/condor/execute/dir_102576/glide_cX8SWo/condor_master2.pid       
 Feb 24 09:00:30 CST	107951	9076	104932	0	40	1	condor_startd -f         
 Feb 24 09:00:30 CST	---	9076	104932	17	----	----	----
 Feb 24 09:01:31 CST	206708	641844	915848	17	35	63	cmsRun -j /var/lib/condor/execute/dir_102576/glide_cX8SWo/execute/dir_205276/crab_fjr_7.xml -p pset.py      
 Feb 24 09:02:33 CST	206708	644660	915848	17	89	125	cmsRun -j /var/lib/condor/execute/dir_102576/glide_cX8SWo/execute/dir_205276/crab_fjr_7.xml -p pset.py      
 Feb 24 09:02:33 CST	---	644660	915848	18	----	----	----
 Feb 24 09:03:35 CST	206708	651364	915848	18	139	187	cmsRun -j /var/lib/condor/execute/dir_102576/glide_cX8SWo/execute/dir_205276/crab_fjr_7.xml -p pset.py      
 Feb 24 09:04:38 CST	206708	653716	915848	18	190	250	cmsRun -j /var/lib/condor/execute/dir_102576/glide_cX8SWo/execute/dir_205276/crab_fjr_7.xml -p pset.py      
 Feb 24 09:04:38 CST	---	653716	915848	19	----	----	----
 Feb 24 09:05:40 CST	---	653716	915848	20	----	----	----
 Feb 24 09:06:44 CST	206708	654684	915848	20	295	377	cmsRun -j /var/lib/condor/execute/dir_102576/glide_cX8SWo/execute/dir_205276/crab_fjr_7.xml -p pset.py      
 Feb 24 09:06:44 CST	---	654684	915848	21	----	----	----
 Feb 24 09:08:49 CST	---	654684	915848	22	----	----	----
 Feb 24 09:09:51 CST	---	654684	915848	24	----	----	----
********** WATCHDOG LOG ENDED
ZIPPING WATCHDOG LOG
Disk space used:
du -sh /var/lib/condor/execute/dir_102576/glide_cX8SWo/execute/dir_205276
7.4M	/var/lib/condor/execute/dir_102576/glide_cX8SWo/execute/dir_205276
Found unusual stdout, rename for OSB
`/var/lib/condor/execute/dir_102576/glide_cX8SWo/execute/dir_205276/_condor_stdout' -> `CMSSW_7.stdout'
Found unusual stderr, rename for OSB
`/var/lib/condor/execute/dir_102576/glide_cX8SWo/execute/dir_205276/_condor_stdout' -> `CMSSW_7.stderr'
crab_fjr_7.xml
CMSSW_7.stdout
CMSSW_7.stderr
Watchdog_7.log.gz
Total Output dimension: 17445
WARNING: output files size limit is set to: 50000000
Total Output dimension 17445 is fine.
JOB_EXIT_STATUS = 0
>>> info for dashboard:
***** Cat /var/lib/condor/execute/dir_102576/glide_cX8SWo/execute/dir_205276/jobreport.txt *****
MonitorJobID=7_https://vocms20.cern.ch//150224//1939922.6
MonitorID=ksung_crab_0_150224_155200_27i5ao
ExeTime=544
ExeExitCode=0
StageOutExitStatusReason = 'Copy succedeed with srm-lcg utils'
StageOutSE = srm-eoscms.cern.ch
StageOutExitStatus = 0
CrabUserCpuTime=423.05
CrabSysCpuTime=14.95
CrabCpuPercentage=80%
CrabWrapperTime=611
CrabStageoutTime=49
JobExitCode=0
***** End Cat jobreport *****
Parameters sent to Dashboard.
EXITING at Tue Feb 24 09:10:38 CST 2015  -  Tue Feb 24 15:10:38 UTC 2015
