This script was generated by crab (version 2.11.1_patch1).
Running /var/lib/condor/execute/dir_7059/glide_kuUhSF/execute/dir_18558/condor_exec.exe with 2 positional parameters: 11 1
Today is Tue Feb 24 09:04:04 CST 2015 - Tue Feb 24 15:04:04 UTC 2015
Job submitted on host red-d21n16.unl.edu
Linux red-d21n16.unl.edu 2.6.32-504.8.1.el6.x86_64 #1 SMP Tue Jan 27 13:39:10 CST 2015 x86_64 x86_64 x86_64 GNU/Linux
Distributor ID:	Scientific
Description:	Scientific Linux release 6.6 (Carbon)
>>> current directory (RUNTIME_AREA): /var/lib/condor/execute/dir_7059/glide_kuUhSF/execute/dir_18558
>>> current user: uid=3267(uscmsPool3803) gid=11265(cmsuser) groups=11265(cmsuser),4001(grid) context=unconfined_u:system_r:condor_startd_t:s0
>>> directory permission set to 0700
>>> umask set to:  u=rwx,g=,o=
>>> stdout stderr permission set to 0704
>>> voms proxy information:
subject   : /DC=ch/DC=cern/OU=Organic Units/OU=Users/CN=ksung/CN=671305/CN=Kevin Kai Hong Sung/CN=1033111566/CN=561425344
issuer    : /DC=ch/DC=cern/OU=Organic Units/OU=Users/CN=ksung/CN=671305/CN=Kevin Kai Hong Sung/CN=1033111566
identity  : /DC=ch/DC=cern/OU=Organic Units/OU=Users/CN=ksung/CN=671305/CN=Kevin Kai Hong Sung/CN=1033111566
type      : RFC compliant proxy
strength  : 1024 bits
path      : /var/lib/condor/execute/dir_7059/glide_kuUhSF/execute/dir_18558/x509up_u25312
timeleft  : 191:48:07
key usage : Digital Signature, Key Encipherment
=== VO cms extension information ===
VO        : cms
subject   : /DC=ch/DC=cern/OU=Organic Units/OU=Users/CN=ksung/CN=671305/CN=Kevin Kai Hong Sung
issuer    : /DC=ch/DC=cern/OU=computers/CN=lcg-voms2.cern.ch
attribute : /cms/Role=NULL/Capability=NULL
attribute : /cms/uscms/Role=NULL/Capability=NULL
timeleft  : 191:48:07
uri       : lcg-voms2.cern.ch:15002
WNHostName=red-d21n16.unl.edu
$_CONDOR_JOB_AD =/var/lib/condor/execute/dir_7059/glide_kuUhSF/execute/dir_18558/.job.ad
OverflowFlag=0
>>> tar --no-same-permissions -xf /var/lib/condor/execute/dir_7059/glide_kuUhSF/execute/dir_18558/default.tgz :
Successful untar
>>> Include /var/lib/condor/execute/dir_7059/glide_kuUhSF/execute/dir_18558 in PYTHONPATH:
strip arguments
env var CRAB_UNIQUE_JOB_ID set to: ksung_crab_0_150224_155200_27i5ao_11_1_lBN
out_files_11
>>> list of expected files on output sandbox
output files: crab_fjr_11.xml CMSSW_11.stdout CMSSW_11.stderr Watchdog_11.log.gz
>>> GridFlavour discovery: 
source OSG GRID setup script
GridFlavour=OSG
>>> SyncSite discovery: 
SyncSite=T2_US_Nebraska
>>> SyncCE discovery: 
getting SyncCE from GLIDEIN_Gaekeeper
SyncCE=red-gw2.unl.edu red-gw2.unl.edu
>>> info for dashboard:
***** Cat /var/lib/condor/execute/dir_7059/glide_kuUhSF/execute/dir_18558/jobreport.txt *****
WNHostName=red-d21n16.unl.edu
OverflowFlag=0
MonitorJobID=11_https://vocms20.cern.ch//150224//1939922.10
SyncGridJobId=https://vocms20.cern.ch//150224//1939922.10
MonitorID=ksung_crab_0_150224_155200_27i5ao
GridFlavour=OSG
SyncSite=T2_US_Nebraska
SyncCE=red-gw2.unl.edu red-gw2.unl.edu
***** End Cat jobreport *****
Parameters sent to Dashboard.
>>> setup environment
set SCRAM ARCH to slc6_amd64_gcc481
SCRAM_ARCH = slc6_amd64_gcc481
>>> Created working directory: /var/lib/condor/execute/dir_7059/glide_kuUhSF/execute/dir_18558/cms_Hq2kr1WGOTVd
Change to working directory: /var/lib/condor/execute/dir_7059/glide_kuUhSF/execute/dir_18558/cms_Hq2kr1WGOTVd
>>> current directory (WORKING_DIR): /var/lib/condor/execute/dir_7059/glide_kuUhSF/execute/dir_18558/cms_Hq2kr1WGOTVd
>>> setup CMS OSG environment:
set SCRAM ARCH to slc6_amd64_gcc481
SCRAM_ARCH = slc6_amd64_gcc481
OSG_APP is /cvmfs/oasis.opensciencegrid.org
sourcing /cvmfs/oasis.opensciencegrid.org/cmssoft/cms/cmsset_default.sh ...
==> setup cms environment ok
SCRAM_ARCH = slc6_amd64_gcc481
>>> specific cmssw setup environment:
CMSSW_VERSION =  CMSSW_7_2_2_patch1
WARNING: In non-interactive mode release checks e.g. deprecated releases, production architectures are disabled.
>>> current directory (SOFTWARE_DIR): /var/lib/condor/execute/dir_7059/glide_kuUhSF/execute/dir_18558/cms_Hq2kr1WGOTVd/CMSSW_7_2_2_patch1
PreserveSeeds: <>
IncrementSeeds:<>
>>> info for dashboard:
***** Cat /var/lib/condor/execute/dir_7059/glide_kuUhSF/execute/dir_18558/jobreport.txt *****
MonitorJobID=11_https://vocms20.cern.ch//150224//1939922.10
MonitorID=ksung_crab_0_150224_155200_27i5ao
***** End Cat jobreport *****
Parameters sent to Dashboard.
crabWatchdog started as process 19316
>>> moving CMSSW software directories in /var/lib/condor/execute/dir_7059/glide_kuUhSF/execute/dir_18558/cms_Hq2kr1WGOTVd/CMSSW_7_2_2_patch1
mv: cannot stat `/var/lib/condor/execute/dir_7059/glide_kuUhSF/execute/dir_18558/module/': No such file or directory
>>> Include /var/lib/condor/execute/dir_7059/glide_kuUhSF/execute/dir_18558 in PYTHONPATH:
PYTHONPATH=/var/lib/condor/execute/dir_7059/glide_kuUhSF/execute/dir_18558/:/var/lib/condor/execute/dir_7059/glide_kuUhSF/execute/dir_18558/cms_Hq2kr1WGOTVd/CMSSW_7_2_2_patch1/python:/var/lib/condor/execute/dir_7059/glide_kuUhSF/execute/dir_18558/cms_Hq2kr1WGOTVd/CMSSW_7_2_2_patch1/lib/slc6_amd64_gcc481:/cvmfs/cms.cern.ch/slc6_amd64_gcc481/cms/cmssw-patch/CMSSW_7_2_2_patch1/python:/cvmfs/cms.cern.ch/slc6_amd64_gcc481/cms/cmssw-patch/CMSSW_7_2_2_patch1/lib/slc6_amd64_gcc481:/cvmfs/cms.cern.ch/slc6_amd64_gcc481/cms/cmssw/CMSSW_7_2_2/bin/slc6_amd64_gcc481:/cvmfs/cms.cern.ch/slc6_amd64_gcc481/cms/cmssw/CMSSW_7_2_2/lib/slc6_amd64_gcc481:/cvmfs/cms.cern.ch/slc6_amd64_gcc481/cms/coral/CORAL_2_3_21-cms34/slc6_amd64_gcc481/python:/cvmfs/cms.cern.ch/slc6_amd64_gcc481/cms/coral/CORAL_2_3_21-cms34/slc6_amd64_gcc481/lib:/cvmfs/cms.cern.ch/slc6_amd64_gcc481/external/pyqt/4.8.1-cms2/lib/python2.7/site-packages:/cvmfs/cms.cern.ch/slc6_amd64_gcc481/external/py2-scipy/0.8.0-cms2/lib/python2.7/site-packages:/cvmfs/cms.cern.ch/slc6_amd64_gcc481/external/py2-matplotlib/1.2.1-cms2/lib/python2.7/site-packages:/cvmfs/cms.cern.ch/slc6_amd64_gcc481/external/yoda/1.1.0-cms/lib/python2.7/site-packages:/cvmfs/cms.cern.ch/slc6_amd64_gcc481/external/python-ldap/2.4.10-cms2/lib/python2.7/site-packages:/cvmfs/cms.cern.ch/slc6_amd64_gcc481/external/sip/4.11.2-cms2/lib/python2.7/site-packages:/cvmfs/cms.cern.ch/slc6_amd64_gcc481/external/llvm/3.5/lib/python2.7/site-packages:/cvmfs/cms.cern.ch/slc6_amd64_gcc481/external/py2-sqlalchemy/0.8.2-cms3/lib/python2.7/site-packages:/cvmfs/cms.cern.ch/slc6_amd64_gcc481/external/py2-pycurl/7.19.0-cms2/lib/python2.7/site-packages:/cvmfs/cms.cern.ch/slc6_amd64_gcc481/external/py2-python-dateutil/1.1-cms2/lib/python2.7/site-packages:/cvmfs/cms.cern.ch/slc6_amd64_gcc481/external/py2-numpy/1.6.1-cms2/lib/python2.7/site-packages:/cvmfs/cms.cern.ch/slc6_amd64_gcc481/external/py2-lint/0.25.1-cms2/lib/python2.7/site-packages:/cvmfs/cms.cern.ch/slc6_amd64_gcc481/external/py2-ipython/0.10-cms2/lib/python2.7/site-packages:/cvmfs/cms.cern.ch/slc6_amd64_gcc481/external/py2-cx-oracle/5.1-cms3/lib/python2.7/site-packages:/cvmfs/cms.cern.ch/slc6_amd64_gcc481/external/py2-cjson/1.0.5-cms2/lib/python2.7/site-packages:/cvmfs/cms.cern.ch/slc6_amd64_gcc481/external/frontier_client/2.8.10-cms/python/lib:/cvmfs/cms.cern.ch/slc6_amd64_gcc481/cms/das-client/2.5.0-cms/bin:/cvmfs/cms.cern.ch/slc6_amd64_gcc481/external/cython/0.19.1-cms2/lib/python2.7/site-packages:/cvmfs/cms.cern.ch/slc6_amd64_gcc481/external/rivet/2.1.2-cms3/lib/python2.7/site-packages:/cvmfs/cms.cern.ch/slc6_amd64_gcc481/external/pyminuit2/0.0.1-cms26/lib/python2.7/site-packages:/cvmfs/cms.cern.ch/slc6_amd64_gcc481/external/py2-pygithub/1.23.0-cms/lib/python2.7/site-packages:/cvmfs/cms.cern.ch/slc6_amd64_gcc481/external/py2-networkx/1.8.1-cms/lib/python2.7/site-packages:/cvmfs/cms.cern.ch/slc6_amd64_gcc481/external/professor/1.0.0-cms26/lib/python2.7/site-packages:/cvmfs/cms.cern.ch/slc6_amd64_gcc481/lcg/root/5.34.18-cms12/lib:/cvmfs/cms.cern.ch/slc6_amd64_gcc481/cms/dbs-client/DBS_2_1_9-cms2/lib:/cvmfs/cms.cern.ch/slc6_amd64_gcc481/cms/dbs-client/DBS_2_1_9-cms2/lib/DBSAPI:/cvmfs/cms.cern.ch/slc6_amd64_gcc481/external/cvs2git/5419-cms2/lib:/var/lib/condor/execute/dir_7059/glide_kuUhSF/execute/dir_18558/
 
# LIMITS USED BY CRAB WATCHDOG:
# RSS  (KBytes)   : 2300000
# VSZ  (KBytes)   : 100000000
# DISK (MBytes)   : 19000
# CPU TIME        : 720h:0m:0s
# WALL CLOCK TIME : 21h:50m:0s
 
ec23393b42b69e4f7dd15845da1dabca
PSETHASH = ec23393b42b69e4f7dd15845da1dabca
/var/lib/condor/execute/dir_7059/glide_kuUhSF/execute/dir_18558/writeCfg.py pset.py pset.py
Importing .py file
Setting parameters
RandomNumberGeneratorService found, will attempt to change seeds
inputBlocks=/GluGluToHToGG_M-125_13TeV-powheg-pythia6/Phys14DR-PU20bx25_tsg_PHYS14_25_V1-v1/AODSIM#5e31bdfc-6f4c-11e4-9da5-003048f02d38
inputFiles=/store/mc/Phys14DR/GluGluToHToGG_M-125_13TeV-powheg-pythia6/AODSIM/PU20bx25_tsg_PHYS14_25_V1-v1/00000/0C5C406B-E26E-E411-8B2B-F04DA275C010.root
parentFiles=
lumisRange=
>>> Executable cmsRun
/cvmfs/cms.cern.ch/slc6_amd64_gcc481/cms/cmssw/CMSSW_7_2_2/bin/slc6_amd64_gcc481/cmsRun
ok executable found
>>> info for dashboard:
***** Cat /var/lib/condor/execute/dir_7059/glide_kuUhSF/execute/dir_18558/jobreport.txt *****
MonitorJobID=11_https://vocms20.cern.ch//150224//1939922.10
MonitorID=ksung_crab_0_150224_155200_27i5ao
ExeStart=cmsRun
***** End Cat jobreport *****
Parameters sent to Dashboard.
>>> cmsRun started at Tue Feb 24 15:04:17 UTC 2015
>>> cmsRun ended at Tue Feb 24 15:14:01 UTC 2015
>>> crab_fjr_*.xml  permission set to 0704
>>> info for dashboard:
***** Cat /var/lib/condor/execute/dir_7059/glide_kuUhSF/execute/dir_18558/jobreport.txt *****
MonitorJobID=11_https://vocms20.cern.ch//150224//1939922.10
MonitorID=ksung_crab_0_150224_155200_27i5ao
ExeEnd=cmsRun
***** End Cat jobreport *****
Parameters sent to Dashboard.
TIME_EXE = 584 sec
>>> cmsRun wrote 35 lines of stdout+stderr
>>> START OF printout of 35 lines from stdout+stderr
24-Feb-2015 09:04:59 CST  Initiating request to open file /mnt/hadoop/user/uscms01/pnfs/unl.edu/data4/cms/store/mc/Phys14DR/GluGluToHToGG_M-125_13TeV-powheg-pythia6/AODSIM/PU20bx25_tsg_PHYS14_25_V1-v1/00000/0C5C406B-E26E-E411-8B2B-F04DA275C010.root
24-Feb-2015 09:05:02 CST  Successfully opened file /mnt/hadoop/user/uscms01/pnfs/unl.edu/data4/cms/store/mc/Phys14DR/GluGluToHToGG_M-125_13TeV-powheg-pythia6/AODSIM/PU20bx25_tsg_PHYS14_25_V1-v1/00000/0C5C406B-E26E-E411-8B2B-F04DA275C010.root

Watch modules:     
Ignore modules:    PhotonConversionTrajectorySeedProducerFromSingleLeg:photonConvTrajSeedFromSingleLeg, SeedGeneratorFromRegionHitsEDProducer:regionalCosmicTrackerSeeds, 
Ignore categories: 
Watch categories:  TooManyClusters, 
Begin processing the 1st record. Run 1, Event 41802, LumiSection 419 at 24-Feb-2015 09:05:36.720 CST
Begin processing the 1001st record. Run 1, Event 65102, LumiSection 652 at 24-Feb-2015 09:06:40.367 CST
Begin processing the 2001st record. Run 1, Event 83102, LumiSection 832 at 24-Feb-2015 09:07:35.478 CST
Begin processing the 3001st record. Run 1, Event 83803, LumiSection 839 at 24-Feb-2015 09:08:30.195 CST
Begin processing the 4001st record. Run 1, Event 81403, LumiSection 815 at 24-Feb-2015 09:09:26.184 CST
Begin processing the 5001st record. Run 1, Event 75803, LumiSection 759 at 24-Feb-2015 09:10:21.028 CST
Begin processing the 6001st record. Run 1, Event 90603, LumiSection 907 at 24-Feb-2015 09:11:16.019 CST
Begin processing the 7001st record. Run 1, Event 91303, LumiSection 914 at 24-Feb-2015 09:12:11.786 CST
Begin processing the 8001st record. Run 1, Event 93703, LumiSection 938 at 24-Feb-2015 09:13:08.506 CST
24-Feb-2015 09:13:59 CST  Closed file /mnt/hadoop/user/uscms01/pnfs/unl.edu/data4/cms/store/mc/Phys14DR/GluGluToHToGG_M-125_13TeV-powheg-pythia6/AODSIM/PU20bx25_tsg_PHYS14_25_V1-v1/00000/0C5C406B-E26E-E411-8B2B-F04DA275C010.root

=============================================

MessageLogger Summary

 type     category        sev    module        subroutine        count    total
 ---- -------------------- -- ---------------- ----------------  -----    -----
    1 fileAction           -s file_close                             1        1
    2 fileAction           -s file_open                              2        2

 type    category    Examples: run/evt        run/evt          run/evt
 ---- -------------------- ---------------- ---------------- ----------------
    1 fileAction           PostEndRun                        
    2 fileAction           pre-events       pre-events       

Severity    # Occurrences   Total Occurrences
--------    -------------   -----------------
System                  3                   3
>>> END OF printout of 35 lines from stdout+stderr
>>> Parse FrameworkJobReport crab_fjr.xml
Result of parsing the FrameworkJobReport crab_fjr.xml: Popularity start
lumisRange : 1::419-420,619-621,638-639,652-654,661-663,682-687,705,715-716,739-741,751-759,768,784-786,815-816,832-834,838-840,842-843,846,882,888,891,899-900,907-909,913-915,919-924,931-939,943-945,952-954,979-984,988-990::1;
lumisParentRange : 
Basename : /store/mc/Phys14DR/GluGluToHToGG_M-125_13TeV-powheg-pythia6/AODSIM/PU20bx25_tsg_PHYS14_25_V1-v1/00000/
BasenameParent : 
parentFiles : 
inputBlocks : /GluGluToHToGG_M-125_13TeV-powheg-pythia6/Phys14DR-PU20bx25_tsg_PHYS14_25_V1-v1/AODSIM#5e31bdfc-6f4c-11e4-9da5-003048f02d38
inputFiles : 0C5C406B-E26E-E411-8B2B-F04DA275C010.root::1::EDM::Local::1;
Popularity stop
Extracted ExitStatus from FrameworkJobReport parsing output: 0
>>> Executable succeded  0
ExeExitCode=0
EXECUTABLE_EXIT_STATUS = 0
>>> current directory /var/lib/condor/execute/dir_7059/glide_kuUhSF/execute/dir_18558/cms_Hq2kr1WGOTVd/CMSSW_7_2_2_patch1
>>>  (SOFTWARE_DIR): /var/lib/condor/execute/dir_7059/glide_kuUhSF/execute/dir_18558/cms_Hq2kr1WGOTVd/CMSSW_7_2_2_patch1
>>> (WORKING_DIR): /var/lib/condor/execute/dir_7059/glide_kuUhSF/execute/dir_18558/cms_Hq2kr1WGOTVd
>>> current directory content:
total 6500
drwxr-xr-x. 3 uscmsPool3803 cmsuser    4096 Feb 24 09:04 .SCRAM
-rw-------. 1 uscmsPool3803 cmsuser  325359 Feb 24 09:04 CMSSW.py.pkl
-rw-------. 1 uscmsPool3803 cmsuser 5910813 Feb 24 09:14 Output.root
drwxr-xr-x. 3 uscmsPool3803 cmsuser    4096 Feb 24 09:04 biglib
drwxr-xr-x. 3 uscmsPool3803 cmsuser    4096 Feb 24 09:04 bin
drwxr-xr-x. 3 uscmsPool3803 cmsuser    4096 Feb 24 09:04 cfipython
drwxr-xr-x. 4 uscmsPool3803 cmsuser    4096 Nov 20 08:37 config
-rw-------. 1 uscmsPool3803 cmsuser      17 Feb 24 09:14 cpu_timing.txt
drwxr-xr-x. 2 uscmsPool3803 cmsuser    4096 Feb 24 09:04 doc
-rw-------. 1 uscmsPool3803 cmsuser    2706 Feb 24 09:14 executable.out
drwxr-xr-x. 2 uscmsPool3803 cmsuser    4096 Feb 24 09:04 include
drwx------. 3 uscmsPool3803 cmsuser    4096 Jan 23 06:33 lib
drwxr-xr-x. 3 uscmsPool3803 cmsuser    4096 Feb 24 09:04 logs
drwxr-xr-x. 3 uscmsPool3803 cmsuser    4096 Feb 24 09:04 objs
-rw-------. 1 uscmsPool3803 cmsuser     104 Feb 24 09:04 pset.py
-rw-------. 1 uscmsPool3803 cmsuser  333028 Feb 24 09:04 pset.py.pkl
-rw-------. 1 uscmsPool3803 cmsuser     289 Feb 24 09:04 pset.pyc
drwxr-xr-x. 2 uscmsPool3803 cmsuser    4096 Feb 24 09:04 python
-rw-------. 1 uscmsPool3803 cmsuser     383 Feb 24 09:14 report.log
drwx------. 4 uscmsPool3803 cmsuser    4096 Feb 24 09:04 src
drwxr-xr-x. 3 uscmsPool3803 cmsuser    4096 Feb 24 09:04 test
drwxr-xr-x. 3 uscmsPool3803 cmsuser    4096 Feb 24 09:04 tmp
>>> current directory /var/lib/condor/execute/dir_7059/glide_kuUhSF/execute/dir_18558/cms_Hq2kr1WGOTVd/CMSSW_7_2_2_patch1
>>> (SOFTWARE_DIR): /var/lib/condor/execute/dir_7059/glide_kuUhSF/execute/dir_18558/cms_Hq2kr1WGOTVd/CMSSW_7_2_2_patch1
>>> (WORKING_DIR): /var/lib/condor/execute/dir_7059/glide_kuUhSF/execute/dir_18558/cms_Hq2kr1WGOTVd
>>> current directory content:
total 6500
drwxr-xr-x. 3 uscmsPool3803 cmsuser    4096 Feb 24 09:04 .SCRAM
-rw-------. 1 uscmsPool3803 cmsuser  325359 Feb 24 09:04 CMSSW.py.pkl
-rw-------. 1 uscmsPool3803 cmsuser 5910813 Feb 24 09:14 Output_11_1_lBN.root
drwxr-xr-x. 3 uscmsPool3803 cmsuser    4096 Feb 24 09:04 biglib
drwxr-xr-x. 3 uscmsPool3803 cmsuser    4096 Feb 24 09:04 bin
drwxr-xr-x. 3 uscmsPool3803 cmsuser    4096 Feb 24 09:04 cfipython
drwxr-xr-x. 4 uscmsPool3803 cmsuser    4096 Nov 20 08:37 config
-rw-------. 1 uscmsPool3803 cmsuser      17 Feb 24 09:14 cpu_timing.txt
drwxr-xr-x. 2 uscmsPool3803 cmsuser    4096 Feb 24 09:04 doc
-rw-------. 1 uscmsPool3803 cmsuser    2706 Feb 24 09:14 executable.out
drwxr-xr-x. 2 uscmsPool3803 cmsuser    4096 Feb 24 09:04 include
drwx------. 3 uscmsPool3803 cmsuser    4096 Jan 23 06:33 lib
drwxr-xr-x. 3 uscmsPool3803 cmsuser    4096 Feb 24 09:04 logs
drwxr-xr-x. 3 uscmsPool3803 cmsuser    4096 Feb 24 09:04 objs
-rw-------. 1 uscmsPool3803 cmsuser     104 Feb 24 09:04 pset.py
-rw-------. 1 uscmsPool3803 cmsuser  333028 Feb 24 09:04 pset.py.pkl
-rw-------. 1 uscmsPool3803 cmsuser     289 Feb 24 09:04 pset.pyc
drwxr-xr-x. 2 uscmsPool3803 cmsuser    4096 Feb 24 09:04 python
-rw-------. 1 uscmsPool3803 cmsuser     383 Feb 24 09:14 report.log
drwx------. 4 uscmsPool3803 cmsuser    4096 Feb 24 09:04 src
drwxr-xr-x. 3 uscmsPool3803 cmsuser    4096 Feb 24 09:04 test
drwxr-xr-x. 3 uscmsPool3803 cmsuser    4096 Feb 24 09:04 tmp
>>> current directory (RUNTIME_AREA):  /var/lib/condor/execute/dir_7059/glide_kuUhSF/execute/dir_18558
PNN = srm-eoscms.cern.ch
SE = srm-eoscms.cern.ch
SE_PATH = /srm/v2/server?SFN=/eos/cms/store//user/ksung/production/phys14test/Phys14-PU20bx25_GluGluToHToGG_M-125/
LFNBaseName = /user/ksung/production/phys14test/Phys14-PU20bx25_GluGluToHToGG_M-125/
USER = ksung
endpoint = srm://srm-eoscms.cern.ch:8443/srm/v2/server?SFN=/eos/cms/store//user/ksung/production/phys14test/Phys14-PU20bx25_GluGluToHToGG_M-125/
>>> Copy output files from WN = red-d21n16.unl.edu to /srm/v2/server?SFN=/eos/cms/store//user/ksung/production/phys14test/Phys14-PU20bx25_GluGluToHToGG_M-125/ :
python cmscp.py  --destination srm://srm-eoscms.cern.ch:8443/srm/v2/server?SFN=/eos/cms/store//user/ksung/production/phys14test/Phys14-PU20bx25_GluGluToHToGG_M-125/ --inputFileList /var/lib/condor/execute/dir_7059/glide_kuUhSF/execute/dir_18558/cms_Hq2kr1WGOTVd/CMSSW_7_2_2_patch1/Output_11_1_lBN.root --middleware OSG --PNN srm-eoscms.cern.ch --se_name srm-eoscms.cern.ch --for_lfn /user/ksung/production/phys14test/Phys14-PU20bx25_GluGluToHToGG_M-125/    
******************************************************
localSeName  =  srm.unl.edu
remoteSeName =  srm-eoscms.cern.ch
******************************************************
{"/var/lib/condor/execute/dir_7059/glide_kuUhSF/execute/dir_18558/cms_Hq2kr1WGOTVd/CMSSW_7_2_2_patch1/Output_11_1_lBN.root": {"endpoint": "srm://srm-eoscms.cern.ch:8443/srm/v2/server?SFN=/eos/cms/store//user/ksung/production/phys14test/Phys14-PU20bx25_GluGluToHToGG_M-125/", "surl_for_grid": "", "reason": "Copy succedeed with srm-lcg utils", "erCode": "0", "PNN": "srm-eoscms.cern.ch", "se_name": "srm-eoscms.cern.ch", "for_lfn": "/user/ksung/production/phys14test/Phys14-PU20bx25_GluGluToHToGG_M-125/"}}/var/lib/condor/execute/dir_7059/glide_kuUhSF/execute/dir_18558
-------- cat /var/lib/condor/execute/dir_7059/glide_kuUhSF/execute/dir_18558/cmscpReport.sh 
#!/bin/bash
echo "Report for File: /var/lib/condor/execute/dir_7059/glide_kuUhSF/execute/dir_18558/cms_Hq2kr1WGOTVd/CMSSW_7_2_2_patch1/Output_11_1_lBN.root"
echo "LFN: /user/ksung/production/phys14test/Phys14-PU20bx25_GluGluToHToGG_M-125/Output_11_1_lBN.root"
echo "StorageElement: srm-eoscms.cern.ch"
echo "StageOutExitStatusReason = 'Copy succedeed with srm-lcg utils'" | tee -a $RUNTIME_AREA/$repo
echo "StageOutSE = srm-eoscms.cern.ch" >> $RUNTIME_AREA/$repo

export StageOutExitStatus=0
echo "StageOutExitStatus = 0" | tee -a $RUNTIME_AREA/$repo
-------- end of /var/lib/condor/execute/dir_7059/glide_kuUhSF/execute/dir_18558/cmscpReport.sh 
Report for File: /var/lib/condor/execute/dir_7059/glide_kuUhSF/execute/dir_18558/cms_Hq2kr1WGOTVd/CMSSW_7_2_2_patch1/Output_11_1_lBN.root
LFN: /user/ksung/production/phys14test/Phys14-PU20bx25_GluGluToHToGG_M-125/Output_11_1_lBN.root
StorageElement: srm-eoscms.cern.ch
StageOutExitStatusReason = 'Copy succedeed with srm-lcg utils'
StageOutExitStatus = 0
>>> current dir: /var/lib/condor/execute/dir_7059/glide_kuUhSF/execute/dir_18558
>>> current dir content:
total 6088
-rw-------. 1 uscmsPool3803 cmsuser    2433 Feb 24 09:15 .SEinteraction.log
-rwx------. 1 uscmsPool3803 cmsuser      52 Feb 24 09:03 .chirp.config
-rwx------. 1 uscmsPool3803 cmsuser    8086 Feb 24 09:03 .job.ad
-rwx------. 1 uscmsPool3803 cmsuser    9680 Feb 24 09:03 .machine.ad
-rw-------. 1 uscmsPool3803 cmsuser     105 Feb 24 08:52 CMSSW.py
-rw-------. 1 uscmsPool3803 cmsuser  325359 Feb 24 08:52 CMSSW.py.pkl
-rwx------. 1 uscmsPool3803 cmsuser   29379 Feb 24 09:04 CMSSW.sh
-rw-------. 1 uscmsPool3803 cmsuser     212 Feb 24 09:04 CacheEnv.sh
-rw-------. 1 uscmsPool3803 cmsuser    7291 Nov 19 08:52 DashboardAPI.py
-rw-------. 1 uscmsPool3803 cmsuser    6575 Feb 24 09:04 DashboardAPI.pyc
drwx------. 2 uscmsPool3803 cmsuser    4096 Feb 24 09:14 IMProv
-rw-------. 1 uscmsPool3803 cmsuser    2748 Nov 19 08:52 Logger.py
-rw-------. 1 uscmsPool3803 cmsuser    3267 Feb 24 09:04 Logger.pyc
lrwxrwxrwx. 1 uscmsPool3803 cmsuser     120 Feb 24 09:14 Output.root -> /var/lib/condor/execute/dir_7059/glide_kuUhSF/execute/dir_18558/cms_Hq2kr1WGOTVd/CMSSW_7_2_2_patch1/Output_11_1_lBN.root
-rw-------. 1 uscmsPool3803 cmsuser   24524 Nov 19 08:52 ProcInfo.py
-rw-------. 1 uscmsPool3803 cmsuser   22813 Feb 24 09:04 ProcInfo.pyc
drwx------. 7 uscmsPool3803 cmsuser    4096 Feb 24 09:04 ProdCommon
drwx------. 3 uscmsPool3803 cmsuser    4096 Feb 24 09:04 WMCore
-rw-------. 1 uscmsPool3803 cmsuser    3066 Feb 24 09:14 Watchdog_11.log
-rwx------. 1 uscmsPool3803 cmsuser       0 Feb 24 09:04 _condor_stderr
-rwx---r--. 1 uscmsPool3803 cmsuser   20189 Feb 24 09:15 _condor_stdout
-rw-------. 1 uscmsPool3803 cmsuser   32895 Nov 19 08:52 apmon.py
-rw-------. 1 uscmsPool3803 cmsuser   28161 Feb 24 09:04 apmon.pyc
-rwx------. 1 uscmsPool3803 cmsuser    5161 Feb 24 09:04 arguments.xml
-rwx------. 1 uscmsPool3803 cmsuser  179474 Nov 20 04:11 cmsRun
drwx------. 3 uscmsPool3803 cmsuser    4096 Feb 24 09:04 cms_Hq2kr1WGOTVd
-rwx------. 1 uscmsPool3803 cmsuser   38581 Nov 19 08:52 cmscp.py
-rw-------. 1 uscmsPool3803 cmsuser     551 Feb 24 09:15 cmscpReport.sh
-rwx------. 1 uscmsPool3803 cmsuser   29379 Feb 24 09:04 condor_exec.exe
-rw-------. 1 uscmsPool3803 cmsuser     500 Feb 24 08:52 crab.cfg
-rwx------. 1 uscmsPool3803 cmsuser    8610 Nov 19 08:52 crabWatchdog.sh
-rwx---r--. 1 uscmsPool3803 cmsuser   45435 Feb 24 09:14 crab_fjr_11.xml
-rwx------. 1 uscmsPool3803 cmsuser 5246937 Feb 24 09:04 default.tgz
-rwx------. 1 uscmsPool3803 cmsuser    4488 Nov 19 08:52 fillCrabFjr.py
-rw-------. 1 uscmsPool3803 cmsuser     316 Feb 24 09:04 inputsReport.txt
-rw-------. 1 uscmsPool3803 cmsuser     248 Feb 24 09:15 jobreport.txt
-rw-------. 1 uscmsPool3803 cmsuser   17352 Nov 19 08:52 parseCrabFjr.py
-rw-------. 1 uscmsPool3803 cmsuser     331 Feb 24 09:04 report.log
-rwx--x--x. 1 uscmsPool3803 cmsuser    1497 Nov 19 08:52 report.py
-rw-------. 1 uscmsPool3803 cmsuser     505 Feb 24 09:15 resultCopyFile
-rwx------. 1 uscmsPool3803 cmsuser    8351 Nov 19 08:52 writeCfg.py
-rw-------. 1 uscmsPool3803 cmsuser   10423 Feb 24 09:14 x509up_u25312
>>> Modify Job Report:
CMSSW_VERSION = CMSSW_7_2_2_patch1
/var/lib/condor/execute/dir_7059/glide_kuUhSF/execute/dir_18558/ProdCommon/FwkJobRep/ModifyJobReport.py fjr /var/lib/condor/execute/dir_7059/glide_kuUhSF/execute/dir_18558/crab_fjr_11.xml json /var/lib/condor/execute/dir_7059/glide_kuUhSF/execute/dir_18558/resultCopyFile n_job 11_1_lBN PrimaryDataset GluGluToHToGG_M-125_13TeV-powheg-pythia6  ApplicationFamily cmsRun ApplicationName cmsRun cmssw_version CMSSW_7_2_2_patch1 psethash ec23393b42b69e4f7dd15845da1dabca
inputDict =  {u'/var/lib/condor/execute/dir_7059/glide_kuUhSF/execute/dir_18558/cms_Hq2kr1WGOTVd/CMSSW_7_2_2_patch1/Output_11_1_lBN.root': {u'endpoint': u'srm://srm-eoscms.cern.ch:8443/srm/v2/server?SFN=/eos/cms/store//user/ksung/production/phys14test/Phys14-PU20bx25_GluGluToHToGG_M-125/', u'surl_for_grid': u'', u'reason': u'Copy succedeed with srm-lcg utils', u'erCode': u'0', u'PNN': u'srm-eoscms.cern.ch', u'se_name': u'srm-eoscms.cern.ch', u'for_lfn': u'/user/ksung/production/phys14test/Phys14-PU20bx25_GluGluToHToGG_M-125/'}}
UserProcessedDataset =  
Warninig: no EDM_output file or NO_EDM_output to modify in the fjr
Adding a no EDM_output file
>>> crab_fjr_*.xml  permission set to 0704
CrabWrapper EXIT_FUNC entered at Tue Feb 24 09:15:01 CST 2015   -  Tue Feb 24 15:15:01 UTC 2015
Checking output files:  
will tar file crab_fjr_11.xml in  out_files_11
WARNING: output file CMSSW_11.stdout not found!
WARNING: output file CMSSW_11.stderr not found!
WARNING: output file Watchdog_11.log.gz not found!
>>> working dir = /var/lib/condor/execute/dir_7059/glide_kuUhSF/execute/dir_18558/cms_Hq2kr1WGOTVd
>>> current directory (RUNTIME_AREA): /var/lib/condor/execute/dir_7059/glide_kuUhSF/execute/dir_18558
>>> Remove working directory: /var/lib/condor/execute/dir_7059/glide_kuUhSF/execute/dir_18558/cms_Hq2kr1WGOTVd
/var/lib/condor/execute/dir_7059/glide_kuUhSF/execute/dir_18558/condor_exec.exe: line 156: symlinks: command not found
>>> padding time: Wrapper lasting more than 600 seconds. No sleep required.
STOPPING WATCHDOG. CrabWatchdog PID is 19316
********** LAST 50 LINES OF WATCHDOG LOG
# RESOURCE USAGE SUMMARY FOR PROCESS ID 18646
USER       PID %CPU %MEM    VSZ   RSS TTY      STAT START   TIME COMMAND
3267     18646  2.0  0.0  22480  1812 ?        SN   09:04   0:00 /bin/sh /var/lib/condor/execute/dir_7059/glide_kuUhSF/execute/dir_18558/condor_exec.exe 11 1
 
# LIMITS USED BY CRAB WATCHDOG:
# RSS  (KBytes)   : 2300000
# VSZ  (KBytes)   : 100000000
# DISK (MBytes)   : 19000
# CPU TIME        : 720h:0m:0s
# WALL CLOCK TIME : 21h:50m:0s
 
# FOLLOWING PRINTOUT TRACKS MAXIMUM VALUES OF RESOURCES USE
# ONE LINE IS PRINTED EACH TIME A MAXIMUM CHANGES
# IF CHANGE WAS IN RSS OR VSZ ALSO PROCID AND COMMAND ARE PRINTED
# THERE IS NO PRINTOUT FOR CPU/WALL TIME INCREASE
 
# TIME			PID	RSS(KB)	VSZ(KB)	Dsk(MB)	tCPU(s)	tWALL(s)	COMMAND
 Feb 24 09:04:12 CST	7068	1880	22624	0	0	0	/bin/bash /var/lib/condor/execute/dir_7059/condor_exec.exe -v std -name gfactory_instance -entry CMS_T2_US_Nebraska_Red_gw2 -clientname cmsgwms-frontend-FNAL.main -schedd
 Feb 24 09:04:12 CST	13649	8212	103588	0	0	1	/var/lib/condor/execute/dir_7059/glide_kuUhSF/main/condor/sbin/condor_master -f -pidfile /var/lib/condor/execute/dir_7059/glide_kuUhSF/condor_master2.pid       
 Feb 24 09:04:12 CST	13655	9000	104184	0	0	1	condor_startd -f         
 Feb 24 09:04:12 CST	18558	9000	104680	0	0	1	condor_starter -f vocms20.cern.ch        
 Feb 24 09:04:12 CST	---	9000	104680	17	----	----	----
 Feb 24 09:05:14 CST	13655	9048	105040	17	0	63	condor_startd -f         
 Feb 24 09:05:14 CST	19757	439860	650264	17	22	64	cmsRun -j /var/lib/condor/execute/dir_7059/glide_kuUhSF/execute/dir_18558/crab_fjr_11.xml -p pset.py      
 Feb 24 09:06:16 CST	19757	641564	914828	17	60	127	cmsRun -j /var/lib/condor/execute/dir_7059/glide_kuUhSF/execute/dir_18558/crab_fjr_11.xml -p pset.py      
 Feb 24 09:07:20 CST	19757	645876	914828	17	112	190	cmsRun -j /var/lib/condor/execute/dir_7059/glide_kuUhSF/execute/dir_18558/crab_fjr_11.xml -p pset.py      
 Feb 24 09:07:20 CST	---	645876	914828	18	----	----	----
 Feb 24 09:08:22 CST	19757	646140	914828	18	163	253	cmsRun -j /var/lib/condor/execute/dir_7059/glide_kuUhSF/execute/dir_18558/crab_fjr_11.xml -p pset.py      
 Feb 24 09:09:25 CST	19757	647564	914828	18	215	315	cmsRun -j /var/lib/condor/execute/dir_7059/glide_kuUhSF/execute/dir_18558/crab_fjr_11.xml -p pset.py      
 Feb 24 09:09:25 CST	---	647564	914828	19	----	----	----
 Feb 24 09:10:28 CST	19757	647764	914828	19	268	378	cmsRun -j /var/lib/condor/execute/dir_7059/glide_kuUhSF/execute/dir_18558/crab_fjr_11.xml -p pset.py      
 Feb 24 09:10:28 CST	---	647764	914828	20	----	----	----
 Feb 24 09:11:30 CST	19757	647904	914828	20	322	442	cmsRun -j /var/lib/condor/execute/dir_7059/glide_kuUhSF/execute/dir_18558/crab_fjr_11.xml -p pset.py      
 Feb 24 09:11:30 CST	---	647904	914828	21	----	----	----
 Feb 24 09:12:34 CST	19757	648336	914828	21	373	505	cmsRun -j /var/lib/condor/execute/dir_7059/glide_kuUhSF/execute/dir_18558/crab_fjr_11.xml -p pset.py      
 Feb 24 09:13:37 CST	---	648336	914828	22	----	----	----
 Feb 24 09:14:40 CST	---	648336	914828	23	----	----	----
********** WATCHDOG LOG ENDED
ZIPPING WATCHDOG LOG
Disk space used:
du -sh /var/lib/condor/execute/dir_7059/glide_kuUhSF/execute/dir_18558
7.4M	/var/lib/condor/execute/dir_7059/glide_kuUhSF/execute/dir_18558
Found unusual stdout, rename for OSB
`/var/lib/condor/execute/dir_7059/glide_kuUhSF/execute/dir_18558/_condor_stdout' -> `CMSSW_11.stdout'
Found unusual stderr, rename for OSB
`/var/lib/condor/execute/dir_7059/glide_kuUhSF/execute/dir_18558/_condor_stdout' -> `CMSSW_11.stderr'
crab_fjr_11.xml
CMSSW_11.stdout
CMSSW_11.stderr
Watchdog_11.log.gz
Total Output dimension: 13906
WARNING: output files size limit is set to: 50000000
Total Output dimension 13906 is fine.
JOB_EXIT_STATUS = 0
>>> info for dashboard:
***** Cat /var/lib/condor/execute/dir_7059/glide_kuUhSF/execute/dir_18558/jobreport.txt *****
MonitorJobID=11_https://vocms20.cern.ch//150224//1939922.10
MonitorID=ksung_crab_0_150224_155200_27i5ao
ExeTime=584
ExeExitCode=0
StageOutExitStatusReason = 'Copy succedeed with srm-lcg utils'
StageOutSE = srm-eoscms.cern.ch
StageOutExitStatus = 0
CrabUserCpuTime=429.83
CrabSysCpuTime=15.56
CrabCpuPercentage=76%
CrabWrapperTime=657
CrabStageoutTime=49
JobExitCode=0
***** End Cat jobreport *****
Parameters sent to Dashboard.
EXITING at Tue Feb 24 09:15:08 CST 2015  -  Tue Feb 24 15:15:08 UTC 2015
