This script was generated by crab (version 2.11.1_patch1).
Running /var/lib/condor/execute/dir_13561/glide_uOqYZu/execute/dir_28083/condor_exec.exe with 2 positional parameters: 9 1
Today is Tue Feb 24 09:00:23 CST 2015 - Tue Feb 24 15:00:23 UTC 2015
Job submitted on host red-d18n7.unl.edu
Linux red-d18n7.unl.edu 2.6.32-504.8.1.el6.x86_64 #1 SMP Tue Jan 27 13:39:10 CST 2015 x86_64 x86_64 x86_64 GNU/Linux
Distributor ID:	Scientific
Description:	Scientific Linux release 6.6 (Carbon)
>>> current directory (RUNTIME_AREA): /var/lib/condor/execute/dir_13561/glide_uOqYZu/execute/dir_28083
>>> current user: uid=3267(uscmsPool3803) gid=11265(cmsuser) groups=11265(cmsuser),4001(grid) context=unconfined_u:system_r:condor_startd_t:s0
>>> directory permission set to 0700
>>> umask set to:  u=rwx,g=,o=
>>> stdout stderr permission set to 0704
>>> voms proxy information:
subject   : /DC=ch/DC=cern/OU=Organic Units/OU=Users/CN=ksung/CN=671305/CN=Kevin Kai Hong Sung/CN=1033111566/CN=826873499
issuer    : /DC=ch/DC=cern/OU=Organic Units/OU=Users/CN=ksung/CN=671305/CN=Kevin Kai Hong Sung/CN=1033111566
identity  : /DC=ch/DC=cern/OU=Organic Units/OU=Users/CN=ksung/CN=671305/CN=Kevin Kai Hong Sung/CN=1033111566
type      : RFC compliant proxy
strength  : 1024 bits
path      : /var/lib/condor/execute/dir_13561/glide_uOqYZu/execute/dir_28083/x509up_u25312
timeleft  : 191:51:48
key usage : Digital Signature, Key Encipherment
=== VO cms extension information ===
VO        : cms
subject   : /DC=ch/DC=cern/OU=Organic Units/OU=Users/CN=ksung/CN=671305/CN=Kevin Kai Hong Sung
issuer    : /DC=ch/DC=cern/OU=computers/CN=lcg-voms2.cern.ch
attribute : /cms/Role=NULL/Capability=NULL
attribute : /cms/uscms/Role=NULL/Capability=NULL
timeleft  : 191:51:48
uri       : lcg-voms2.cern.ch:15002
WNHostName=red-d18n7.unl.edu
$_CONDOR_JOB_AD =/var/lib/condor/execute/dir_13561/glide_uOqYZu/execute/dir_28083/.job.ad
OverflowFlag=0
>>> tar --no-same-permissions -xf /var/lib/condor/execute/dir_13561/glide_uOqYZu/execute/dir_28083/default.tgz :
Successful untar
>>> Include /var/lib/condor/execute/dir_13561/glide_uOqYZu/execute/dir_28083 in PYTHONPATH:
strip arguments
env var CRAB_UNIQUE_JOB_ID set to: ksung_crab_0_150224_155200_27i5ao_9_1_bD0
out_files_9
>>> list of expected files on output sandbox
output files: crab_fjr_9.xml CMSSW_9.stdout CMSSW_9.stderr Watchdog_9.log.gz
>>> GridFlavour discovery: 
source OSG GRID setup script
GridFlavour=OSG
>>> SyncSite discovery: 
SyncSite=T2_US_Nebraska
>>> SyncCE discovery: 
getting SyncCE from GLIDEIN_Gaekeeper
SyncCE=red.unl.edu red.unl.edu
>>> info for dashboard:
***** Cat /var/lib/condor/execute/dir_13561/glide_uOqYZu/execute/dir_28083/jobreport.txt *****
WNHostName=red-d18n7.unl.edu
OverflowFlag=0
MonitorJobID=9_https://vocms20.cern.ch//150224//1939922.8
SyncGridJobId=https://vocms20.cern.ch//150224//1939922.8
MonitorID=ksung_crab_0_150224_155200_27i5ao
GridFlavour=OSG
SyncSite=T2_US_Nebraska
SyncCE=red.unl.edu red.unl.edu
***** End Cat jobreport *****
Parameters sent to Dashboard.
>>> setup environment
set SCRAM ARCH to slc6_amd64_gcc481
SCRAM_ARCH = slc6_amd64_gcc481
>>> Created working directory: /var/lib/condor/execute/dir_13561/glide_uOqYZu/execute/dir_28083/cms_SPTh5Q495DPA
Change to working directory: /var/lib/condor/execute/dir_13561/glide_uOqYZu/execute/dir_28083/cms_SPTh5Q495DPA
>>> current directory (WORKING_DIR): /var/lib/condor/execute/dir_13561/glide_uOqYZu/execute/dir_28083/cms_SPTh5Q495DPA
>>> setup CMS OSG environment:
set SCRAM ARCH to slc6_amd64_gcc481
SCRAM_ARCH = slc6_amd64_gcc481
OSG_APP is /cvmfs/oasis.opensciencegrid.org
sourcing /cvmfs/oasis.opensciencegrid.org/cmssoft/cms/cmsset_default.sh ...
==> setup cms environment ok
SCRAM_ARCH = slc6_amd64_gcc481
>>> specific cmssw setup environment:
CMSSW_VERSION =  CMSSW_7_2_2_patch1
WARNING: In non-interactive mode release checks e.g. deprecated releases, production architectures are disabled.
>>> current directory (SOFTWARE_DIR): /var/lib/condor/execute/dir_13561/glide_uOqYZu/execute/dir_28083/cms_SPTh5Q495DPA/CMSSW_7_2_2_patch1
PreserveSeeds: <>
IncrementSeeds:<>
>>> info for dashboard:
***** Cat /var/lib/condor/execute/dir_13561/glide_uOqYZu/execute/dir_28083/jobreport.txt *****
MonitorJobID=9_https://vocms20.cern.ch//150224//1939922.8
MonitorID=ksung_crab_0_150224_155200_27i5ao
***** End Cat jobreport *****
Parameters sent to Dashboard.
crabWatchdog started as process 28273
>>> moving CMSSW software directories in /var/lib/condor/execute/dir_13561/glide_uOqYZu/execute/dir_28083/cms_SPTh5Q495DPA/CMSSW_7_2_2_patch1
mv: cannot stat `/var/lib/condor/execute/dir_13561/glide_uOqYZu/execute/dir_28083/module/': No such file or directory
>>> Include /var/lib/condor/execute/dir_13561/glide_uOqYZu/execute/dir_28083 in PYTHONPATH:
PYTHONPATH=/var/lib/condor/execute/dir_13561/glide_uOqYZu/execute/dir_28083/:/var/lib/condor/execute/dir_13561/glide_uOqYZu/execute/dir_28083/cms_SPTh5Q495DPA/CMSSW_7_2_2_patch1/python:/var/lib/condor/execute/dir_13561/glide_uOqYZu/execute/dir_28083/cms_SPTh5Q495DPA/CMSSW_7_2_2_patch1/lib/slc6_amd64_gcc481:/cvmfs/cms.cern.ch/slc6_amd64_gcc481/cms/cmssw-patch/CMSSW_7_2_2_patch1/python:/cvmfs/cms.cern.ch/slc6_amd64_gcc481/cms/cmssw-patch/CMSSW_7_2_2_patch1/lib/slc6_amd64_gcc481:/cvmfs/cms.cern.ch/slc6_amd64_gcc481/cms/cmssw/CMSSW_7_2_2/bin/slc6_amd64_gcc481:/cvmfs/cms.cern.ch/slc6_amd64_gcc481/cms/cmssw/CMSSW_7_2_2/lib/slc6_amd64_gcc481:/cvmfs/cms.cern.ch/slc6_amd64_gcc481/cms/coral/CORAL_2_3_21-cms34/slc6_amd64_gcc481/python:/cvmfs/cms.cern.ch/slc6_amd64_gcc481/cms/coral/CORAL_2_3_21-cms34/slc6_amd64_gcc481/lib:/cvmfs/cms.cern.ch/slc6_amd64_gcc481/external/pyqt/4.8.1-cms2/lib/python2.7/site-packages:/cvmfs/cms.cern.ch/slc6_amd64_gcc481/external/py2-scipy/0.8.0-cms2/lib/python2.7/site-packages:/cvmfs/cms.cern.ch/slc6_amd64_gcc481/external/py2-matplotlib/1.2.1-cms2/lib/python2.7/site-packages:/cvmfs/cms.cern.ch/slc6_amd64_gcc481/external/yoda/1.1.0-cms/lib/python2.7/site-packages:/cvmfs/cms.cern.ch/slc6_amd64_gcc481/external/python-ldap/2.4.10-cms2/lib/python2.7/site-packages:/cvmfs/cms.cern.ch/slc6_amd64_gcc481/external/sip/4.11.2-cms2/lib/python2.7/site-packages:/cvmfs/cms.cern.ch/slc6_amd64_gcc481/external/llvm/3.5/lib/python2.7/site-packages:/cvmfs/cms.cern.ch/slc6_amd64_gcc481/external/py2-sqlalchemy/0.8.2-cms3/lib/python2.7/site-packages:/cvmfs/cms.cern.ch/slc6_amd64_gcc481/external/py2-pycurl/7.19.0-cms2/lib/python2.7/site-packages:/cvmfs/cms.cern.ch/slc6_amd64_gcc481/external/py2-python-dateutil/1.1-cms2/lib/python2.7/site-packages:/cvmfs/cms.cern.ch/slc6_amd64_gcc481/external/py2-numpy/1.6.1-cms2/lib/python2.7/site-packages:/cvmfs/cms.cern.ch/slc6_amd64_gcc481/external/py2-lint/0.25.1-cms2/lib/python2.7/site-packages:/cvmfs/cms.cern.ch/slc6_amd64_gcc481/external/py2-ipython/0.10-cms2/lib/python2.7/site-packages:/cvmfs/cms.cern.ch/slc6_amd64_gcc481/external/py2-cx-oracle/5.1-cms3/lib/python2.7/site-packages:/cvmfs/cms.cern.ch/slc6_amd64_gcc481/external/py2-cjson/1.0.5-cms2/lib/python2.7/site-packages:/cvmfs/cms.cern.ch/slc6_amd64_gcc481/external/frontier_client/2.8.10-cms/python/lib:/cvmfs/cms.cern.ch/slc6_amd64_gcc481/cms/das-client/2.5.0-cms/bin:/cvmfs/cms.cern.ch/slc6_amd64_gcc481/external/cython/0.19.1-cms2/lib/python2.7/site-packages:/cvmfs/cms.cern.ch/slc6_amd64_gcc481/external/rivet/2.1.2-cms3/lib/python2.7/site-packages:/cvmfs/cms.cern.ch/slc6_amd64_gcc481/external/pyminuit2/0.0.1-cms26/lib/python2.7/site-packages:/cvmfs/cms.cern.ch/slc6_amd64_gcc481/external/py2-pygithub/1.23.0-cms/lib/python2.7/site-packages:/cvmfs/cms.cern.ch/slc6_amd64_gcc481/external/py2-networkx/1.8.1-cms/lib/python2.7/site-packages:/cvmfs/cms.cern.ch/slc6_amd64_gcc481/external/professor/1.0.0-cms26/lib/python2.7/site-packages:/cvmfs/cms.cern.ch/slc6_amd64_gcc481/lcg/root/5.34.18-cms12/lib:/cvmfs/cms.cern.ch/slc6_amd64_gcc481/cms/dbs-client/DBS_2_1_9-cms2/lib:/cvmfs/cms.cern.ch/slc6_amd64_gcc481/cms/dbs-client/DBS_2_1_9-cms2/lib/DBSAPI:/cvmfs/cms.cern.ch/slc6_amd64_gcc481/external/cvs2git/5419-cms2/lib:/var/lib/condor/execute/dir_13561/glide_uOqYZu/execute/dir_28083/
 
# LIMITS USED BY CRAB WATCHDOG:
# RSS  (KBytes)   : 2300000
# VSZ  (KBytes)   : 100000000
# DISK (MBytes)   : 19000
# CPU TIME        : 720h:0m:0s
# WALL CLOCK TIME : 21h:50m:0s
 
ec23393b42b69e4f7dd15845da1dabca
PSETHASH = ec23393b42b69e4f7dd15845da1dabca
/var/lib/condor/execute/dir_13561/glide_uOqYZu/execute/dir_28083/writeCfg.py pset.py pset.py
Importing .py file
Setting parameters
RandomNumberGeneratorService found, will attempt to change seeds
inputBlocks=/GluGluToHToGG_M-125_13TeV-powheg-pythia6/Phys14DR-PU20bx25_tsg_PHYS14_25_V1-v1/AODSIM#5e31bdfc-6f4c-11e4-9da5-003048f02d38
inputFiles=/store/mc/Phys14DR/GluGluToHToGG_M-125_13TeV-powheg-pythia6/AODSIM/PU20bx25_tsg_PHYS14_25_V1-v1/00000/4056B0DD-8A6F-E411-8F4A-7845C4FC370D.root;/store/mc/Phys14DR/GluGluToHToGG_M-125_13TeV-powheg-pythia6/AODSIM/PU20bx25_tsg_PHYS14_25_V1-v1/00000/20A5B12A-F06E-E411-BD0A-7845C4FC37AF.root
parentFiles=
lumisRange=
>>> Executable cmsRun
/cvmfs/cms.cern.ch/slc6_amd64_gcc481/cms/cmssw/CMSSW_7_2_2/bin/slc6_amd64_gcc481/cmsRun
ok executable found
>>> info for dashboard:
***** Cat /var/lib/condor/execute/dir_13561/glide_uOqYZu/execute/dir_28083/jobreport.txt *****
MonitorJobID=9_https://vocms20.cern.ch//150224//1939922.8
MonitorID=ksung_crab_0_150224_155200_27i5ao
ExeStart=cmsRun
***** End Cat jobreport *****
Parameters sent to Dashboard.
>>> cmsRun started at Tue Feb 24 15:00:34 UTC 2015
>>> cmsRun ended at Tue Feb 24 15:09:36 UTC 2015
>>> crab_fjr_*.xml  permission set to 0704
>>> info for dashboard:
***** Cat /var/lib/condor/execute/dir_13561/glide_uOqYZu/execute/dir_28083/jobreport.txt *****
MonitorJobID=9_https://vocms20.cern.ch//150224//1939922.8
MonitorID=ksung_crab_0_150224_155200_27i5ao
ExeEnd=cmsRun
***** End Cat jobreport *****
Parameters sent to Dashboard.
TIME_EXE = 542 sec
>>> cmsRun wrote 39 lines of stdout+stderr
>>> START OF printout of 39 lines from stdout+stderr
24-Feb-2015 09:01:00 CST  Initiating request to open file /mnt/hadoop/user/uscms01/pnfs/unl.edu/data4/cms/store/mc/Phys14DR/GluGluToHToGG_M-125_13TeV-powheg-pythia6/AODSIM/PU20bx25_tsg_PHYS14_25_V1-v1/00000/4056B0DD-8A6F-E411-8F4A-7845C4FC370D.root
24-Feb-2015 09:01:03 CST  Successfully opened file /mnt/hadoop/user/uscms01/pnfs/unl.edu/data4/cms/store/mc/Phys14DR/GluGluToHToGG_M-125_13TeV-powheg-pythia6/AODSIM/PU20bx25_tsg_PHYS14_25_V1-v1/00000/4056B0DD-8A6F-E411-8F4A-7845C4FC370D.root

Watch modules:     
Ignore modules:    PhotonConversionTrajectorySeedProducerFromSingleLeg:photonConvTrajSeedFromSingleLeg, SeedGeneratorFromRegionHitsEDProducer:regionalCosmicTrackerSeeds, 
Ignore categories: 
Watch categories:  TooManyClusters, 
Begin processing the 1st record. Run 1, Event 6601, LumiSection 67 at 24-Feb-2015 09:01:21.244 CST
Begin processing the 1001st record. Run 1, Event 37302, LumiSection 374 at 24-Feb-2015 09:02:13.278 CST
Begin processing the 2001st record. Run 1, Event 31102, LumiSection 312 at 24-Feb-2015 09:03:00.904 CST
Begin processing the 3001st record. Run 1, Event 39502, LumiSection 396 at 24-Feb-2015 09:03:48.660 CST
Begin processing the 4001st record. Run 1, Event 44802, LumiSection 449 at 24-Feb-2015 09:04:32.552 CST
Begin processing the 5001st record. Run 1, Event 59602, LumiSection 597 at 24-Feb-2015 09:05:20.957 CST
Begin processing the 6001st record. Run 1, Event 56902, LumiSection 570 at 24-Feb-2015 09:06:14.352 CST
Begin processing the 7001st record. Run 1, Event 88202, LumiSection 883 at 24-Feb-2015 09:07:03.683 CST
Begin processing the 8001st record. Run 1, Event 79002, LumiSection 791 at 24-Feb-2015 09:07:50.822 CST
Begin processing the 9001st record. Run 1, Event 85402, LumiSection 855 at 24-Feb-2015 09:08:40.859 CST
24-Feb-2015 09:09:19 CST  Closed file /mnt/hadoop/user/uscms01/pnfs/unl.edu/data4/cms/store/mc/Phys14DR/GluGluToHToGG_M-125_13TeV-powheg-pythia6/AODSIM/PU20bx25_tsg_PHYS14_25_V1-v1/00000/4056B0DD-8A6F-E411-8F4A-7845C4FC370D.root
24-Feb-2015 09:09:19 CST  Initiating request to open file /mnt/hadoop/user/uscms01/pnfs/unl.edu/data4/cms/store/mc/Phys14DR/GluGluToHToGG_M-125_13TeV-powheg-pythia6/AODSIM/PU20bx25_tsg_PHYS14_25_V1-v1/00000/20A5B12A-F06E-E411-BD0A-7845C4FC37AF.root
24-Feb-2015 09:09:20 CST  Successfully opened file /mnt/hadoop/user/uscms01/pnfs/unl.edu/data4/cms/store/mc/Phys14DR/GluGluToHToGG_M-125_13TeV-powheg-pythia6/AODSIM/PU20bx25_tsg_PHYS14_25_V1-v1/00000/20A5B12A-F06E-E411-BD0A-7845C4FC37AF.root
24-Feb-2015 09:09:34 CST  Closed file /mnt/hadoop/user/uscms01/pnfs/unl.edu/data4/cms/store/mc/Phys14DR/GluGluToHToGG_M-125_13TeV-powheg-pythia6/AODSIM/PU20bx25_tsg_PHYS14_25_V1-v1/00000/20A5B12A-F06E-E411-BD0A-7845C4FC37AF.root

=============================================

MessageLogger Summary

 type     category        sev    module        subroutine        count    total
 ---- -------------------- -- ---------------- ----------------  -----    -----
    1 fileAction           -s file_close                             2        2
    2 fileAction           -s file_open                              4        4

 type    category    Examples: run/evt        run/evt          run/evt
 ---- -------------------- ---------------- ---------------- ----------------
    1 fileAction           PostEndRun       PostEndRun       
    2 fileAction           pre-events       pre-events       PostEndRun

Severity    # Occurrences   Total Occurrences
--------    -------------   -----------------
System                  6                   6
>>> END OF printout of 39 lines from stdout+stderr
>>> Parse FrameworkJobReport crab_fjr.xml
Result of parsing the FrameworkJobReport crab_fjr.xml: Popularity start
lumisRange : 1::67-69,85-87,253-254,264,287-288,310-312,373-375,391-396,406-408,421,426,447,449-450,478,481-483,490-495,505-507,520-522,550-553,569-573,580-585,595-597,610-612,616,622,664-666,709-711,720,790-792,835-837,853-855,865-866,883-884,904-906,930,946-948,1000::1;1::19-21::2;
lumisParentRange : 
Basename : /store/mc/Phys14DR/GluGluToHToGG_M-125_13TeV-powheg-pythia6/AODSIM/PU20bx25_tsg_PHYS14_25_V1-v1/00000/
BasenameParent : 
parentFiles : 
inputBlocks : /GluGluToHToGG_M-125_13TeV-powheg-pythia6/Phys14DR-PU20bx25_tsg_PHYS14_25_V1-v1/AODSIM#5e31bdfc-6f4c-11e4-9da5-003048f02d38
inputFiles : 4056B0DD-8A6F-E411-8F4A-7845C4FC370D.root::1::EDM::Local::1;20A5B12A-F06E-E411-BD0A-7845C4FC37AF.root::1::EDM::Local::2;
Popularity stop
Extracted ExitStatus from FrameworkJobReport parsing output: 0
>>> Executable succeded  0
ExeExitCode=0
EXECUTABLE_EXIT_STATUS = 0
>>> current directory /var/lib/condor/execute/dir_13561/glide_uOqYZu/execute/dir_28083/cms_SPTh5Q495DPA/CMSSW_7_2_2_patch1
>>>  (SOFTWARE_DIR): /var/lib/condor/execute/dir_13561/glide_uOqYZu/execute/dir_28083/cms_SPTh5Q495DPA/CMSSW_7_2_2_patch1
>>> (WORKING_DIR): /var/lib/condor/execute/dir_13561/glide_uOqYZu/execute/dir_28083/cms_SPTh5Q495DPA
>>> current directory content:
total 7152
drwxr-xr-x. 3 uscmsPool3803 cmsuser    4096 Feb 24 09:00 .SCRAM
-rw-------. 1 uscmsPool3803 cmsuser  325359 Feb 24 09:00 CMSSW.py.pkl
-rw-------. 1 uscmsPool3803 cmsuser 6577367 Feb 24 09:09 Output.root
drwxr-xr-x. 3 uscmsPool3803 cmsuser    4096 Feb 24 09:00 biglib
drwxr-xr-x. 3 uscmsPool3803 cmsuser    4096 Feb 24 09:00 bin
drwxr-xr-x. 3 uscmsPool3803 cmsuser    4096 Feb 24 09:00 cfipython
drwxr-xr-x. 4 uscmsPool3803 cmsuser    4096 Nov 20 08:37 config
-rw-------. 1 uscmsPool3803 cmsuser      17 Feb 24 09:09 cpu_timing.txt
drwxr-xr-x. 2 uscmsPool3803 cmsuser    4096 Feb 24 09:00 doc
-rw-------. 1 uscmsPool3803 cmsuser    3538 Feb 24 09:09 executable.out
drwxr-xr-x. 2 uscmsPool3803 cmsuser    4096 Feb 24 09:00 include
drwx------. 3 uscmsPool3803 cmsuser    4096 Jan 23 06:33 lib
drwxr-xr-x. 3 uscmsPool3803 cmsuser    4096 Feb 24 09:00 logs
drwxr-xr-x. 3 uscmsPool3803 cmsuser    4096 Feb 24 09:00 objs
-rw-------. 1 uscmsPool3803 cmsuser     104 Feb 24 09:00 pset.py
-rw-------. 1 uscmsPool3803 cmsuser  333180 Feb 24 09:00 pset.py.pkl
-rw-------. 1 uscmsPool3803 cmsuser     289 Feb 24 09:00 pset.pyc
drwxr-xr-x. 2 uscmsPool3803 cmsuser    4096 Feb 24 09:00 python
-rw-------. 1 uscmsPool3803 cmsuser     377 Feb 24 09:09 report.log
drwx------. 4 uscmsPool3803 cmsuser    4096 Feb 24 09:00 src
drwxr-xr-x. 3 uscmsPool3803 cmsuser    4096 Feb 24 09:00 test
drwxr-xr-x. 3 uscmsPool3803 cmsuser    4096 Feb 24 09:00 tmp
>>> current directory /var/lib/condor/execute/dir_13561/glide_uOqYZu/execute/dir_28083/cms_SPTh5Q495DPA/CMSSW_7_2_2_patch1
>>> (SOFTWARE_DIR): /var/lib/condor/execute/dir_13561/glide_uOqYZu/execute/dir_28083/cms_SPTh5Q495DPA/CMSSW_7_2_2_patch1
>>> (WORKING_DIR): /var/lib/condor/execute/dir_13561/glide_uOqYZu/execute/dir_28083/cms_SPTh5Q495DPA
>>> current directory content:
total 7152
drwxr-xr-x. 3 uscmsPool3803 cmsuser    4096 Feb 24 09:00 .SCRAM
-rw-------. 1 uscmsPool3803 cmsuser  325359 Feb 24 09:00 CMSSW.py.pkl
-rw-------. 1 uscmsPool3803 cmsuser 6577367 Feb 24 09:09 Output_9_1_bD0.root
drwxr-xr-x. 3 uscmsPool3803 cmsuser    4096 Feb 24 09:00 biglib
drwxr-xr-x. 3 uscmsPool3803 cmsuser    4096 Feb 24 09:00 bin
drwxr-xr-x. 3 uscmsPool3803 cmsuser    4096 Feb 24 09:00 cfipython
drwxr-xr-x. 4 uscmsPool3803 cmsuser    4096 Nov 20 08:37 config
-rw-------. 1 uscmsPool3803 cmsuser      17 Feb 24 09:09 cpu_timing.txt
drwxr-xr-x. 2 uscmsPool3803 cmsuser    4096 Feb 24 09:00 doc
-rw-------. 1 uscmsPool3803 cmsuser    3538 Feb 24 09:09 executable.out
drwxr-xr-x. 2 uscmsPool3803 cmsuser    4096 Feb 24 09:00 include
drwx------. 3 uscmsPool3803 cmsuser    4096 Jan 23 06:33 lib
drwxr-xr-x. 3 uscmsPool3803 cmsuser    4096 Feb 24 09:00 logs
drwxr-xr-x. 3 uscmsPool3803 cmsuser    4096 Feb 24 09:00 objs
-rw-------. 1 uscmsPool3803 cmsuser     104 Feb 24 09:00 pset.py
-rw-------. 1 uscmsPool3803 cmsuser  333180 Feb 24 09:00 pset.py.pkl
-rw-------. 1 uscmsPool3803 cmsuser     289 Feb 24 09:00 pset.pyc
drwxr-xr-x. 2 uscmsPool3803 cmsuser    4096 Feb 24 09:00 python
-rw-------. 1 uscmsPool3803 cmsuser     377 Feb 24 09:09 report.log
drwx------. 4 uscmsPool3803 cmsuser    4096 Feb 24 09:00 src
drwxr-xr-x. 3 uscmsPool3803 cmsuser    4096 Feb 24 09:00 test
drwxr-xr-x. 3 uscmsPool3803 cmsuser    4096 Feb 24 09:00 tmp
>>> current directory (RUNTIME_AREA):  /var/lib/condor/execute/dir_13561/glide_uOqYZu/execute/dir_28083
PNN = srm-eoscms.cern.ch
SE = srm-eoscms.cern.ch
SE_PATH = /srm/v2/server?SFN=/eos/cms/store//user/ksung/production/phys14test/Phys14-PU20bx25_GluGluToHToGG_M-125/
LFNBaseName = /user/ksung/production/phys14test/Phys14-PU20bx25_GluGluToHToGG_M-125/
USER = ksung
endpoint = srm://srm-eoscms.cern.ch:8443/srm/v2/server?SFN=/eos/cms/store//user/ksung/production/phys14test/Phys14-PU20bx25_GluGluToHToGG_M-125/
>>> Copy output files from WN = red-d18n7.unl.edu to /srm/v2/server?SFN=/eos/cms/store//user/ksung/production/phys14test/Phys14-PU20bx25_GluGluToHToGG_M-125/ :
python cmscp.py  --destination srm://srm-eoscms.cern.ch:8443/srm/v2/server?SFN=/eos/cms/store//user/ksung/production/phys14test/Phys14-PU20bx25_GluGluToHToGG_M-125/ --inputFileList /var/lib/condor/execute/dir_13561/glide_uOqYZu/execute/dir_28083/cms_SPTh5Q495DPA/CMSSW_7_2_2_patch1/Output_9_1_bD0.root --middleware OSG --PNN srm-eoscms.cern.ch --se_name srm-eoscms.cern.ch --for_lfn /user/ksung/production/phys14test/Phys14-PU20bx25_GluGluToHToGG_M-125/    
******************************************************
localSeName  =  srm.unl.edu
remoteSeName =  srm-eoscms.cern.ch
******************************************************
{"/var/lib/condor/execute/dir_13561/glide_uOqYZu/execute/dir_28083/cms_SPTh5Q495DPA/CMSSW_7_2_2_patch1/Output_9_1_bD0.root": {"endpoint": "srm://srm-eoscms.cern.ch:8443/srm/v2/server?SFN=/eos/cms/store//user/ksung/production/phys14test/Phys14-PU20bx25_GluGluToHToGG_M-125/", "surl_for_grid": "", "reason": "Copy succedeed with srm-lcg utils", "erCode": "0", "PNN": "srm-eoscms.cern.ch", "se_name": "srm-eoscms.cern.ch", "for_lfn": "/user/ksung/production/phys14test/Phys14-PU20bx25_GluGluToHToGG_M-125/"}}/var/lib/condor/execute/dir_13561/glide_uOqYZu/execute/dir_28083
-------- cat /var/lib/condor/execute/dir_13561/glide_uOqYZu/execute/dir_28083/cmscpReport.sh 
#!/bin/bash
echo "Report for File: /var/lib/condor/execute/dir_13561/glide_uOqYZu/execute/dir_28083/cms_SPTh5Q495DPA/CMSSW_7_2_2_patch1/Output_9_1_bD0.root"
echo "LFN: /user/ksung/production/phys14test/Phys14-PU20bx25_GluGluToHToGG_M-125/Output_9_1_bD0.root"
echo "StorageElement: srm-eoscms.cern.ch"
echo "StageOutExitStatusReason = 'Copy succedeed with srm-lcg utils'" | tee -a $RUNTIME_AREA/$repo
echo "StageOutSE = srm-eoscms.cern.ch" >> $RUNTIME_AREA/$repo

export StageOutExitStatus=0
echo "StageOutExitStatus = 0" | tee -a $RUNTIME_AREA/$repo
-------- end of /var/lib/condor/execute/dir_13561/glide_uOqYZu/execute/dir_28083/cmscpReport.sh 
Report for File: /var/lib/condor/execute/dir_13561/glide_uOqYZu/execute/dir_28083/cms_SPTh5Q495DPA/CMSSW_7_2_2_patch1/Output_9_1_bD0.root
LFN: /user/ksung/production/phys14test/Phys14-PU20bx25_GluGluToHToGG_M-125/Output_9_1_bD0.root
StorageElement: srm-eoscms.cern.ch
StageOutExitStatusReason = 'Copy succedeed with srm-lcg utils'
StageOutExitStatus = 0
>>> current dir: /var/lib/condor/execute/dir_13561/glide_uOqYZu/execute/dir_28083
>>> current dir content:
total 6120
-rw-------. 1 uscmsPool3803 cmsuser    2495 Feb 24 09:10 .SEinteraction.log
-rwx------. 1 uscmsPool3803 cmsuser      53 Feb 24 09:00 .chirp.config
-rwx------. 1 uscmsPool3803 cmsuser    8068 Feb 24 09:00 .job.ad
-rwx------. 1 uscmsPool3803 cmsuser    9667 Feb 24 09:00 .machine.ad
-rw-------. 1 uscmsPool3803 cmsuser     105 Feb 24 08:52 CMSSW.py
-rw-------. 1 uscmsPool3803 cmsuser  325359 Feb 24 08:52 CMSSW.py.pkl
-rwx------. 1 uscmsPool3803 cmsuser   29379 Feb 24 09:00 CMSSW.sh
-rw-------. 1 uscmsPool3803 cmsuser     213 Feb 24 09:00 CacheEnv.sh
-rw-------. 1 uscmsPool3803 cmsuser    7291 Nov 19 08:52 DashboardAPI.py
-rw-------. 1 uscmsPool3803 cmsuser    6590 Feb 24 09:00 DashboardAPI.pyc
drwx------. 2 uscmsPool3803 cmsuser    4096 Feb 24 09:09 IMProv
-rw-------. 1 uscmsPool3803 cmsuser    2748 Nov 19 08:52 Logger.py
-rw-------. 1 uscmsPool3803 cmsuser    3272 Feb 24 09:00 Logger.pyc
lrwxrwxrwx. 1 uscmsPool3803 cmsuser     120 Feb 24 09:09 Output.root -> /var/lib/condor/execute/dir_13561/glide_uOqYZu/execute/dir_28083/cms_SPTh5Q495DPA/CMSSW_7_2_2_patch1/Output_9_1_bD0.root
-rw-------. 1 uscmsPool3803 cmsuser   24524 Nov 19 08:52 ProcInfo.py
-rw-------. 1 uscmsPool3803 cmsuser   22837 Feb 24 09:00 ProcInfo.pyc
drwx------. 7 uscmsPool3803 cmsuser    4096 Feb 24 09:00 ProdCommon
drwx------. 3 uscmsPool3803 cmsuser    4096 Feb 24 09:00 WMCore
-rw-------. 1 uscmsPool3803 cmsuser    2669 Feb 24 09:09 Watchdog_9.log
-rwx------. 1 uscmsPool3803 cmsuser       0 Feb 24 09:00 _condor_stderr
-rwx---r--. 1 uscmsPool3803 cmsuser   21275 Feb 24 09:10 _condor_stdout
-rw-------. 1 uscmsPool3803 cmsuser   32895 Nov 19 08:52 apmon.py
-rw-------. 1 uscmsPool3803 cmsuser   28190 Feb 24 09:00 apmon.pyc
-rwx------. 1 uscmsPool3803 cmsuser    5161 Feb 24 09:00 arguments.xml
-rwx------. 1 uscmsPool3803 cmsuser  179474 Nov 20 04:11 cmsRun
drwx------. 3 uscmsPool3803 cmsuser    4096 Feb 24 09:00 cms_SPTh5Q495DPA
-rwx------. 1 uscmsPool3803 cmsuser   38581 Nov 19 08:52 cmscp.py
-rw-------. 1 uscmsPool3803 cmsuser     550 Feb 24 09:10 cmscpReport.sh
-rwx------. 1 uscmsPool3803 cmsuser   29379 Feb 24 09:00 condor_exec.exe
-rw-------. 1 uscmsPool3803 cmsuser     500 Feb 24 08:52 crab.cfg
-rwx------. 1 uscmsPool3803 cmsuser    8610 Nov 19 08:52 crabWatchdog.sh
-rwx---r--. 1 uscmsPool3803 cmsuser   77572 Feb 24 09:09 crab_fjr_9.xml
-rwx------. 1 uscmsPool3803 cmsuser 5246937 Feb 24 09:00 default.tgz
-rwx------. 1 uscmsPool3803 cmsuser    4488 Nov 19 08:52 fillCrabFjr.py
-rw-------. 1 uscmsPool3803 cmsuser     460 Feb 24 09:00 inputsReport.txt
-rw-------. 1 uscmsPool3803 cmsuser     246 Feb 24 09:10 jobreport.txt
-rw-------. 1 uscmsPool3803 cmsuser   17352 Nov 19 08:52 parseCrabFjr.py
-rw-------. 1 uscmsPool3803 cmsuser     319 Feb 24 09:00 report.log
-rwx--x--x. 1 uscmsPool3803 cmsuser    1497 Nov 19 08:52 report.py
-rw-------. 1 uscmsPool3803 cmsuser     505 Feb 24 09:10 resultCopyFile
-rwx------. 1 uscmsPool3803 cmsuser    8351 Nov 19 08:52 writeCfg.py
-rw-------. 1 uscmsPool3803 cmsuser   10427 Feb 24 09:00 x509up_u25312
>>> Modify Job Report:
CMSSW_VERSION = CMSSW_7_2_2_patch1
/var/lib/condor/execute/dir_13561/glide_uOqYZu/execute/dir_28083/ProdCommon/FwkJobRep/ModifyJobReport.py fjr /var/lib/condor/execute/dir_13561/glide_uOqYZu/execute/dir_28083/crab_fjr_9.xml json /var/lib/condor/execute/dir_13561/glide_uOqYZu/execute/dir_28083/resultCopyFile n_job 9_1_bD0 PrimaryDataset GluGluToHToGG_M-125_13TeV-powheg-pythia6  ApplicationFamily cmsRun ApplicationName cmsRun cmssw_version CMSSW_7_2_2_patch1 psethash ec23393b42b69e4f7dd15845da1dabca
inputDict =  {u'/var/lib/condor/execute/dir_13561/glide_uOqYZu/execute/dir_28083/cms_SPTh5Q495DPA/CMSSW_7_2_2_patch1/Output_9_1_bD0.root': {u'endpoint': u'srm://srm-eoscms.cern.ch:8443/srm/v2/server?SFN=/eos/cms/store//user/ksung/production/phys14test/Phys14-PU20bx25_GluGluToHToGG_M-125/', u'surl_for_grid': u'', u'reason': u'Copy succedeed with srm-lcg utils', u'erCode': u'0', u'PNN': u'srm-eoscms.cern.ch', u'se_name': u'srm-eoscms.cern.ch', u'for_lfn': u'/user/ksung/production/phys14test/Phys14-PU20bx25_GluGluToHToGG_M-125/'}}
UserProcessedDataset =  
Warninig: no EDM_output file or NO_EDM_output to modify in the fjr
Adding a no EDM_output file
>>> crab_fjr_*.xml  permission set to 0704
CrabWrapper EXIT_FUNC entered at Tue Feb 24 09:10:31 CST 2015   -  Tue Feb 24 15:10:31 UTC 2015
Checking output files:  
will tar file crab_fjr_9.xml in  out_files_9
WARNING: output file CMSSW_9.stdout not found!
WARNING: output file CMSSW_9.stderr not found!
WARNING: output file Watchdog_9.log.gz not found!
>>> working dir = /var/lib/condor/execute/dir_13561/glide_uOqYZu/execute/dir_28083/cms_SPTh5Q495DPA
>>> current directory (RUNTIME_AREA): /var/lib/condor/execute/dir_13561/glide_uOqYZu/execute/dir_28083
>>> Remove working directory: /var/lib/condor/execute/dir_13561/glide_uOqYZu/execute/dir_28083/cms_SPTh5Q495DPA
/var/lib/condor/execute/dir_13561/glide_uOqYZu/execute/dir_28083/condor_exec.exe: line 156: symlinks: command not found
>>> padding time: Wrapper lasting more than 600 seconds. No sleep required.
STOPPING WATCHDOG. CrabWatchdog PID is 28273
********** LAST 50 LINES OF WATCHDOG LOG
# RESOURCE USAGE SUMMARY FOR PROCESS ID  28112
USER        PID %CPU %MEM    VSZ   RSS TTY      STAT START   TIME COMMAND
3267      28112  2.1  0.0  22480  1812 ?        SN   09:00   0:00 /bin/sh /var/lib/condor/execute/dir_13561/glide_uOqYZu/execute/dir_28083/condor_exec.exe 9 1
 
# LIMITS USED BY CRAB WATCHDOG:
# RSS  (KBytes)   : 2300000
# VSZ  (KBytes)   : 100000000
# DISK (MBytes)   : 19000
# CPU TIME        : 720h:0m:0s
# WALL CLOCK TIME : 21h:50m:0s
 
# FOLLOWING PRINTOUT TRACKS MAXIMUM VALUES OF RESOURCES USE
# ONE LINE IS PRINTED EACH TIME A MAXIMUM CHANGES
# IF CHANGE WAS IN RSS OR VSZ ALSO PROCID AND COMMAND ARE PRINTED
# THERE IS NO PRINTOUT FOR CPU/WALL TIME INCREASE
 
# TIME			PID	RSS(KB)	VSZ(KB)	Dsk(MB)	tCPU(s)	tWALL(s)	COMMAND
 Feb 24 09:00:29 CST	13569	1880	22624	0	0	0	/bin/bash /var/lib/condor/execute/dir_13561/condor_exec.exe -v std -name gfactory_instance -entry CMS_T2_US_Nebraska_Red -clientname cmsgwms-frontend-FNAL.main -schedd
 Feb 24 09:00:29 CST	20429	8536	104464	0	0	1	/var/lib/condor/execute/dir_13561/glide_uOqYZu/main/condor/sbin/condor_master -f -pidfile /var/lib/condor/execute/dir_13561/glide_uOqYZu/condor_master2.pid       
 Feb 24 09:00:29 CST	20433	9296	105136	0	0	1	condor_startd -f         
 Feb 24 09:00:29 CST	28285	24604	105136	0	0	1	edmConfigHash pset.py         
 Feb 24 09:00:29 CST	---	24604	105136	17	----	----	----
 Feb 24 09:01:31 CST	28606	638832	898188	17	35	63	cmsRun -j /var/lib/condor/execute/dir_13561/glide_uOqYZu/execute/dir_28083/crab_fjr_9.xml -p pset.py      
 Feb 24 09:02:32 CST	28606	645200	898188	17	88	125	cmsRun -j /var/lib/condor/execute/dir_13561/glide_uOqYZu/execute/dir_28083/crab_fjr_9.xml -p pset.py      
 Feb 24 09:02:32 CST	---	645200	898188	18	----	----	----
 Feb 24 09:03:34 CST	28606	649936	898188	18	143	187	cmsRun -j /var/lib/condor/execute/dir_13561/glide_uOqYZu/execute/dir_28083/crab_fjr_9.xml -p pset.py      
 Feb 24 09:04:36 CST	28606	650704	898188	18	198	249	cmsRun -j /var/lib/condor/execute/dir_13561/glide_uOqYZu/execute/dir_28083/crab_fjr_9.xml -p pset.py      
 Feb 24 09:04:36 CST	---	650704	898188	19	----	----	----
 Feb 24 09:05:38 CST	28606	650904	898188	19	250	312	cmsRun -j /var/lib/condor/execute/dir_13561/glide_uOqYZu/execute/dir_28083/crab_fjr_9.xml -p pset.py      
 Feb 24 09:05:38 CST	---	650904	898188	20	----	----	----
 Feb 24 09:06:41 CST	28606	650904	902284	20	301	374	cmsRun -j /var/lib/condor/execute/dir_13561/glide_uOqYZu/execute/dir_28083/crab_fjr_9.xml -p pset.py      
 Feb 24 09:06:41 CST	---	650904	902284	21	----	----	----
 Feb 24 09:08:45 CST	---	650904	902284	22	----	----	----
 Feb 24 09:09:46 CST	---	650904	902284	24	----	----	----
********** WATCHDOG LOG ENDED
ZIPPING WATCHDOG LOG
Disk space used:
du -sh /var/lib/condor/execute/dir_13561/glide_uOqYZu/execute/dir_28083
7.4M	/var/lib/condor/execute/dir_13561/glide_uOqYZu/execute/dir_28083
Found unusual stdout, rename for OSB
`/var/lib/condor/execute/dir_13561/glide_uOqYZu/execute/dir_28083/_condor_stdout' -> `CMSSW_9.stdout'
Found unusual stderr, rename for OSB
`/var/lib/condor/execute/dir_13561/glide_uOqYZu/execute/dir_28083/_condor_stdout' -> `CMSSW_9.stderr'
crab_fjr_9.xml
CMSSW_9.stdout
CMSSW_9.stderr
Watchdog_9.log.gz
Total Output dimension: 14889
WARNING: output files size limit is set to: 50000000
Total Output dimension 14889 is fine.
JOB_EXIT_STATUS = 0
>>> info for dashboard:
***** Cat /var/lib/condor/execute/dir_13561/glide_uOqYZu/execute/dir_28083/jobreport.txt *****
MonitorJobID=9_https://vocms20.cern.ch//150224//1939922.8
MonitorID=ksung_crab_0_150224_155200_27i5ao
ExeTime=542
ExeExitCode=0
StageOutExitStatusReason = 'Copy succedeed with srm-lcg utils'
StageOutSE = srm-eoscms.cern.ch
StageOutExitStatus = 0
CrabUserCpuTime=433.56
CrabSysCpuTime=15.28
CrabCpuPercentage=82%
CrabWrapperTime=609
CrabStageoutTime=49
JobExitCode=0
***** End Cat jobreport *****
Parameters sent to Dashboard.
EXITING at Tue Feb 24 09:10:34 CST 2015  -  Tue Feb 24 15:10:34 UTC 2015
