This script was generated by crab (version 2.11.1_patch1).
Running /var/lib/condor/execute/dir_31796/glide_JHUcqZ/execute/dir_7976/condor_exec.exe with 2 positional parameters: 1 1
Today is Tue Feb 24 08:56:59 CST 2015 - Tue Feb 24 14:56:59 UTC 2015
Job submitted on host red-d16n16.unl.edu
Linux red-d16n16.unl.edu 2.6.32-504.8.1.el6.x86_64 #1 SMP Tue Jan 27 13:39:10 CST 2015 x86_64 x86_64 x86_64 GNU/Linux
Distributor ID:	Scientific
Description:	Scientific Linux release 6.6 (Carbon)
>>> current directory (RUNTIME_AREA): /var/lib/condor/execute/dir_31796/glide_JHUcqZ/execute/dir_7976
>>> current user: uid=3267(uscmsPool3803) gid=11265(cmsuser) groups=11265(cmsuser),4001(grid) context=unconfined_u:system_r:condor_startd_t:s0
>>> directory permission set to 0700
>>> umask set to:  u=rwx,g=,o=
>>> stdout stderr permission set to 0704
>>> voms proxy information:
subject   : /DC=ch/DC=cern/OU=Organic Units/OU=Users/CN=ksung/CN=671305/CN=Kevin Kai Hong Sung/CN=1033111566/CN=1966560990
issuer    : /DC=ch/DC=cern/OU=Organic Units/OU=Users/CN=ksung/CN=671305/CN=Kevin Kai Hong Sung/CN=1033111566
identity  : /DC=ch/DC=cern/OU=Organic Units/OU=Users/CN=ksung/CN=671305/CN=Kevin Kai Hong Sung/CN=1033111566
type      : RFC compliant proxy
strength  : 1024 bits
path      : /var/lib/condor/execute/dir_31796/glide_JHUcqZ/execute/dir_7976/x509up_u25312
timeleft  : 191:55:12
key usage : Digital Signature, Key Encipherment
=== VO cms extension information ===
VO        : cms
subject   : /DC=ch/DC=cern/OU=Organic Units/OU=Users/CN=ksung/CN=671305/CN=Kevin Kai Hong Sung
issuer    : /DC=ch/DC=cern/OU=computers/CN=lcg-voms2.cern.ch
attribute : /cms/Role=NULL/Capability=NULL
attribute : /cms/uscms/Role=NULL/Capability=NULL
timeleft  : 191:55:12
uri       : lcg-voms2.cern.ch:15002
WNHostName=red-d16n16.unl.edu
$_CONDOR_JOB_AD =/var/lib/condor/execute/dir_31796/glide_JHUcqZ/execute/dir_7976/.job.ad
OverflowFlag=0
>>> tar --no-same-permissions -xf /var/lib/condor/execute/dir_31796/glide_JHUcqZ/execute/dir_7976/default.tgz :
Successful untar
>>> Include /var/lib/condor/execute/dir_31796/glide_JHUcqZ/execute/dir_7976 in PYTHONPATH:
strip arguments
env var CRAB_UNIQUE_JOB_ID set to: ksung_crab_0_150224_155200_27i5ao_1_1_3QN
out_files_1
>>> list of expected files on output sandbox
output files: crab_fjr_1.xml CMSSW_1.stdout CMSSW_1.stderr Watchdog_1.log.gz
>>> GridFlavour discovery: 
source OSG GRID setup script
GridFlavour=OSG
>>> SyncSite discovery: 
SyncSite=T2_US_Nebraska
>>> SyncCE discovery: 
getting SyncCE from GLIDEIN_Gaekeeper
SyncCE=red.unl.edu red.unl.edu
>>> info for dashboard:
***** Cat /var/lib/condor/execute/dir_31796/glide_JHUcqZ/execute/dir_7976/jobreport.txt *****
WNHostName=red-d16n16.unl.edu
OverflowFlag=0
MonitorJobID=1_https://vocms20.cern.ch//150224//1939922.0
SyncGridJobId=https://vocms20.cern.ch//150224//1939922.0
MonitorID=ksung_crab_0_150224_155200_27i5ao
GridFlavour=OSG
SyncSite=T2_US_Nebraska
SyncCE=red.unl.edu red.unl.edu
***** End Cat jobreport *****
Parameters sent to Dashboard.
>>> setup environment
set SCRAM ARCH to slc6_amd64_gcc481
SCRAM_ARCH = slc6_amd64_gcc481
>>> Created working directory: /var/lib/condor/execute/dir_31796/glide_JHUcqZ/execute/dir_7976/cms_pi0Dov5EfzzZ
Change to working directory: /var/lib/condor/execute/dir_31796/glide_JHUcqZ/execute/dir_7976/cms_pi0Dov5EfzzZ
>>> current directory (WORKING_DIR): /var/lib/condor/execute/dir_31796/glide_JHUcqZ/execute/dir_7976/cms_pi0Dov5EfzzZ
>>> setup CMS OSG environment:
set SCRAM ARCH to slc6_amd64_gcc481
SCRAM_ARCH = slc6_amd64_gcc481
OSG_APP is /cvmfs/oasis.opensciencegrid.org
sourcing /cvmfs/oasis.opensciencegrid.org/cmssoft/cms/cmsset_default.sh ...
==> setup cms environment ok
SCRAM_ARCH = slc6_amd64_gcc481
>>> specific cmssw setup environment:
CMSSW_VERSION =  CMSSW_7_2_2_patch1
WARNING: In non-interactive mode release checks e.g. deprecated releases, production architectures are disabled.
>>> current directory (SOFTWARE_DIR): /var/lib/condor/execute/dir_31796/glide_JHUcqZ/execute/dir_7976/cms_pi0Dov5EfzzZ/CMSSW_7_2_2_patch1
PreserveSeeds: <>
IncrementSeeds:<>
>>> info for dashboard:
***** Cat /var/lib/condor/execute/dir_31796/glide_JHUcqZ/execute/dir_7976/jobreport.txt *****
MonitorJobID=1_https://vocms20.cern.ch//150224//1939922.0
MonitorID=ksung_crab_0_150224_155200_27i5ao
***** End Cat jobreport *****
Parameters sent to Dashboard.
crabWatchdog started as process 8216
>>> moving CMSSW software directories in /var/lib/condor/execute/dir_31796/glide_JHUcqZ/execute/dir_7976/cms_pi0Dov5EfzzZ/CMSSW_7_2_2_patch1
mv: cannot stat `/var/lib/condor/execute/dir_31796/glide_JHUcqZ/execute/dir_7976/module/': No such file or directory
>>> Include /var/lib/condor/execute/dir_31796/glide_JHUcqZ/execute/dir_7976 in PYTHONPATH:
PYTHONPATH=/var/lib/condor/execute/dir_31796/glide_JHUcqZ/execute/dir_7976/:/var/lib/condor/execute/dir_31796/glide_JHUcqZ/execute/dir_7976/cms_pi0Dov5EfzzZ/CMSSW_7_2_2_patch1/python:/var/lib/condor/execute/dir_31796/glide_JHUcqZ/execute/dir_7976/cms_pi0Dov5EfzzZ/CMSSW_7_2_2_patch1/lib/slc6_amd64_gcc481:/cvmfs/cms.cern.ch/slc6_amd64_gcc481/cms/cmssw-patch/CMSSW_7_2_2_patch1/python:/cvmfs/cms.cern.ch/slc6_amd64_gcc481/cms/cmssw-patch/CMSSW_7_2_2_patch1/lib/slc6_amd64_gcc481:/cvmfs/cms.cern.ch/slc6_amd64_gcc481/cms/cmssw/CMSSW_7_2_2/bin/slc6_amd64_gcc481:/cvmfs/cms.cern.ch/slc6_amd64_gcc481/cms/cmssw/CMSSW_7_2_2/lib/slc6_amd64_gcc481:/cvmfs/cms.cern.ch/slc6_amd64_gcc481/cms/coral/CORAL_2_3_21-cms34/slc6_amd64_gcc481/python:/cvmfs/cms.cern.ch/slc6_amd64_gcc481/cms/coral/CORAL_2_3_21-cms34/slc6_amd64_gcc481/lib:/cvmfs/cms.cern.ch/slc6_amd64_gcc481/external/pyqt/4.8.1-cms2/lib/python2.7/site-packages:/cvmfs/cms.cern.ch/slc6_amd64_gcc481/external/py2-scipy/0.8.0-cms2/lib/python2.7/site-packages:/cvmfs/cms.cern.ch/slc6_amd64_gcc481/external/py2-matplotlib/1.2.1-cms2/lib/python2.7/site-packages:/cvmfs/cms.cern.ch/slc6_amd64_gcc481/external/yoda/1.1.0-cms/lib/python2.7/site-packages:/cvmfs/cms.cern.ch/slc6_amd64_gcc481/external/python-ldap/2.4.10-cms2/lib/python2.7/site-packages:/cvmfs/cms.cern.ch/slc6_amd64_gcc481/external/sip/4.11.2-cms2/lib/python2.7/site-packages:/cvmfs/cms.cern.ch/slc6_amd64_gcc481/external/llvm/3.5/lib/python2.7/site-packages:/cvmfs/cms.cern.ch/slc6_amd64_gcc481/external/py2-sqlalchemy/0.8.2-cms3/lib/python2.7/site-packages:/cvmfs/cms.cern.ch/slc6_amd64_gcc481/external/py2-pycurl/7.19.0-cms2/lib/python2.7/site-packages:/cvmfs/cms.cern.ch/slc6_amd64_gcc481/external/py2-python-dateutil/1.1-cms2/lib/python2.7/site-packages:/cvmfs/cms.cern.ch/slc6_amd64_gcc481/external/py2-numpy/1.6.1-cms2/lib/python2.7/site-packages:/cvmfs/cms.cern.ch/slc6_amd64_gcc481/external/py2-lint/0.25.1-cms2/lib/python2.7/site-packages:/cvmfs/cms.cern.ch/slc6_amd64_gcc481/external/py2-ipython/0.10-cms2/lib/python2.7/site-packages:/cvmfs/cms.cern.ch/slc6_amd64_gcc481/external/py2-cx-oracle/5.1-cms3/lib/python2.7/site-packages:/cvmfs/cms.cern.ch/slc6_amd64_gcc481/external/py2-cjson/1.0.5-cms2/lib/python2.7/site-packages:/cvmfs/cms.cern.ch/slc6_amd64_gcc481/external/frontier_client/2.8.10-cms/python/lib:/cvmfs/cms.cern.ch/slc6_amd64_gcc481/cms/das-client/2.5.0-cms/bin:/cvmfs/cms.cern.ch/slc6_amd64_gcc481/external/cython/0.19.1-cms2/lib/python2.7/site-packages:/cvmfs/cms.cern.ch/slc6_amd64_gcc481/external/rivet/2.1.2-cms3/lib/python2.7/site-packages:/cvmfs/cms.cern.ch/slc6_amd64_gcc481/external/pyminuit2/0.0.1-cms26/lib/python2.7/site-packages:/cvmfs/cms.cern.ch/slc6_amd64_gcc481/external/py2-pygithub/1.23.0-cms/lib/python2.7/site-packages:/cvmfs/cms.cern.ch/slc6_amd64_gcc481/external/py2-networkx/1.8.1-cms/lib/python2.7/site-packages:/cvmfs/cms.cern.ch/slc6_amd64_gcc481/external/professor/1.0.0-cms26/lib/python2.7/site-packages:/cvmfs/cms.cern.ch/slc6_amd64_gcc481/lcg/root/5.34.18-cms12/lib:/cvmfs/cms.cern.ch/slc6_amd64_gcc481/cms/dbs-client/DBS_2_1_9-cms2/lib:/cvmfs/cms.cern.ch/slc6_amd64_gcc481/cms/dbs-client/DBS_2_1_9-cms2/lib/DBSAPI:/cvmfs/cms.cern.ch/slc6_amd64_gcc481/external/cvs2git/5419-cms2/lib:/var/lib/condor/execute/dir_31796/glide_JHUcqZ/execute/dir_7976/
 
# LIMITS USED BY CRAB WATCHDOG:
# RSS  (KBytes)   : 2300000
# VSZ  (KBytes)   : 100000000
# DISK (MBytes)   : 19000
# CPU TIME        : 720h:0m:0s
# WALL CLOCK TIME : 21h:50m:0s
 
ec23393b42b69e4f7dd15845da1dabca
PSETHASH = ec23393b42b69e4f7dd15845da1dabca
/var/lib/condor/execute/dir_31796/glide_JHUcqZ/execute/dir_7976/writeCfg.py pset.py pset.py
Importing .py file
Setting parameters
RandomNumberGeneratorService found, will attempt to change seeds
inputBlocks=/GluGluToHToGG_M-125_13TeV-powheg-pythia6/Phys14DR-PU20bx25_tsg_PHYS14_25_V1-v1/AODSIM#91eb697c-6ffb-11e4-9da5-003048f02d38
inputFiles=/store/mc/Phys14DR/GluGluToHToGG_M-125_13TeV-powheg-pythia6/AODSIM/PU20bx25_tsg_PHYS14_25_V1-v1/00000/62584F80-3870-E411-9260-7845C4FC3B57.root
parentFiles=
lumisRange=
>>> Executable cmsRun
/cvmfs/cms.cern.ch/slc6_amd64_gcc481/cms/cmssw/CMSSW_7_2_2/bin/slc6_amd64_gcc481/cmsRun
ok executable found
>>> info for dashboard:
***** Cat /var/lib/condor/execute/dir_31796/glide_JHUcqZ/execute/dir_7976/jobreport.txt *****
MonitorJobID=1_https://vocms20.cern.ch//150224//1939922.0
MonitorID=ksung_crab_0_150224_155200_27i5ao
ExeStart=cmsRun
***** End Cat jobreport *****
Parameters sent to Dashboard.
>>> cmsRun started at Tue Feb 24 14:57:28 UTC 2015
>>> cmsRun ended at Tue Feb 24 15:10:02 UTC 2015
>>> crab_fjr_*.xml  permission set to 0704
>>> info for dashboard:
***** Cat /var/lib/condor/execute/dir_31796/glide_JHUcqZ/execute/dir_7976/jobreport.txt *****
MonitorJobID=1_https://vocms20.cern.ch//150224//1939922.0
MonitorID=ksung_crab_0_150224_155200_27i5ao
ExeEnd=cmsRun
***** End Cat jobreport *****
Parameters sent to Dashboard.
TIME_EXE = 754 sec
>>> cmsRun wrote 36 lines of stdout+stderr
>>> START OF printout of 36 lines from stdout+stderr
24-Feb-2015 08:58:25 CST  Initiating request to open file /mnt/hadoop/user/uscms01/pnfs/unl.edu/data4/cms/store/mc/Phys14DR/GluGluToHToGG_M-125_13TeV-powheg-pythia6/AODSIM/PU20bx25_tsg_PHYS14_25_V1-v1/00000/62584F80-3870-E411-9260-7845C4FC3B57.root
24-Feb-2015 08:58:30 CST  Successfully opened file /mnt/hadoop/user/uscms01/pnfs/unl.edu/data4/cms/store/mc/Phys14DR/GluGluToHToGG_M-125_13TeV-powheg-pythia6/AODSIM/PU20bx25_tsg_PHYS14_25_V1-v1/00000/62584F80-3870-E411-9260-7845C4FC3B57.root

Watch modules:     
Ignore modules:    PhotonConversionTrajectorySeedProducerFromSingleLeg:photonConvTrajSeedFromSingleLeg, SeedGeneratorFromRegionHitsEDProducer:regionalCosmicTrackerSeeds, 
Ignore categories: 
Watch categories:  TooManyClusters, 
Begin processing the 1st record. Run 1, Event 1, LumiSection 1 at 24-Feb-2015 08:59:06.691 CST
Begin processing the 1001st record. Run 1, Event 1401, LumiSection 15 at 24-Feb-2015 09:00:29.956 CST
Begin processing the 2001st record. Run 1, Event 14701, LumiSection 148 at 24-Feb-2015 09:01:28.934 CST
Begin processing the 3001st record. Run 1, Event 12001, LumiSection 121 at 24-Feb-2015 09:02:32.516 CST
Begin processing the 4001st record. Run 1, Event 37501, LumiSection 376 at 24-Feb-2015 09:03:34.921 CST
Begin processing the 5001st record. Run 1, Event 19401, LumiSection 195 at 24-Feb-2015 09:04:39.749 CST
Begin processing the 6001st record. Run 1, Event 22101, LumiSection 222 at 24-Feb-2015 09:05:46.917 CST
Begin processing the 7001st record. Run 1, Event 33201, LumiSection 333 at 24-Feb-2015 09:06:46.796 CST
Begin processing the 8001st record. Run 1, Event 47801, LumiSection 479 at 24-Feb-2015 09:07:54.431 CST
Begin processing the 9001st record. Run 1, Event 55701, LumiSection 558 at 24-Feb-2015 09:08:58.645 CST
24-Feb-2015 09:10:01 CST  Closed file /mnt/hadoop/user/uscms01/pnfs/unl.edu/data4/cms/store/mc/Phys14DR/GluGluToHToGG_M-125_13TeV-powheg-pythia6/AODSIM/PU20bx25_tsg_PHYS14_25_V1-v1/00000/62584F80-3870-E411-9260-7845C4FC3B57.root

=============================================

MessageLogger Summary

 type     category        sev    module        subroutine        count    total
 ---- -------------------- -- ---------------- ----------------  -----    -----
    1 fileAction           -s file_close                             1        1
    2 fileAction           -s file_open                              2        2

 type    category    Examples: run/evt        run/evt          run/evt
 ---- -------------------- ---------------- ---------------- ----------------
    1 fileAction           PostEndRun                        
    2 fileAction           pre-events       pre-events       

Severity    # Occurrences   Total Occurrences
--------    -------------   -----------------
System                  3                   3
>>> END OF printout of 36 lines from stdout+stderr
>>> Parse FrameworkJobReport crab_fjr.xml
Result of parsing the FrameworkJobReport crab_fjr.xml: Popularity start
lumisRange : 1::1-3,13-18,22-23,27,73-75,103-108,121-123,126,133-134,148-153,181-182,184-185,193-195,199-201,208-210,214-215,220-222,232-233,238-239,246,249,289-291,298-300,319,322-324,328-333,346,376-378,424-425,427,479-480,541-543,556-558,562-564,604-606,703,949-951,955-956::1;
lumisParentRange : 
Basename : /store/mc/Phys14DR/GluGluToHToGG_M-125_13TeV-powheg-pythia6/AODSIM/PU20bx25_tsg_PHYS14_25_V1-v1/00000/
BasenameParent : 
parentFiles : 
inputBlocks : /GluGluToHToGG_M-125_13TeV-powheg-pythia6/Phys14DR-PU20bx25_tsg_PHYS14_25_V1-v1/AODSIM#91eb697c-6ffb-11e4-9da5-003048f02d38
inputFiles : 62584F80-3870-E411-9260-7845C4FC3B57.root::1::EDM::Local::1;
Popularity stop
Extracted ExitStatus from FrameworkJobReport parsing output: 0
>>> Executable succeded  0
ExeExitCode=0
EXECUTABLE_EXIT_STATUS = 0
>>> current directory /var/lib/condor/execute/dir_31796/glide_JHUcqZ/execute/dir_7976/cms_pi0Dov5EfzzZ/CMSSW_7_2_2_patch1
>>>  (SOFTWARE_DIR): /var/lib/condor/execute/dir_31796/glide_JHUcqZ/execute/dir_7976/cms_pi0Dov5EfzzZ/CMSSW_7_2_2_patch1
>>> (WORKING_DIR): /var/lib/condor/execute/dir_31796/glide_JHUcqZ/execute/dir_7976/cms_pi0Dov5EfzzZ
>>> current directory content:
total 7164
drwxr-xr-x. 3 uscmsPool3803 cmsuser    4096 Feb 24 08:57 .SCRAM
-rw-------. 1 uscmsPool3803 cmsuser  325359 Feb 24 08:57 CMSSW.py.pkl
-rw-------. 1 uscmsPool3803 cmsuser 6590233 Feb 24 09:10 Output.root
drwxr-xr-x. 3 uscmsPool3803 cmsuser    4096 Feb 24 08:57 biglib
drwxr-xr-x. 3 uscmsPool3803 cmsuser    4096 Feb 24 08:57 bin
drwxr-xr-x. 3 uscmsPool3803 cmsuser    4096 Feb 24 08:57 cfipython
drwxr-xr-x. 4 uscmsPool3803 cmsuser    4096 Nov 20 08:37 config
-rw-------. 1 uscmsPool3803 cmsuser      17 Feb 24 09:10 cpu_timing.txt
drwxr-xr-x. 2 uscmsPool3803 cmsuser    4096 Feb 24 08:57 doc
-rw-------. 1 uscmsPool3803 cmsuser    2802 Feb 24 09:10 executable.out
drwxr-xr-x. 2 uscmsPool3803 cmsuser    4096 Feb 24 08:57 include
drwx------. 3 uscmsPool3803 cmsuser    4096 Jan 23 06:33 lib
drwxr-xr-x. 3 uscmsPool3803 cmsuser    4096 Feb 24 08:57 logs
drwxr-xr-x. 3 uscmsPool3803 cmsuser    4096 Feb 24 08:57 objs
-rw-------. 1 uscmsPool3803 cmsuser     104 Feb 24 08:57 pset.py
-rw-------. 1 uscmsPool3803 cmsuser  333028 Feb 24 08:57 pset.py.pkl
-rw-------. 1 uscmsPool3803 cmsuser     289 Feb 24 08:57 pset.pyc
drwxr-xr-x. 2 uscmsPool3803 cmsuser    4096 Feb 24 08:57 python
-rw-------. 1 uscmsPool3803 cmsuser     377 Feb 24 09:10 report.log
drwx------. 4 uscmsPool3803 cmsuser    4096 Feb 24 08:57 src
drwxr-xr-x. 3 uscmsPool3803 cmsuser    4096 Feb 24 08:57 test
drwxr-xr-x. 3 uscmsPool3803 cmsuser    4096 Feb 24 08:57 tmp
>>> current directory /var/lib/condor/execute/dir_31796/glide_JHUcqZ/execute/dir_7976/cms_pi0Dov5EfzzZ/CMSSW_7_2_2_patch1
>>> (SOFTWARE_DIR): /var/lib/condor/execute/dir_31796/glide_JHUcqZ/execute/dir_7976/cms_pi0Dov5EfzzZ/CMSSW_7_2_2_patch1
>>> (WORKING_DIR): /var/lib/condor/execute/dir_31796/glide_JHUcqZ/execute/dir_7976/cms_pi0Dov5EfzzZ
>>> current directory content:
total 7164
drwxr-xr-x. 3 uscmsPool3803 cmsuser    4096 Feb 24 08:57 .SCRAM
-rw-------. 1 uscmsPool3803 cmsuser  325359 Feb 24 08:57 CMSSW.py.pkl
-rw-------. 1 uscmsPool3803 cmsuser 6590233 Feb 24 09:10 Output_1_1_3QN.root
drwxr-xr-x. 3 uscmsPool3803 cmsuser    4096 Feb 24 08:57 biglib
drwxr-xr-x. 3 uscmsPool3803 cmsuser    4096 Feb 24 08:57 bin
drwxr-xr-x. 3 uscmsPool3803 cmsuser    4096 Feb 24 08:57 cfipython
drwxr-xr-x. 4 uscmsPool3803 cmsuser    4096 Nov 20 08:37 config
-rw-------. 1 uscmsPool3803 cmsuser      17 Feb 24 09:10 cpu_timing.txt
drwxr-xr-x. 2 uscmsPool3803 cmsuser    4096 Feb 24 08:57 doc
-rw-------. 1 uscmsPool3803 cmsuser    2802 Feb 24 09:10 executable.out
drwxr-xr-x. 2 uscmsPool3803 cmsuser    4096 Feb 24 08:57 include
drwx------. 3 uscmsPool3803 cmsuser    4096 Jan 23 06:33 lib
drwxr-xr-x. 3 uscmsPool3803 cmsuser    4096 Feb 24 08:57 logs
drwxr-xr-x. 3 uscmsPool3803 cmsuser    4096 Feb 24 08:57 objs
-rw-------. 1 uscmsPool3803 cmsuser     104 Feb 24 08:57 pset.py
-rw-------. 1 uscmsPool3803 cmsuser  333028 Feb 24 08:57 pset.py.pkl
-rw-------. 1 uscmsPool3803 cmsuser     289 Feb 24 08:57 pset.pyc
drwxr-xr-x. 2 uscmsPool3803 cmsuser    4096 Feb 24 08:57 python
-rw-------. 1 uscmsPool3803 cmsuser     377 Feb 24 09:10 report.log
drwx------. 4 uscmsPool3803 cmsuser    4096 Feb 24 08:57 src
drwxr-xr-x. 3 uscmsPool3803 cmsuser    4096 Feb 24 08:57 test
drwxr-xr-x. 3 uscmsPool3803 cmsuser    4096 Feb 24 08:57 tmp
>>> current directory (RUNTIME_AREA):  /var/lib/condor/execute/dir_31796/glide_JHUcqZ/execute/dir_7976
PNN = srm-eoscms.cern.ch
SE = srm-eoscms.cern.ch
SE_PATH = /srm/v2/server?SFN=/eos/cms/store//user/ksung/production/phys14test/Phys14-PU20bx25_GluGluToHToGG_M-125/
LFNBaseName = /user/ksung/production/phys14test/Phys14-PU20bx25_GluGluToHToGG_M-125/
USER = ksung
endpoint = srm://srm-eoscms.cern.ch:8443/srm/v2/server?SFN=/eos/cms/store//user/ksung/production/phys14test/Phys14-PU20bx25_GluGluToHToGG_M-125/
>>> Copy output files from WN = red-d16n16.unl.edu to /srm/v2/server?SFN=/eos/cms/store//user/ksung/production/phys14test/Phys14-PU20bx25_GluGluToHToGG_M-125/ :
python cmscp.py  --destination srm://srm-eoscms.cern.ch:8443/srm/v2/server?SFN=/eos/cms/store//user/ksung/production/phys14test/Phys14-PU20bx25_GluGluToHToGG_M-125/ --inputFileList /var/lib/condor/execute/dir_31796/glide_JHUcqZ/execute/dir_7976/cms_pi0Dov5EfzzZ/CMSSW_7_2_2_patch1/Output_1_1_3QN.root --middleware OSG --PNN srm-eoscms.cern.ch --se_name srm-eoscms.cern.ch --for_lfn /user/ksung/production/phys14test/Phys14-PU20bx25_GluGluToHToGG_M-125/    
******************************************************
localSeName  =  srm.unl.edu
remoteSeName =  srm-eoscms.cern.ch
******************************************************
{"/var/lib/condor/execute/dir_31796/glide_JHUcqZ/execute/dir_7976/cms_pi0Dov5EfzzZ/CMSSW_7_2_2_patch1/Output_1_1_3QN.root": {"endpoint": "srm://srm-eoscms.cern.ch:8443/srm/v2/server?SFN=/eos/cms/store//user/ksung/production/phys14test/Phys14-PU20bx25_GluGluToHToGG_M-125/", "surl_for_grid": "", "reason": "Copy succedeed with srm-lcg utils", "erCode": "0", "PNN": "srm-eoscms.cern.ch", "se_name": "srm-eoscms.cern.ch", "for_lfn": "/user/ksung/production/phys14test/Phys14-PU20bx25_GluGluToHToGG_M-125/"}}/var/lib/condor/execute/dir_31796/glide_JHUcqZ/execute/dir_7976
-------- cat /var/lib/condor/execute/dir_31796/glide_JHUcqZ/execute/dir_7976/cmscpReport.sh 
#!/bin/bash
echo "Report for File: /var/lib/condor/execute/dir_31796/glide_JHUcqZ/execute/dir_7976/cms_pi0Dov5EfzzZ/CMSSW_7_2_2_patch1/Output_1_1_3QN.root"
echo "LFN: /user/ksung/production/phys14test/Phys14-PU20bx25_GluGluToHToGG_M-125/Output_1_1_3QN.root"
echo "StorageElement: srm-eoscms.cern.ch"
echo "StageOutExitStatusReason = 'Copy succedeed with srm-lcg utils'" | tee -a $RUNTIME_AREA/$repo
echo "StageOutSE = srm-eoscms.cern.ch" >> $RUNTIME_AREA/$repo

export StageOutExitStatus=0
echo "StageOutExitStatus = 0" | tee -a $RUNTIME_AREA/$repo
-------- end of /var/lib/condor/execute/dir_31796/glide_JHUcqZ/execute/dir_7976/cmscpReport.sh 
Report for File: /var/lib/condor/execute/dir_31796/glide_JHUcqZ/execute/dir_7976/cms_pi0Dov5EfzzZ/CMSSW_7_2_2_patch1/Output_1_1_3QN.root
LFN: /user/ksung/production/phys14test/Phys14-PU20bx25_GluGluToHToGG_M-125/Output_1_1_3QN.root
StorageElement: srm-eoscms.cern.ch
StageOutExitStatusReason = 'Copy succedeed with srm-lcg utils'
StageOutExitStatus = 0
>>> current dir: /var/lib/condor/execute/dir_31796/glide_JHUcqZ/execute/dir_7976
>>> current dir content:
total 6088
-rw-------. 1 uscmsPool3803 cmsuser    2426 Feb 24 09:11 .SEinteraction.log
-rwx------. 1 uscmsPool3803 cmsuser      53 Feb 24 08:56 .chirp.config
-rwx------. 1 uscmsPool3803 cmsuser    8138 Feb 24 08:56 .job.ad
-rwx------. 1 uscmsPool3803 cmsuser    9678 Feb 24 08:56 .machine.ad
-rw-------. 1 uscmsPool3803 cmsuser     105 Feb 24 08:52 CMSSW.py
-rw-------. 1 uscmsPool3803 cmsuser  325359 Feb 24 08:52 CMSSW.py.pkl
-rwx------. 1 uscmsPool3803 cmsuser   29379 Feb 24 08:56 CMSSW.sh
-rw-------. 1 uscmsPool3803 cmsuser     212 Feb 24 08:57 CacheEnv.sh
-rw-------. 1 uscmsPool3803 cmsuser    7291 Nov 19 08:52 DashboardAPI.py
-rw-------. 1 uscmsPool3803 cmsuser    6575 Feb 24 08:57 DashboardAPI.pyc
drwx------. 2 uscmsPool3803 cmsuser    4096 Feb 24 09:10 IMProv
-rw-------. 1 uscmsPool3803 cmsuser    2748 Nov 19 08:52 Logger.py
-rw-------. 1 uscmsPool3803 cmsuser    3267 Feb 24 08:57 Logger.pyc
lrwxrwxrwx. 1 uscmsPool3803 cmsuser     119 Feb 24 09:10 Output.root -> /var/lib/condor/execute/dir_31796/glide_JHUcqZ/execute/dir_7976/cms_pi0Dov5EfzzZ/CMSSW_7_2_2_patch1/Output_1_1_3QN.root
-rw-------. 1 uscmsPool3803 cmsuser   24524 Nov 19 08:52 ProcInfo.py
-rw-------. 1 uscmsPool3803 cmsuser   22813 Feb 24 08:57 ProcInfo.pyc
drwx------. 7 uscmsPool3803 cmsuser    4096 Feb 24 08:57 ProdCommon
drwx------. 3 uscmsPool3803 cmsuser    4096 Feb 24 08:57 WMCore
-rw-------. 1 uscmsPool3803 cmsuser    3268 Feb 24 09:11 Watchdog_1.log
-rwx------. 1 uscmsPool3803 cmsuser       0 Feb 24 08:56 _condor_stderr
-rwx---r--. 1 uscmsPool3803 cmsuser   20299 Feb 24 09:11 _condor_stdout
-rw-------. 1 uscmsPool3803 cmsuser   32895 Nov 19 08:52 apmon.py
-rw-------. 1 uscmsPool3803 cmsuser   28161 Feb 24 08:57 apmon.pyc
-rwx------. 1 uscmsPool3803 cmsuser    5161 Feb 24 08:56 arguments.xml
-rwx------. 1 uscmsPool3803 cmsuser  179474 Nov 20 04:11 cmsRun
drwx------. 3 uscmsPool3803 cmsuser    4096 Feb 24 08:57 cms_pi0Dov5EfzzZ
-rwx------. 1 uscmsPool3803 cmsuser   38581 Nov 19 08:52 cmscp.py
-rw-------. 1 uscmsPool3803 cmsuser     549 Feb 24 09:11 cmscpReport.sh
-rwx------. 1 uscmsPool3803 cmsuser   29379 Feb 24 08:56 condor_exec.exe
-rw-------. 1 uscmsPool3803 cmsuser     500 Feb 24 08:52 crab.cfg
-rwx------. 1 uscmsPool3803 cmsuser    8610 Nov 19 08:52 crabWatchdog.sh
-rwx---r--. 1 uscmsPool3803 cmsuser   45713 Feb 24 09:10 crab_fjr_1.xml
-rwx------. 1 uscmsPool3803 cmsuser 5246937 Feb 24 08:56 default.tgz
-rwx------. 1 uscmsPool3803 cmsuser    4488 Nov 19 08:52 fillCrabFjr.py
-rw-------. 1 uscmsPool3803 cmsuser     316 Feb 24 08:57 inputsReport.txt
-rw-------. 1 uscmsPool3803 cmsuser     246 Feb 24 09:11 jobreport.txt
-rw-------. 1 uscmsPool3803 cmsuser   17352 Nov 19 08:52 parseCrabFjr.py
-rw-------. 1 uscmsPool3803 cmsuser     320 Feb 24 08:57 report.log
-rwx--x--x. 1 uscmsPool3803 cmsuser    1497 Nov 19 08:52 report.py
-rw-------. 1 uscmsPool3803 cmsuser     504 Feb 24 09:11 resultCopyFile
-rwx------. 1 uscmsPool3803 cmsuser    8351 Nov 19 08:52 writeCfg.py
-rw-------. 1 uscmsPool3803 cmsuser   10423 Feb 24 08:56 x509up_u25312
>>> Modify Job Report:
CMSSW_VERSION = CMSSW_7_2_2_patch1
/var/lib/condor/execute/dir_31796/glide_JHUcqZ/execute/dir_7976/ProdCommon/FwkJobRep/ModifyJobReport.py fjr /var/lib/condor/execute/dir_31796/glide_JHUcqZ/execute/dir_7976/crab_fjr_1.xml json /var/lib/condor/execute/dir_31796/glide_JHUcqZ/execute/dir_7976/resultCopyFile n_job 1_1_3QN PrimaryDataset GluGluToHToGG_M-125_13TeV-powheg-pythia6  ApplicationFamily cmsRun ApplicationName cmsRun cmssw_version CMSSW_7_2_2_patch1 psethash ec23393b42b69e4f7dd15845da1dabca
inputDict =  {u'/var/lib/condor/execute/dir_31796/glide_JHUcqZ/execute/dir_7976/cms_pi0Dov5EfzzZ/CMSSW_7_2_2_patch1/Output_1_1_3QN.root': {u'endpoint': u'srm://srm-eoscms.cern.ch:8443/srm/v2/server?SFN=/eos/cms/store//user/ksung/production/phys14test/Phys14-PU20bx25_GluGluToHToGG_M-125/', u'surl_for_grid': u'', u'reason': u'Copy succedeed with srm-lcg utils', u'erCode': u'0', u'PNN': u'srm-eoscms.cern.ch', u'se_name': u'srm-eoscms.cern.ch', u'for_lfn': u'/user/ksung/production/phys14test/Phys14-PU20bx25_GluGluToHToGG_M-125/'}}
UserProcessedDataset =  
Warninig: no EDM_output file or NO_EDM_output to modify in the fjr
Adding a no EDM_output file
>>> crab_fjr_*.xml  permission set to 0704
CrabWrapper EXIT_FUNC entered at Tue Feb 24 09:11:06 CST 2015   -  Tue Feb 24 15:11:06 UTC 2015
Checking output files:  
will tar file crab_fjr_1.xml in  out_files_1
WARNING: output file CMSSW_1.stdout not found!
WARNING: output file CMSSW_1.stderr not found!
WARNING: output file Watchdog_1.log.gz not found!
>>> working dir = /var/lib/condor/execute/dir_31796/glide_JHUcqZ/execute/dir_7976/cms_pi0Dov5EfzzZ
>>> current directory (RUNTIME_AREA): /var/lib/condor/execute/dir_31796/glide_JHUcqZ/execute/dir_7976
>>> Remove working directory: /var/lib/condor/execute/dir_31796/glide_JHUcqZ/execute/dir_7976/cms_pi0Dov5EfzzZ
/var/lib/condor/execute/dir_31796/glide_JHUcqZ/execute/dir_7976/condor_exec.exe: line 156: symlinks: command not found
>>> padding time: Wrapper lasting more than 600 seconds. No sleep required.
STOPPING WATCHDOG. CrabWatchdog PID is 8216
********** LAST 50 LINES OF WATCHDOG LOG
# RESOURCE USAGE SUMMARY FOR PROCESS ID  8007
USER       PID %CPU %MEM    VSZ   RSS TTY      STAT START   TIME COMMAND
3267      8007  0.9  0.0  22480  1812 ?        SN   08:56   0:00 /bin/sh /var/lib/condor/execute/dir_31796/glide_JHUcqZ/execute/dir_7976/condor_exec.exe 1 1
 
# LIMITS USED BY CRAB WATCHDOG:
# RSS  (KBytes)   : 2300000
# VSZ  (KBytes)   : 100000000
# DISK (MBytes)   : 19000
# CPU TIME        : 720h:0m:0s
# WALL CLOCK TIME : 21h:50m:0s
 
# FOLLOWING PRINTOUT TRACKS MAXIMUM VALUES OF RESOURCES USE
# ONE LINE IS PRINTED EACH TIME A MAXIMUM CHANGES
# IF CHANGE WAS IN RSS OR VSZ ALSO PROCID AND COMMAND ARE PRINTED
# THERE IS NO PRINTOUT FOR CPU/WALL TIME INCREASE
 
# TIME			PID	RSS(KB)	VSZ(KB)	Dsk(MB)	tCPU(s)	tWALL(s)	COMMAND
 Feb 24 08:57:20 CST	4705	1572	22356	0	0	1	/bin/bash /var/lib/condor/execute/dir_31796/glide_JHUcqZ/main/condor_startup.sh glidein_config        
 Feb 24 08:57:20 CST	5503	8536	104476	0	0	1	/var/lib/condor/execute/dir_31796/glide_JHUcqZ/main/condor/sbin/condor_master -f -pidfile /var/lib/condor/execute/dir_31796/glide_JHUcqZ/condor_master2.pid       
 Feb 24 08:57:20 CST	5561	9292	105148	0	0	1	condor_startd -f         
 Feb 24 08:57:20 CST	8232	23416	105148	0	0	2	edmConfigHash pset.py         
 Feb 24 08:57:20 CST	---	23416	105148	17	----	----	----
 Feb 24 08:58:23 CST	8556	243844	414192	17	20	65	cmsRun -j /var/lib/condor/execute/dir_31796/glide_JHUcqZ/execute/dir_7976/crab_fjr_1.xml -p pset.py      
 Feb 24 08:59:25 CST	8556	555552	818056	17	40	128	cmsRun -j /var/lib/condor/execute/dir_31796/glide_JHUcqZ/execute/dir_7976/crab_fjr_1.xml -p pset.py      
 Feb 24 09:00:28 CST	8556	650156	902024	17	93	191	cmsRun -j /var/lib/condor/execute/dir_31796/glide_JHUcqZ/execute/dir_7976/crab_fjr_1.xml -p pset.py      
 Feb 24 09:01:32 CST	8556	655588	906120	17	148	255	cmsRun -j /var/lib/condor/execute/dir_31796/glide_JHUcqZ/execute/dir_7976/crab_fjr_1.xml -p pset.py      
 Feb 24 09:01:32 CST	---	655588	906120	18	----	----	----
 Feb 24 09:02:36 CST	8556	656788	906120	18	199	318	cmsRun -j /var/lib/condor/execute/dir_31796/glide_JHUcqZ/execute/dir_7976/crab_fjr_1.xml -p pset.py      
 Feb 24 09:03:38 CST	8556	658684	906120	18	251	381	cmsRun -j /var/lib/condor/execute/dir_31796/glide_JHUcqZ/execute/dir_7976/crab_fjr_1.xml -p pset.py      
 Feb 24 09:03:38 CST	---	658684	906120	19	----	----	----
 Feb 24 09:04:42 CST	8556	658896	906120	19	301	444	cmsRun -j /var/lib/condor/execute/dir_31796/glide_JHUcqZ/execute/dir_7976/crab_fjr_1.xml -p pset.py      
 Feb 24 09:04:42 CST	---	658896	906120	20	----	----	----
 Feb 24 09:05:45 CST	8556	659240	906120	20	349	507	cmsRun -j /var/lib/condor/execute/dir_31796/glide_JHUcqZ/execute/dir_7976/crab_fjr_1.xml -p pset.py      
 Feb 24 09:06:47 CST	8556	659364	910216	20	403	569	cmsRun -j /var/lib/condor/execute/dir_31796/glide_JHUcqZ/execute/dir_7976/crab_fjr_1.xml -p pset.py      
 Feb 24 09:06:47 CST	---	659364	910216	21	----	----	----
 Feb 24 09:07:50 CST	8556	659564	910216	21	453	632	cmsRun -j /var/lib/condor/execute/dir_31796/glide_JHUcqZ/execute/dir_7976/crab_fjr_1.xml -p pset.py      
 Feb 24 09:08:52 CST	---	659564	910216	22	----	----	----
 Feb 24 09:09:56 CST	---	659564	910216	23	----	----	----
 Feb 24 09:10:58 CST	---	659564	910216	24	----	----	----
********** WATCHDOG LOG ENDED
ZIPPING WATCHDOG LOG
Disk space used:
du -sh /var/lib/condor/execute/dir_31796/glide_JHUcqZ/execute/dir_7976
7.4M	/var/lib/condor/execute/dir_31796/glide_JHUcqZ/execute/dir_7976
Found unusual stdout, rename for OSB
`/var/lib/condor/execute/dir_31796/glide_JHUcqZ/execute/dir_7976/_condor_stdout' -> `CMSSW_1.stdout'
Found unusual stderr, rename for OSB
`/var/lib/condor/execute/dir_31796/glide_JHUcqZ/execute/dir_7976/_condor_stdout' -> `CMSSW_1.stderr'
crab_fjr_1.xml
CMSSW_1.stdout
CMSSW_1.stderr
Watchdog_1.log.gz
Total Output dimension: 13985
WARNING: output files size limit is set to: 50000000
Total Output dimension 13985 is fine.
JOB_EXIT_STATUS = 0
>>> info for dashboard:
***** Cat /var/lib/condor/execute/dir_31796/glide_JHUcqZ/execute/dir_7976/jobreport.txt *****
MonitorJobID=1_https://vocms20.cern.ch//150224//1939922.0
MonitorID=ksung_crab_0_150224_155200_27i5ao
ExeTime=754
ExeExitCode=0
StageOutExitStatusReason = 'Copy succedeed with srm-lcg utils'
StageOutSE = srm-eoscms.cern.ch
StageOutExitStatus = 0
CrabUserCpuTime=540.21
CrabSysCpuTime=22.35
CrabCpuPercentage=74%
CrabWrapperTime=846
CrabStageoutTime=52
JobExitCode=0
***** End Cat jobreport *****
Parameters sent to Dashboard.
EXITING at Tue Feb 24 09:11:09 CST 2015  -  Tue Feb 24 15:11:09 UTC 2015
